Nov 12, 2015 2:56:26 PM org.apache.coyote.http11.Http11BaseProtocol pause
INFO: Pausing Coyote HTTP/1.1 on http-11413
Nov 12, 2015 2:56:27 PM org.apache.catalina.core.StandardService stop
INFO: Stopping service Catalina
Nov 12, 2015 2:56:27 PM org.apache.catalina.connector.MapperListener destroy
WARNING: Error unregistering MBeanServerDelegate
java.lang.NullPointerException
	at org.apache.catalina.connector.MapperListener.destroy(MapperListener.java:161)
	at org.apache.catalina.connector.Connector.stop(Connector.java:1137)
	at org.apache.catalina.core.StandardService.stop(StandardService.java:521)
	at org.apache.catalina.core.StandardServer.stop(StandardServer.java:734)
	at org.apache.catalina.startup.Catalina.stop(Catalina.java:601)
	at org.apache.catalina.startup.Catalina.start(Catalina.java:576)
	at sun.reflect.NativeMethodAccessorImpl.invoke0(Native Method)
	at sun.reflect.NativeMethodAccessorImpl.invoke(NativeMethodAccessorImpl.java:57)
	at sun.reflect.DelegatingMethodAccessorImpl.invoke(DelegatingMethodAccessorImpl.java:43)
	at java.lang.reflect.Method.invoke(Method.java:606)
	at org.apache.catalina.startup.Bootstrap.start(Bootstrap.java:275)
	at org.apache.catalina.startup.Bootstrap.main(Bootstrap.java:413)

Nov 12, 2015 2:56:27 PM org.apache.coyote.http11.Http11BaseProtocol destroy
INFO: Stopping Coyote HTTP/1.1 on http-11413
Nov 12, 2015 2:56:27 PM org.apache.catalina.core.AprLifecycleListener lifecycleEvent
INFO: Failed shutdown of Apache Portable Runtime
Nov 12, 2015 2:56:31 PM org.apache.catalina.core.AprLifecycleListener lifecycleEvent
INFO: The Apache Tomcat Native library which allows optimal performance in production environments was not found on the java.library.path: /usr/java/packages/lib/amd64:/usr/lib64:/lib64:/lib:/usr/lib
Nov 12, 2015 2:56:31 PM org.apache.coyote.http11.Http11BaseProtocol init
INFO: Initializing Coyote HTTP/1.1 on http-11413
Nov 12, 2015 2:56:31 PM org.apache.catalina.startup.Catalina load
INFO: Initialization processed in 626 ms
Nov 12, 2015 2:56:31 PM org.apache.catalina.core.StandardService start
INFO: Starting service Catalina
Nov 12, 2015 2:56:31 PM org.apache.catalina.core.StandardEngine start
INFO: Starting Servlet Engine: Apache Tomcat/5.5.15
Nov 12, 2015 2:56:31 PM org.apache.catalina.core.StandardHost start
INFO: XML validation disabled
Nov 12, 2015 2:56:32 PM org.apache.coyote.http11.Http11BaseProtocol start
INFO: Starting Coyote HTTP/1.1 on http-11413
Nov 12, 2015 2:56:32 PM org.apache.catalina.storeconfig.StoreLoader load
INFO: Find registry server-registry.xml at classpath resource
Nov 12, 2015 2:56:32 PM org.apache.catalina.startup.Catalina start
INFO: Server startup in 1688 ms
