Nov 05, 2015 3:36:23 PM org.apache.coyote.http11.Http11BaseProtocol pause
INFO: Pausing Coyote HTTP/1.1 on http-11413
Nov 05, 2015 3:36:24 PM org.apache.catalina.core.StandardService stop
INFO: Stopping service Catalina
Nov 05, 2015 3:36:24 PM org.apache.coyote.http11.Http11BaseProtocol destroy
INFO: Stopping Coyote HTTP/1.1 on http-11413
Nov 05, 2015 3:36:24 PM org.apache.catalina.core.AprLifecycleListener lifecycleEvent
INFO: Failed shutdown of Apache Portable Runtime
Nov 05, 2015 3:36:28 PM org.apache.catalina.core.AprLifecycleListener lifecycleEvent
INFO: The Apache Tomcat Native library which allows optimal performance in production environments was not found on the java.library.path: /usr/java/packages/lib/amd64:/usr/lib64:/lib64:/lib:/usr/lib
Nov 05, 2015 3:36:28 PM org.apache.coyote.http11.Http11BaseProtocol init
INFO: Initializing Coyote HTTP/1.1 on http-11413
Nov 05, 2015 3:36:28 PM org.apache.catalina.startup.Catalina load
INFO: Initialization processed in 916 ms
Nov 05, 2015 3:36:29 PM org.apache.catalina.core.StandardService start
INFO: Starting service Catalina
Nov 05, 2015 3:36:29 PM org.apache.catalina.core.StandardEngine start
INFO: Starting Servlet Engine: Apache Tomcat/5.5.15
Nov 05, 2015 3:36:29 PM org.apache.catalina.core.StandardHost start
INFO: XML validation disabled
Nov 05, 2015 3:36:31 PM org.apache.coyote.http11.Http11BaseProtocol start
INFO: Starting Coyote HTTP/1.1 on http-11413
Nov 05, 2015 3:36:31 PM org.apache.catalina.storeconfig.StoreLoader load
INFO: Find registry server-registry.xml at classpath resource
Nov 05, 2015 3:36:31 PM org.apache.catalina.startup.Catalina start
INFO: Server startup in 2536 ms
Nov 05, 2015 3:42:47 PM org.apache.coyote.http11.Http11BaseProtocol pause
INFO: Pausing Coyote HTTP/1.1 on http-11413
Nov 05, 2015 3:42:48 PM org.apache.catalina.core.StandardService stop
INFO: Stopping service Catalina
Nov 05, 2015 3:42:49 PM org.apache.coyote.http11.Http11BaseProtocol destroy
INFO: Stopping Coyote HTTP/1.1 on http-11413
Nov 05, 2015 3:42:49 PM org.apache.catalina.core.AprLifecycleListener lifecycleEvent
INFO: Failed shutdown of Apache Portable Runtime
Nov 05, 2015 3:42:52 PM org.apache.catalina.core.AprLifecycleListener lifecycleEvent
INFO: The Apache Tomcat Native library which allows optimal performance in production environments was not found on the java.library.path: /usr/java/packages/lib/amd64:/usr/lib64:/lib64:/lib:/usr/lib
Nov 05, 2015 3:42:52 PM org.apache.coyote.http11.Http11BaseProtocol init
INFO: Initializing Coyote HTTP/1.1 on http-11413
Nov 05, 2015 3:42:52 PM org.apache.catalina.startup.Catalina load
INFO: Initialization processed in 901 ms
Nov 05, 2015 3:42:52 PM org.apache.catalina.core.StandardService start
INFO: Starting service Catalina
Nov 05, 2015 3:42:52 PM org.apache.catalina.core.StandardEngine start
INFO: Starting Servlet Engine: Apache Tomcat/5.5.15
Nov 05, 2015 3:42:52 PM org.apache.catalina.core.StandardHost start
INFO: XML validation disabled
Nov 05, 2015 3:42:52 PM org.apache.catalina.core.StandardContext resourcesStart
SEVERE: Error starting static Resources
java.lang.IllegalArgumentException: Document base /home/ugrad/chojoe/CS460/pa1/apache-tomcat-5.5.15/webapps/photoshare does not exist or is not a readable directory
	at org.apache.naming.resources.FileDirContext.setDocBase(FileDirContext.java:140)
	at org.apache.catalina.core.StandardContext.resourcesStart(StandardContext.java:3812)
	at org.apache.catalina.core.StandardContext.start(StandardContext.java:3983)
	at org.apache.catalina.core.ContainerBase.addChildInternal(ContainerBase.java:759)
	at org.apache.catalina.core.ContainerBase.addChild(ContainerBase.java:739)
	at org.apache.catalina.core.StandardHost.addChild(StandardHost.java:524)
	at org.apache.catalina.startup.HostConfig.deployDescriptor(HostConfig.java:603)
	at org.apache.catalina.startup.HostConfig.deployDescriptors(HostConfig.java:535)
	at org.apache.catalina.startup.HostConfig.deployApps(HostConfig.java:470)
	at org.apache.catalina.startup.HostConfig.start(HostConfig.java:1118)
	at org.apache.catalina.startup.HostConfig.lifecycleEvent(HostConfig.java:310)
	at org.apache.catalina.util.LifecycleSupport.fireLifecycleEvent(LifecycleSupport.java:119)
	at org.apache.catalina.core.ContainerBase.start(ContainerBase.java:1020)
	at org.apache.catalina.core.StandardHost.start(StandardHost.java:718)
	at org.apache.catalina.core.ContainerBase.start(ContainerBase.java:1012)
	at org.apache.catalina.core.StandardEngine.start(StandardEngine.java:442)
	at org.apache.catalina.core.StandardService.start(StandardService.java:450)
	at org.apache.catalina.core.StandardServer.start(StandardServer.java:700)
	at org.apache.catalina.startup.Catalina.start(Catalina.java:551)
	at sun.reflect.NativeMethodAccessorImpl.invoke0(Native Method)
	at sun.reflect.NativeMethodAccessorImpl.invoke(NativeMethodAccessorImpl.java:57)
	at sun.reflect.DelegatingMethodAccessorImpl.invoke(DelegatingMethodAccessorImpl.java:43)
	at java.lang.reflect.Method.invoke(Method.java:606)
	at org.apache.catalina.startup.Bootstrap.start(Bootstrap.java:275)
	at org.apache.catalina.startup.Bootstrap.main(Bootstrap.java:413)

Nov 05, 2015 3:42:52 PM org.apache.catalina.core.StandardContext start
SEVERE: Error in resourceStart()
Nov 05, 2015 3:42:52 PM org.apache.catalina.core.StandardContext start
SEVERE: Error getConfigured
Nov 05, 2015 3:42:52 PM org.apache.catalina.core.StandardContext start
SEVERE: Context [/photoshare] startup failed due to previous errors
Nov 05, 2015 3:42:52 PM org.apache.catalina.core.StandardContext stop
INFO: Container org.apache.catalina.core.ContainerBase.[Catalina].[localhost].[/photoshare] has not been started
Nov 05, 2015 3:42:53 PM org.apache.coyote.http11.Http11BaseProtocol start
INFO: Starting Coyote HTTP/1.1 on http-11413
Nov 05, 2015 3:42:53 PM org.apache.catalina.storeconfig.StoreLoader load
INFO: Find registry server-registry.xml at classpath resource
Nov 05, 2015 3:42:53 PM org.apache.catalina.startup.Catalina start
INFO: Server startup in 1322 ms
Nov 05, 2015 3:44:27 PM org.apache.coyote.http11.Http11BaseProtocol pause
INFO: Pausing Coyote HTTP/1.1 on http-11413
Nov 05, 2015 3:44:28 PM org.apache.catalina.core.StandardService stop
INFO: Stopping service Catalina
Nov 05, 2015 3:44:28 PM org.apache.coyote.http11.Http11BaseProtocol destroy
INFO: Stopping Coyote HTTP/1.1 on http-11413
Nov 05, 2015 3:44:28 PM org.apache.catalina.core.AprLifecycleListener lifecycleEvent
INFO: Failed shutdown of Apache Portable Runtime
Nov 05, 2015 3:44:32 PM org.apache.catalina.core.AprLifecycleListener lifecycleEvent
INFO: The Apache Tomcat Native library which allows optimal performance in production environments was not found on the java.library.path: /usr/java/packages/lib/amd64:/usr/lib64:/lib64:/lib:/usr/lib
Nov 05, 2015 3:44:32 PM org.apache.coyote.http11.Http11BaseProtocol init
INFO: Initializing Coyote HTTP/1.1 on http-11413
Nov 05, 2015 3:44:32 PM org.apache.catalina.startup.Catalina load
INFO: Initialization processed in 926 ms
Nov 05, 2015 3:44:32 PM org.apache.catalina.core.StandardService start
INFO: Starting service Catalina
Nov 05, 2015 3:44:32 PM org.apache.catalina.core.StandardEngine start
INFO: Starting Servlet Engine: Apache Tomcat/5.5.15
Nov 05, 2015 3:44:32 PM org.apache.catalina.core.StandardHost start
INFO: XML validation disabled
Nov 05, 2015 3:44:34 PM org.apache.coyote.http11.Http11BaseProtocol start
INFO: Starting Coyote HTTP/1.1 on http-11413
Nov 05, 2015 3:44:34 PM org.apache.catalina.storeconfig.StoreLoader load
INFO: Find registry server-registry.xml at classpath resource
Nov 05, 2015 3:44:34 PM org.apache.catalina.startup.Catalina start
INFO: Server startup in 1735 ms
Nov 05, 2015 3:45:46 PM org.apache.coyote.http11.Http11BaseProtocol pause
INFO: Pausing Coyote HTTP/1.1 on http-11413
Nov 05, 2015 3:45:47 PM org.apache.catalina.core.StandardService stop
INFO: Stopping service Catalina
Nov 05, 2015 3:45:47 PM org.apache.coyote.http11.Http11BaseProtocol destroy
INFO: Stopping Coyote HTTP/1.1 on http-11413
Nov 05, 2015 3:45:47 PM org.apache.catalina.core.AprLifecycleListener lifecycleEvent
INFO: Failed shutdown of Apache Portable Runtime
Nov 05, 2015 3:45:51 PM org.apache.catalina.core.AprLifecycleListener lifecycleEvent
INFO: The Apache Tomcat Native library which allows optimal performance in production environments was not found on the java.library.path: /usr/java/packages/lib/amd64:/usr/lib64:/lib64:/lib:/usr/lib
Nov 05, 2015 3:45:51 PM org.apache.coyote.http11.Http11BaseProtocol init
INFO: Initializing Coyote HTTP/1.1 on http-11413
Nov 05, 2015 3:45:51 PM org.apache.catalina.startup.Catalina load
INFO: Initialization processed in 940 ms
Nov 05, 2015 3:45:52 PM org.apache.catalina.core.StandardService start
INFO: Starting service Catalina
Nov 05, 2015 3:45:52 PM org.apache.catalina.core.StandardEngine start
INFO: Starting Servlet Engine: Apache Tomcat/5.5.15
Nov 05, 2015 3:45:52 PM org.apache.catalina.core.StandardHost start
INFO: XML validation disabled
Nov 05, 2015 3:45:53 PM org.apache.coyote.http11.Http11BaseProtocol start
INFO: Starting Coyote HTTP/1.1 on http-11413
Nov 05, 2015 3:45:53 PM org.apache.catalina.storeconfig.StoreLoader load
INFO: Find registry server-registry.xml at classpath resource
Nov 05, 2015 3:45:53 PM org.apache.catalina.startup.Catalina start
INFO: Server startup in 1811 ms
Nov 05, 2015 3:58:19 PM org.apache.coyote.http11.Http11BaseProtocol pause
INFO: Pausing Coyote HTTP/1.1 on http-11413
Nov 05, 2015 3:58:20 PM org.apache.catalina.core.StandardService stop
INFO: Stopping service Catalina
Nov 05, 2015 3:58:20 PM org.apache.coyote.http11.Http11BaseProtocol destroy
INFO: Stopping Coyote HTTP/1.1 on http-11413
Nov 05, 2015 3:58:20 PM org.apache.catalina.core.AprLifecycleListener lifecycleEvent
INFO: Failed shutdown of Apache Portable Runtime
Nov 05, 2015 3:58:23 PM org.apache.catalina.core.AprLifecycleListener lifecycleEvent
INFO: The Apache Tomcat Native library which allows optimal performance in production environments was not found on the java.library.path: /usr/java/packages/lib/amd64:/usr/lib64:/lib64:/lib:/usr/lib
Nov 05, 2015 3:58:24 PM org.apache.coyote.http11.Http11BaseProtocol init
INFO: Initializing Coyote HTTP/1.1 on http-11413
Nov 05, 2015 3:58:24 PM org.apache.catalina.startup.Catalina load
INFO: Initialization processed in 960 ms
Nov 05, 2015 3:58:24 PM org.apache.catalina.core.StandardService start
INFO: Starting service Catalina
Nov 05, 2015 3:58:24 PM org.apache.catalina.core.StandardEngine start
INFO: Starting Servlet Engine: Apache Tomcat/5.5.15
Nov 05, 2015 3:58:24 PM org.apache.catalina.core.StandardHost start
INFO: XML validation disabled
Nov 05, 2015 3:58:25 PM org.apache.coyote.http11.Http11BaseProtocol start
INFO: Starting Coyote HTTP/1.1 on http-11413
Nov 05, 2015 3:58:25 PM org.apache.catalina.storeconfig.StoreLoader load
INFO: Find registry server-registry.xml at classpath resource
Nov 05, 2015 3:58:26 PM org.apache.catalina.startup.Catalina start
INFO: Server startup in 1924 ms
Nov 05, 2015 4:40:54 PM org.apache.coyote.http11.Http11BaseProtocol pause
INFO: Pausing Coyote HTTP/1.1 on http-11413
Nov 05, 2015 4:40:55 PM org.apache.catalina.core.StandardService stop
INFO: Stopping service Catalina
Nov 05, 2015 4:40:55 PM org.apache.coyote.http11.Http11BaseProtocol destroy
INFO: Stopping Coyote HTTP/1.1 on http-11413
Nov 05, 2015 4:40:55 PM org.apache.catalina.core.AprLifecycleListener lifecycleEvent
INFO: Failed shutdown of Apache Portable Runtime
Nov 05, 2015 4:40:59 PM org.apache.catalina.core.AprLifecycleListener lifecycleEvent
INFO: The Apache Tomcat Native library which allows optimal performance in production environments was not found on the java.library.path: /usr/java/packages/lib/amd64:/usr/lib64:/lib64:/lib:/usr/lib
Nov 05, 2015 4:41:00 PM org.apache.coyote.http11.Http11BaseProtocol init
INFO: Initializing Coyote HTTP/1.1 on http-11413
Nov 05, 2015 4:41:00 PM org.apache.catalina.startup.Catalina load
INFO: Initialization processed in 961 ms
Nov 05, 2015 4:41:00 PM org.apache.catalina.core.StandardService start
INFO: Starting service Catalina
Nov 05, 2015 4:41:00 PM org.apache.catalina.core.StandardEngine start
INFO: Starting Servlet Engine: Apache Tomcat/5.5.15
Nov 05, 2015 4:41:00 PM org.apache.catalina.core.StandardHost start
INFO: XML validation disabled
Nov 05, 2015 4:41:01 PM org.apache.coyote.http11.Http11BaseProtocol start
INFO: Starting Coyote HTTP/1.1 on http-11413
Nov 05, 2015 4:41:01 PM org.apache.catalina.storeconfig.StoreLoader load
INFO: Find registry server-registry.xml at classpath resource
Nov 05, 2015 4:41:01 PM org.apache.catalina.startup.Catalina start
INFO: Server startup in 1795 ms
Nov 05, 2015 4:52:52 PM org.apache.coyote.http11.Http11BaseProtocol pause
INFO: Pausing Coyote HTTP/1.1 on http-11413
Nov 05, 2015 4:52:53 PM org.apache.catalina.core.StandardService stop
INFO: Stopping service Catalina
Nov 05, 2015 4:52:53 PM org.apache.coyote.http11.Http11BaseProtocol destroy
INFO: Stopping Coyote HTTP/1.1 on http-11413
Nov 05, 2015 4:52:53 PM org.apache.catalina.core.AprLifecycleListener lifecycleEvent
INFO: Failed shutdown of Apache Portable Runtime
Nov 05, 2015 4:52:57 PM org.apache.catalina.core.AprLifecycleListener lifecycleEvent
INFO: The Apache Tomcat Native library which allows optimal performance in production environments was not found on the java.library.path: /usr/java/packages/lib/amd64:/usr/lib64:/lib64:/lib:/usr/lib
Nov 05, 2015 4:52:57 PM org.apache.coyote.http11.Http11BaseProtocol init
INFO: Initializing Coyote HTTP/1.1 on http-11413
Nov 05, 2015 4:52:57 PM org.apache.catalina.startup.Catalina load
INFO: Initialization processed in 908 ms
Nov 05, 2015 4:52:58 PM org.apache.catalina.core.StandardService start
INFO: Starting service Catalina
Nov 05, 2015 4:52:58 PM org.apache.catalina.core.StandardEngine start
INFO: Starting Servlet Engine: Apache Tomcat/5.5.15
Nov 05, 2015 4:52:58 PM org.apache.catalina.core.StandardHost start
INFO: XML validation disabled
Nov 05, 2015 4:52:59 PM org.apache.coyote.http11.Http11BaseProtocol start
INFO: Starting Coyote HTTP/1.1 on http-11413
Nov 05, 2015 4:52:59 PM org.apache.catalina.storeconfig.StoreLoader load
INFO: Find registry server-registry.xml at classpath resource
Nov 05, 2015 4:52:59 PM org.apache.catalina.startup.Catalina start
INFO: Server startup in 1719 ms
Nov 05, 2015 9:42:03 PM org.apache.coyote.http11.Http11BaseProtocol pause
INFO: Pausing Coyote HTTP/1.1 on http-11413
Nov 05, 2015 9:42:04 PM org.apache.catalina.core.StandardService stop
INFO: Stopping service Catalina
Nov 05, 2015 9:42:04 PM org.apache.coyote.http11.Http11BaseProtocol destroy
INFO: Stopping Coyote HTTP/1.1 on http-11413
Nov 05, 2015 9:42:04 PM org.apache.catalina.core.AprLifecycleListener lifecycleEvent
INFO: Failed shutdown of Apache Portable Runtime
Nov 05, 2015 9:42:08 PM org.apache.catalina.core.AprLifecycleListener lifecycleEvent
INFO: The Apache Tomcat Native library which allows optimal performance in production environments was not found on the java.library.path: /usr/java/packages/lib/amd64:/usr/lib64:/lib64:/lib:/usr/lib
Nov 05, 2015 9:42:09 PM org.apache.coyote.http11.Http11BaseProtocol init
INFO: Initializing Coyote HTTP/1.1 on http-11413
Nov 05, 2015 9:42:09 PM org.apache.catalina.startup.Catalina load
INFO: Initialization processed in 985 ms
Nov 05, 2015 9:42:09 PM org.apache.catalina.core.StandardService start
INFO: Starting service Catalina
Nov 05, 2015 9:42:09 PM org.apache.catalina.core.StandardEngine start
INFO: Starting Servlet Engine: Apache Tomcat/5.5.15
Nov 05, 2015 9:42:09 PM org.apache.catalina.core.StandardHost start
INFO: XML validation disabled
Nov 05, 2015 9:42:10 PM org.apache.coyote.http11.Http11BaseProtocol start
INFO: Starting Coyote HTTP/1.1 on http-11413
Nov 05, 2015 9:42:10 PM org.apache.catalina.storeconfig.StoreLoader load
INFO: Find registry server-registry.xml at classpath resource
Nov 05, 2015 9:42:10 PM org.apache.catalina.startup.Catalina start
INFO: Server startup in 1875 ms
Nov 05, 2015 9:42:38 PM org.apache.coyote.http11.Http11BaseProtocol pause
INFO: Pausing Coyote HTTP/1.1 on http-11413
Nov 05, 2015 9:42:39 PM org.apache.catalina.core.StandardService stop
INFO: Stopping service Catalina
Nov 05, 2015 9:42:39 PM org.apache.coyote.http11.Http11BaseProtocol destroy
INFO: Stopping Coyote HTTP/1.1 on http-11413
Nov 05, 2015 9:42:39 PM org.apache.catalina.core.AprLifecycleListener lifecycleEvent
INFO: Failed shutdown of Apache Portable Runtime
Nov 05, 2015 9:42:43 PM org.apache.catalina.core.AprLifecycleListener lifecycleEvent
INFO: The Apache Tomcat Native library which allows optimal performance in production environments was not found on the java.library.path: /usr/java/packages/lib/amd64:/usr/lib64:/lib64:/lib:/usr/lib
Nov 05, 2015 9:42:43 PM org.apache.coyote.http11.Http11BaseProtocol init
INFO: Initializing Coyote HTTP/1.1 on http-11413
Nov 05, 2015 9:42:43 PM org.apache.catalina.startup.Catalina load
INFO: Initialization processed in 916 ms
Nov 05, 2015 9:42:43 PM org.apache.catalina.core.StandardService start
INFO: Starting service Catalina
Nov 05, 2015 9:42:43 PM org.apache.catalina.core.StandardEngine start
INFO: Starting Servlet Engine: Apache Tomcat/5.5.15
Nov 05, 2015 9:42:43 PM org.apache.catalina.core.StandardHost start
INFO: XML validation disabled
Nov 05, 2015 9:42:45 PM org.apache.coyote.http11.Http11BaseProtocol start
INFO: Starting Coyote HTTP/1.1 on http-11413
Nov 05, 2015 9:42:45 PM org.apache.catalina.storeconfig.StoreLoader load
INFO: Find registry server-registry.xml at classpath resource
Nov 05, 2015 9:42:45 PM org.apache.catalina.startup.Catalina start
INFO: Server startup in 1769 ms
Nov 05, 2015 9:45:06 PM org.apache.coyote.http11.Http11BaseProtocol pause
INFO: Pausing Coyote HTTP/1.1 on http-11413
Nov 05, 2015 9:45:07 PM org.apache.catalina.core.StandardService stop
INFO: Stopping service Catalina
Nov 05, 2015 9:45:07 PM org.apache.coyote.http11.Http11BaseProtocol destroy
INFO: Stopping Coyote HTTP/1.1 on http-11413
Nov 05, 2015 9:45:07 PM org.apache.catalina.core.AprLifecycleListener lifecycleEvent
INFO: Failed shutdown of Apache Portable Runtime
Nov 05, 2015 9:45:11 PM org.apache.catalina.core.AprLifecycleListener lifecycleEvent
INFO: The Apache Tomcat Native library which allows optimal performance in production environments was not found on the java.library.path: /usr/java/packages/lib/amd64:/usr/lib64:/lib64:/lib:/usr/lib
Nov 05, 2015 9:45:11 PM org.apache.coyote.http11.Http11BaseProtocol init
INFO: Initializing Coyote HTTP/1.1 on http-11413
Nov 05, 2015 9:45:11 PM org.apache.catalina.startup.Catalina load
INFO: Initialization processed in 910 ms
Nov 05, 2015 9:45:11 PM org.apache.catalina.core.StandardService start
INFO: Starting service Catalina
Nov 05, 2015 9:45:11 PM org.apache.catalina.core.StandardEngine start
INFO: Starting Servlet Engine: Apache Tomcat/5.5.15
Nov 05, 2015 9:45:11 PM org.apache.catalina.core.StandardHost start
INFO: XML validation disabled
Nov 05, 2015 9:45:13 PM org.apache.coyote.http11.Http11BaseProtocol start
INFO: Starting Coyote HTTP/1.1 on http-11413
Nov 05, 2015 9:45:13 PM org.apache.catalina.storeconfig.StoreLoader load
INFO: Find registry server-registry.xml at classpath resource
Nov 05, 2015 9:45:13 PM org.apache.catalina.startup.Catalina start
INFO: Server startup in 1860 ms
Nov 05, 2015 9:46:37 PM org.apache.coyote.http11.Http11BaseProtocol pause
INFO: Pausing Coyote HTTP/1.1 on http-11413
Nov 05, 2015 9:46:38 PM org.apache.catalina.core.StandardService stop
INFO: Stopping service Catalina
Nov 05, 2015 9:46:38 PM org.apache.coyote.http11.Http11BaseProtocol destroy
INFO: Stopping Coyote HTTP/1.1 on http-11413
Nov 05, 2015 9:46:38 PM org.apache.catalina.core.AprLifecycleListener lifecycleEvent
INFO: Failed shutdown of Apache Portable Runtime
Nov 05, 2015 9:46:42 PM org.apache.catalina.core.AprLifecycleListener lifecycleEvent
INFO: The Apache Tomcat Native library which allows optimal performance in production environments was not found on the java.library.path: /usr/java/packages/lib/amd64:/usr/lib64:/lib64:/lib:/usr/lib
Nov 05, 2015 9:46:42 PM org.apache.coyote.http11.Http11BaseProtocol init
INFO: Initializing Coyote HTTP/1.1 on http-11413
Nov 05, 2015 9:46:42 PM org.apache.catalina.startup.Catalina load
INFO: Initialization processed in 960 ms
Nov 05, 2015 9:46:43 PM org.apache.catalina.core.StandardService start
INFO: Starting service Catalina
Nov 05, 2015 9:46:43 PM org.apache.catalina.core.StandardEngine start
INFO: Starting Servlet Engine: Apache Tomcat/5.5.15
Nov 05, 2015 9:46:43 PM org.apache.catalina.core.StandardHost start
INFO: XML validation disabled
Nov 05, 2015 9:46:44 PM org.apache.coyote.http11.Http11BaseProtocol start
INFO: Starting Coyote HTTP/1.1 on http-11413
Nov 05, 2015 9:46:44 PM org.apache.catalina.storeconfig.StoreLoader load
INFO: Find registry server-registry.xml at classpath resource
Nov 05, 2015 9:46:44 PM org.apache.catalina.startup.Catalina start
INFO: Server startup in 1904 ms
Nov 05, 2015 9:49:52 PM org.apache.coyote.http11.Http11BaseProtocol pause
INFO: Pausing Coyote HTTP/1.1 on http-11413
Nov 05, 2015 9:49:53 PM org.apache.catalina.core.StandardService stop
INFO: Stopping service Catalina
Nov 05, 2015 9:49:53 PM org.apache.coyote.http11.Http11BaseProtocol destroy
INFO: Stopping Coyote HTTP/1.1 on http-11413
Nov 05, 2015 9:49:53 PM org.apache.catalina.core.AprLifecycleListener lifecycleEvent
INFO: Failed shutdown of Apache Portable Runtime
Nov 05, 2015 9:49:57 PM org.apache.catalina.core.AprLifecycleListener lifecycleEvent
INFO: The Apache Tomcat Native library which allows optimal performance in production environments was not found on the java.library.path: /usr/java/packages/lib/amd64:/usr/lib64:/lib64:/lib:/usr/lib
Nov 05, 2015 9:49:57 PM org.apache.coyote.http11.Http11BaseProtocol init
INFO: Initializing Coyote HTTP/1.1 on http-11413
Nov 05, 2015 9:49:57 PM org.apache.catalina.startup.Catalina load
INFO: Initialization processed in 913 ms
Nov 05, 2015 9:49:57 PM org.apache.catalina.core.StandardService start
INFO: Starting service Catalina
Nov 05, 2015 9:49:57 PM org.apache.catalina.core.StandardEngine start
INFO: Starting Servlet Engine: Apache Tomcat/5.5.15
Nov 05, 2015 9:49:57 PM org.apache.catalina.core.StandardHost start
INFO: XML validation disabled
Nov 05, 2015 9:49:59 PM org.apache.coyote.http11.Http11BaseProtocol start
INFO: Starting Coyote HTTP/1.1 on http-11413
Nov 05, 2015 9:49:59 PM org.apache.catalina.storeconfig.StoreLoader load
INFO: Find registry server-registry.xml at classpath resource
Nov 05, 2015 9:49:59 PM org.apache.catalina.startup.Catalina start
INFO: Server startup in 1817 ms
Nov 05, 2015 10:05:21 PM org.apache.coyote.http11.Http11BaseProtocol pause
INFO: Pausing Coyote HTTP/1.1 on http-11413
Nov 05, 2015 10:05:22 PM org.apache.catalina.core.StandardService stop
INFO: Stopping service Catalina
Nov 05, 2015 10:05:22 PM org.apache.coyote.http11.Http11BaseProtocol destroy
INFO: Stopping Coyote HTTP/1.1 on http-11413
Nov 05, 2015 10:05:22 PM org.apache.catalina.core.AprLifecycleListener lifecycleEvent
INFO: Failed shutdown of Apache Portable Runtime
Nov 05, 2015 10:05:26 PM org.apache.catalina.core.AprLifecycleListener lifecycleEvent
INFO: The Apache Tomcat Native library which allows optimal performance in production environments was not found on the java.library.path: /usr/java/packages/lib/amd64:/usr/lib64:/lib64:/lib:/usr/lib
Nov 05, 2015 10:05:26 PM org.apache.coyote.http11.Http11BaseProtocol init
INFO: Initializing Coyote HTTP/1.1 on http-11413
Nov 05, 2015 10:05:26 PM org.apache.catalina.startup.Catalina load
INFO: Initialization processed in 908 ms
Nov 05, 2015 10:05:26 PM org.apache.catalina.core.StandardService start
INFO: Starting service Catalina
Nov 05, 2015 10:05:26 PM org.apache.catalina.core.StandardEngine start
INFO: Starting Servlet Engine: Apache Tomcat/5.5.15
Nov 05, 2015 10:05:26 PM org.apache.catalina.core.StandardHost start
INFO: XML validation disabled
Nov 05, 2015 10:05:28 PM org.apache.coyote.http11.Http11BaseProtocol start
INFO: Starting Coyote HTTP/1.1 on http-11413
Nov 05, 2015 10:05:28 PM org.apache.catalina.storeconfig.StoreLoader load
INFO: Find registry server-registry.xml at classpath resource
Nov 05, 2015 10:05:28 PM org.apache.catalina.startup.Catalina start
INFO: Server startup in 1958 ms
Nov 05, 2015 10:05:36 PM org.apache.coyote.http11.Http11BaseProtocol pause
INFO: Pausing Coyote HTTP/1.1 on http-11413
Nov 05, 2015 10:05:38 PM org.apache.catalina.core.StandardService stop
INFO: Stopping service Catalina
Nov 05, 2015 10:05:38 PM org.apache.coyote.http11.Http11BaseProtocol destroy
INFO: Stopping Coyote HTTP/1.1 on http-11413
Nov 05, 2015 10:05:38 PM org.apache.catalina.core.AprLifecycleListener lifecycleEvent
INFO: Failed shutdown of Apache Portable Runtime
Nov 05, 2015 10:05:42 PM org.apache.catalina.core.AprLifecycleListener lifecycleEvent
INFO: The Apache Tomcat Native library which allows optimal performance in production environments was not found on the java.library.path: /usr/java/packages/lib/amd64:/usr/lib64:/lib64:/lib:/usr/lib
Nov 05, 2015 10:05:42 PM org.apache.coyote.http11.Http11BaseProtocol init
INFO: Initializing Coyote HTTP/1.1 on http-11413
Nov 05, 2015 10:05:42 PM org.apache.catalina.startup.Catalina load
INFO: Initialization processed in 914 ms
Nov 05, 2015 10:05:42 PM org.apache.catalina.core.StandardService start
INFO: Starting service Catalina
Nov 05, 2015 10:05:42 PM org.apache.catalina.core.StandardEngine start
INFO: Starting Servlet Engine: Apache Tomcat/5.5.15
Nov 05, 2015 10:05:42 PM org.apache.catalina.core.StandardHost start
INFO: XML validation disabled
Nov 05, 2015 10:05:44 PM org.apache.coyote.http11.Http11BaseProtocol start
INFO: Starting Coyote HTTP/1.1 on http-11413
Nov 05, 2015 10:05:44 PM org.apache.catalina.storeconfig.StoreLoader load
INFO: Find registry server-registry.xml at classpath resource
Nov 05, 2015 10:05:44 PM org.apache.catalina.startup.Catalina start
INFO: Server startup in 1834 ms
Nov 05, 2015 10:06:01 PM org.apache.coyote.http11.Http11BaseProtocol pause
INFO: Pausing Coyote HTTP/1.1 on http-11413
Nov 05, 2015 10:06:02 PM org.apache.catalina.core.StandardService stop
INFO: Stopping service Catalina
Nov 05, 2015 10:06:02 PM org.apache.coyote.http11.Http11BaseProtocol destroy
INFO: Stopping Coyote HTTP/1.1 on http-11413
Nov 05, 2015 10:06:02 PM org.apache.catalina.core.AprLifecycleListener lifecycleEvent
INFO: Failed shutdown of Apache Portable Runtime
Nov 05, 2015 10:06:06 PM org.apache.catalina.core.AprLifecycleListener lifecycleEvent
INFO: The Apache Tomcat Native library which allows optimal performance in production environments was not found on the java.library.path: /usr/java/packages/lib/amd64:/usr/lib64:/lib64:/lib:/usr/lib
Nov 05, 2015 10:06:06 PM org.apache.coyote.http11.Http11BaseProtocol init
INFO: Initializing Coyote HTTP/1.1 on http-11413
Nov 05, 2015 10:06:06 PM org.apache.catalina.startup.Catalina load
INFO: Initialization processed in 938 ms
Nov 05, 2015 10:06:06 PM org.apache.catalina.core.StandardService start
INFO: Starting service Catalina
Nov 05, 2015 10:06:06 PM org.apache.catalina.core.StandardEngine start
INFO: Starting Servlet Engine: Apache Tomcat/5.5.15
Nov 05, 2015 10:06:06 PM org.apache.catalina.core.StandardHost start
INFO: XML validation disabled
Nov 05, 2015 10:06:08 PM org.apache.coyote.http11.Http11BaseProtocol start
INFO: Starting Coyote HTTP/1.1 on http-11413
Nov 05, 2015 10:06:08 PM org.apache.catalina.storeconfig.StoreLoader load
INFO: Find registry server-registry.xml at classpath resource
Nov 05, 2015 10:06:08 PM org.apache.catalina.startup.Catalina start
INFO: Server startup in 1808 ms
Nov 05, 2015 10:15:18 PM org.apache.coyote.http11.Http11BaseProtocol pause
INFO: Pausing Coyote HTTP/1.1 on http-11413
Nov 05, 2015 10:15:19 PM org.apache.catalina.core.StandardService stop
INFO: Stopping service Catalina
Nov 05, 2015 10:15:20 PM org.apache.coyote.http11.Http11BaseProtocol destroy
INFO: Stopping Coyote HTTP/1.1 on http-11413
Nov 05, 2015 10:15:20 PM org.apache.catalina.core.AprLifecycleListener lifecycleEvent
INFO: Failed shutdown of Apache Portable Runtime
Nov 05, 2015 10:15:24 PM org.apache.catalina.core.AprLifecycleListener lifecycleEvent
INFO: The Apache Tomcat Native library which allows optimal performance in production environments was not found on the java.library.path: /usr/java/packages/lib/amd64:/usr/lib64:/lib64:/lib:/usr/lib
Nov 05, 2015 10:15:24 PM org.apache.coyote.http11.Http11BaseProtocol init
INFO: Initializing Coyote HTTP/1.1 on http-11413
Nov 05, 2015 10:15:24 PM org.apache.catalina.startup.Catalina load
INFO: Initialization processed in 929 ms
Nov 05, 2015 10:15:24 PM org.apache.catalina.core.StandardService start
INFO: Starting service Catalina
Nov 05, 2015 10:15:24 PM org.apache.catalina.core.StandardEngine start
INFO: Starting Servlet Engine: Apache Tomcat/5.5.15
Nov 05, 2015 10:15:24 PM org.apache.catalina.core.StandardHost start
INFO: XML validation disabled
Nov 05, 2015 10:15:25 PM org.apache.coyote.http11.Http11BaseProtocol start
INFO: Starting Coyote HTTP/1.1 on http-11413
Nov 05, 2015 10:15:25 PM org.apache.catalina.storeconfig.StoreLoader load
INFO: Find registry server-registry.xml at classpath resource
Nov 05, 2015 10:15:25 PM org.apache.catalina.startup.Catalina start
INFO: Server startup in 1779 ms
Nov 05, 2015 10:24:06 PM org.apache.coyote.http11.Http11BaseProtocol pause
INFO: Pausing Coyote HTTP/1.1 on http-11413
Nov 05, 2015 10:24:07 PM org.apache.catalina.core.StandardService stop
INFO: Stopping service Catalina
Nov 05, 2015 10:24:07 PM org.apache.coyote.http11.Http11BaseProtocol destroy
INFO: Stopping Coyote HTTP/1.1 on http-11413
Nov 05, 2015 10:24:07 PM org.apache.catalina.core.AprLifecycleListener lifecycleEvent
INFO: Failed shutdown of Apache Portable Runtime
Nov 05, 2015 10:24:10 PM org.apache.catalina.core.AprLifecycleListener lifecycleEvent
INFO: The Apache Tomcat Native library which allows optimal performance in production environments was not found on the java.library.path: /usr/java/packages/lib/amd64:/usr/lib64:/lib64:/lib:/usr/lib
Nov 05, 2015 10:24:11 PM org.apache.coyote.http11.Http11BaseProtocol init
INFO: Initializing Coyote HTTP/1.1 on http-11413
Nov 05, 2015 10:24:11 PM org.apache.catalina.startup.Catalina load
INFO: Initialization processed in 950 ms
Nov 05, 2015 10:24:11 PM org.apache.catalina.core.StandardService start
INFO: Starting service Catalina
Nov 05, 2015 10:24:11 PM org.apache.catalina.core.StandardEngine start
INFO: Starting Servlet Engine: Apache Tomcat/5.5.15
Nov 05, 2015 10:24:11 PM org.apache.catalina.core.StandardHost start
INFO: XML validation disabled
Nov 05, 2015 10:24:11 PM org.apache.catalina.core.StandardContext resourcesStart
SEVERE: Error starting static Resources
java.lang.IllegalArgumentException: Document base /home/ugrad/chojoe/CS460/pa1/apache-tomcat-5.5.15/webapps/photoshare does not exist or is not a readable directory
	at org.apache.naming.resources.FileDirContext.setDocBase(FileDirContext.java:140)
	at org.apache.catalina.core.StandardContext.resourcesStart(StandardContext.java:3812)
	at org.apache.catalina.core.StandardContext.start(StandardContext.java:3983)
	at org.apache.catalina.core.ContainerBase.addChildInternal(ContainerBase.java:759)
	at org.apache.catalina.core.ContainerBase.addChild(ContainerBase.java:739)
	at org.apache.catalina.core.StandardHost.addChild(StandardHost.java:524)
	at org.apache.catalina.startup.HostConfig.deployDescriptor(HostConfig.java:603)
	at org.apache.catalina.startup.HostConfig.deployDescriptors(HostConfig.java:535)
	at org.apache.catalina.startup.HostConfig.deployApps(HostConfig.java:470)
	at org.apache.catalina.startup.HostConfig.start(HostConfig.java:1118)
	at org.apache.catalina.startup.HostConfig.lifecycleEvent(HostConfig.java:310)
	at org.apache.catalina.util.LifecycleSupport.fireLifecycleEvent(LifecycleSupport.java:119)
	at org.apache.catalina.core.ContainerBase.start(ContainerBase.java:1020)
	at org.apache.catalina.core.StandardHost.start(StandardHost.java:718)
	at org.apache.catalina.core.ContainerBase.start(ContainerBase.java:1012)
	at org.apache.catalina.core.StandardEngine.start(StandardEngine.java:442)
	at org.apache.catalina.core.StandardService.start(StandardService.java:450)
	at org.apache.catalina.core.StandardServer.start(StandardServer.java:700)
	at org.apache.catalina.startup.Catalina.start(Catalina.java:551)
	at sun.reflect.NativeMethodAccessorImpl.invoke0(Native Method)
	at sun.reflect.NativeMethodAccessorImpl.invoke(NativeMethodAccessorImpl.java:57)
	at sun.reflect.DelegatingMethodAccessorImpl.invoke(DelegatingMethodAccessorImpl.java:43)
	at java.lang.reflect.Method.invoke(Method.java:606)
	at org.apache.catalina.startup.Bootstrap.start(Bootstrap.java:275)
	at org.apache.catalina.startup.Bootstrap.main(Bootstrap.java:413)

Nov 05, 2015 10:24:11 PM org.apache.catalina.core.StandardContext start
SEVERE: Error in resourceStart()
Nov 05, 2015 10:24:11 PM org.apache.catalina.core.StandardContext start
SEVERE: Error getConfigured
Nov 05, 2015 10:24:11 PM org.apache.catalina.core.StandardContext start
SEVERE: Context [/photoshare] startup failed due to previous errors
Nov 05, 2015 10:24:11 PM org.apache.catalina.core.StandardContext stop
INFO: Container org.apache.catalina.core.ContainerBase.[Catalina].[localhost].[/photoshare] has not been started
Nov 05, 2015 10:24:12 PM org.apache.coyote.http11.Http11BaseProtocol start
INFO: Starting Coyote HTTP/1.1 on http-11413
Nov 05, 2015 10:24:12 PM org.apache.catalina.storeconfig.StoreLoader load
INFO: Find registry server-registry.xml at classpath resource
Nov 05, 2015 10:24:12 PM org.apache.catalina.startup.Catalina start
INFO: Server startup in 1395 ms
Nov 05, 2015 10:24:31 PM org.apache.coyote.http11.Http11BaseProtocol pause
INFO: Pausing Coyote HTTP/1.1 on http-11413
Nov 05, 2015 10:24:32 PM org.apache.catalina.core.StandardService stop
INFO: Stopping service Catalina
Nov 05, 2015 10:24:32 PM org.apache.coyote.http11.Http11BaseProtocol destroy
INFO: Stopping Coyote HTTP/1.1 on http-11413
Nov 05, 2015 10:24:32 PM org.apache.catalina.core.AprLifecycleListener lifecycleEvent
INFO: Failed shutdown of Apache Portable Runtime
Nov 05, 2015 10:24:35 PM org.apache.catalina.core.AprLifecycleListener lifecycleEvent
INFO: The Apache Tomcat Native library which allows optimal performance in production environments was not found on the java.library.path: /usr/java/packages/lib/amd64:/usr/lib64:/lib64:/lib:/usr/lib
Nov 05, 2015 10:24:35 PM org.apache.coyote.http11.Http11BaseProtocol init
INFO: Initializing Coyote HTTP/1.1 on http-11413
Nov 05, 2015 10:24:35 PM org.apache.catalina.startup.Catalina load
INFO: Initialization processed in 900 ms
Nov 05, 2015 10:24:36 PM org.apache.catalina.core.StandardService start
INFO: Starting service Catalina
Nov 05, 2015 10:24:36 PM org.apache.catalina.core.StandardEngine start
INFO: Starting Servlet Engine: Apache Tomcat/5.5.15
Nov 05, 2015 10:24:36 PM org.apache.catalina.core.StandardHost start
INFO: XML validation disabled
Nov 05, 2015 10:24:37 PM org.apache.coyote.http11.Http11BaseProtocol start
INFO: Starting Coyote HTTP/1.1 on http-11413
Nov 05, 2015 10:24:37 PM org.apache.catalina.storeconfig.StoreLoader load
INFO: Find registry server-registry.xml at classpath resource
Nov 05, 2015 10:24:37 PM org.apache.catalina.startup.Catalina start
INFO: Server startup in 1756 ms
Nov 05, 2015 10:30:27 PM org.apache.coyote.http11.Http11BaseProtocol pause
INFO: Pausing Coyote HTTP/1.1 on http-11413
Nov 05, 2015 10:30:28 PM org.apache.catalina.core.StandardService stop
INFO: Stopping service Catalina
Nov 05, 2015 10:30:28 PM org.apache.coyote.http11.Http11BaseProtocol destroy
INFO: Stopping Coyote HTTP/1.1 on http-11413
Nov 05, 2015 10:30:28 PM org.apache.catalina.core.AprLifecycleListener lifecycleEvent
INFO: Failed shutdown of Apache Portable Runtime
Nov 05, 2015 10:30:32 PM org.apache.catalina.core.AprLifecycleListener lifecycleEvent
INFO: The Apache Tomcat Native library which allows optimal performance in production environments was not found on the java.library.path: /usr/java/packages/lib/amd64:/usr/lib64:/lib64:/lib:/usr/lib
Nov 05, 2015 10:30:32 PM org.apache.coyote.http11.Http11BaseProtocol init
INFO: Initializing Coyote HTTP/1.1 on http-11413
Nov 05, 2015 10:30:32 PM org.apache.catalina.startup.Catalina load
INFO: Initialization processed in 918 ms
Nov 05, 2015 10:30:32 PM org.apache.catalina.core.StandardService start
INFO: Starting service Catalina
Nov 05, 2015 10:30:32 PM org.apache.catalina.core.StandardEngine start
INFO: Starting Servlet Engine: Apache Tomcat/5.5.15
Nov 05, 2015 10:30:32 PM org.apache.catalina.core.StandardHost start
INFO: XML validation disabled
Nov 05, 2015 10:30:34 PM org.apache.coyote.http11.Http11BaseProtocol start
INFO: Starting Coyote HTTP/1.1 on http-11413
Nov 05, 2015 10:30:34 PM org.apache.catalina.storeconfig.StoreLoader load
INFO: Find registry server-registry.xml at classpath resource
Nov 05, 2015 10:30:34 PM org.apache.catalina.startup.Catalina start
INFO: Server startup in 1936 ms
Nov 05, 2015 10:37:49 PM org.apache.coyote.http11.Http11BaseProtocol pause
INFO: Pausing Coyote HTTP/1.1 on http-11413
Nov 05, 2015 10:37:50 PM org.apache.catalina.core.StandardService stop
INFO: Stopping service Catalina
Nov 05, 2015 10:37:50 PM org.apache.coyote.http11.Http11BaseProtocol destroy
INFO: Stopping Coyote HTTP/1.1 on http-11413
Nov 05, 2015 10:37:50 PM org.apache.catalina.core.AprLifecycleListener lifecycleEvent
INFO: Failed shutdown of Apache Portable Runtime
Nov 05, 2015 10:37:54 PM org.apache.catalina.core.AprLifecycleListener lifecycleEvent
INFO: The Apache Tomcat Native library which allows optimal performance in production environments was not found on the java.library.path: /usr/java/packages/lib/amd64:/usr/lib64:/lib64:/lib:/usr/lib
Nov 05, 2015 10:37:55 PM org.apache.coyote.http11.Http11BaseProtocol init
INFO: Initializing Coyote HTTP/1.1 on http-11413
Nov 05, 2015 10:37:55 PM org.apache.catalina.startup.Catalina load
INFO: Initialization processed in 899 ms
Nov 05, 2015 10:37:55 PM org.apache.catalina.core.StandardService start
INFO: Starting service Catalina
Nov 05, 2015 10:37:55 PM org.apache.catalina.core.StandardEngine start
INFO: Starting Servlet Engine: Apache Tomcat/5.5.15
Nov 05, 2015 10:37:55 PM org.apache.catalina.core.StandardHost start
INFO: XML validation disabled
Nov 05, 2015 10:37:56 PM org.apache.coyote.http11.Http11BaseProtocol start
INFO: Starting Coyote HTTP/1.1 on http-11413
Nov 05, 2015 10:37:56 PM org.apache.catalina.storeconfig.StoreLoader load
INFO: Find registry server-registry.xml at classpath resource
Nov 05, 2015 10:37:56 PM org.apache.catalina.startup.Catalina start
INFO: Server startup in 1771 ms
Nov 05, 2015 10:58:34 PM org.apache.coyote.http11.Http11BaseProtocol pause
INFO: Pausing Coyote HTTP/1.1 on http-11413
Nov 05, 2015 10:58:35 PM org.apache.catalina.core.StandardService stop
INFO: Stopping service Catalina
Nov 05, 2015 10:58:35 PM org.apache.coyote.http11.Http11BaseProtocol destroy
INFO: Stopping Coyote HTTP/1.1 on http-11413
Nov 05, 2015 10:58:35 PM org.apache.catalina.core.AprLifecycleListener lifecycleEvent
INFO: Failed shutdown of Apache Portable Runtime
Nov 05, 2015 10:58:39 PM org.apache.catalina.core.AprLifecycleListener lifecycleEvent
INFO: The Apache Tomcat Native library which allows optimal performance in production environments was not found on the java.library.path: /usr/java/packages/lib/amd64:/usr/lib64:/lib64:/lib:/usr/lib
Nov 05, 2015 10:58:39 PM org.apache.coyote.http11.Http11BaseProtocol init
INFO: Initializing Coyote HTTP/1.1 on http-11413
Nov 05, 2015 10:58:39 PM org.apache.catalina.startup.Catalina load
INFO: Initialization processed in 916 ms
Nov 05, 2015 10:58:39 PM org.apache.catalina.core.StandardService start
INFO: Starting service Catalina
Nov 05, 2015 10:58:39 PM org.apache.catalina.core.StandardEngine start
INFO: Starting Servlet Engine: Apache Tomcat/5.5.15
Nov 05, 2015 10:58:39 PM org.apache.catalina.core.StandardHost start
INFO: XML validation disabled
Nov 05, 2015 10:58:41 PM org.apache.coyote.http11.Http11BaseProtocol start
INFO: Starting Coyote HTTP/1.1 on http-11413
Nov 05, 2015 10:58:41 PM org.apache.catalina.storeconfig.StoreLoader load
INFO: Find registry server-registry.xml at classpath resource
Nov 05, 2015 10:58:41 PM org.apache.catalina.startup.Catalina start
INFO: Server startup in 1810 ms
Nov 05, 2015 10:59:44 PM org.apache.coyote.http11.Http11BaseProtocol pause
INFO: Pausing Coyote HTTP/1.1 on http-11413
Nov 05, 2015 10:59:45 PM org.apache.catalina.core.StandardService stop
INFO: Stopping service Catalina
Nov 05, 2015 10:59:45 PM org.apache.coyote.http11.Http11BaseProtocol destroy
INFO: Stopping Coyote HTTP/1.1 on http-11413
Nov 05, 2015 10:59:45 PM org.apache.catalina.core.AprLifecycleListener lifecycleEvent
INFO: Failed shutdown of Apache Portable Runtime
Nov 05, 2015 10:59:49 PM org.apache.catalina.core.AprLifecycleListener lifecycleEvent
INFO: The Apache Tomcat Native library which allows optimal performance in production environments was not found on the java.library.path: /usr/java/packages/lib/amd64:/usr/lib64:/lib64:/lib:/usr/lib
Nov 05, 2015 10:59:50 PM org.apache.coyote.http11.Http11BaseProtocol init
INFO: Initializing Coyote HTTP/1.1 on http-11413
Nov 05, 2015 10:59:50 PM org.apache.catalina.startup.Catalina load
INFO: Initialization processed in 934 ms
Nov 05, 2015 10:59:50 PM org.apache.catalina.core.StandardService start
INFO: Starting service Catalina
Nov 05, 2015 10:59:50 PM org.apache.catalina.core.StandardEngine start
INFO: Starting Servlet Engine: Apache Tomcat/5.5.15
Nov 05, 2015 10:59:50 PM org.apache.catalina.core.StandardHost start
INFO: XML validation disabled
Nov 05, 2015 10:59:51 PM org.apache.coyote.http11.Http11BaseProtocol start
INFO: Starting Coyote HTTP/1.1 on http-11413
Nov 05, 2015 10:59:51 PM org.apache.catalina.storeconfig.StoreLoader load
INFO: Find registry server-registry.xml at classpath resource
Nov 05, 2015 10:59:51 PM org.apache.catalina.startup.Catalina start
INFO: Server startup in 1865 ms
Nov 05, 2015 11:00:45 PM org.apache.coyote.http11.Http11BaseProtocol pause
INFO: Pausing Coyote HTTP/1.1 on http-11413
Nov 05, 2015 11:00:46 PM org.apache.catalina.core.StandardService stop
INFO: Stopping service Catalina
Nov 05, 2015 11:00:46 PM org.apache.coyote.http11.Http11BaseProtocol destroy
INFO: Stopping Coyote HTTP/1.1 on http-11413
Nov 05, 2015 11:00:46 PM org.apache.catalina.core.AprLifecycleListener lifecycleEvent
INFO: Failed shutdown of Apache Portable Runtime
Nov 05, 2015 11:00:50 PM org.apache.catalina.core.AprLifecycleListener lifecycleEvent
INFO: The Apache Tomcat Native library which allows optimal performance in production environments was not found on the java.library.path: /usr/java/packages/lib/amd64:/usr/lib64:/lib64:/lib:/usr/lib
Nov 05, 2015 11:00:51 PM org.apache.coyote.http11.Http11BaseProtocol init
INFO: Initializing Coyote HTTP/1.1 on http-11413
Nov 05, 2015 11:00:51 PM org.apache.catalina.startup.Catalina load
INFO: Initialization processed in 956 ms
Nov 05, 2015 11:00:51 PM org.apache.catalina.core.StandardService start
INFO: Starting service Catalina
Nov 05, 2015 11:00:51 PM org.apache.catalina.core.StandardEngine start
INFO: Starting Servlet Engine: Apache Tomcat/5.5.15
Nov 05, 2015 11:00:51 PM org.apache.catalina.core.StandardHost start
INFO: XML validation disabled
Nov 05, 2015 11:00:52 PM org.apache.coyote.http11.Http11BaseProtocol start
INFO: Starting Coyote HTTP/1.1 on http-11413
Nov 05, 2015 11:00:52 PM org.apache.catalina.storeconfig.StoreLoader load
INFO: Find registry server-registry.xml at classpath resource
Nov 05, 2015 11:00:52 PM org.apache.catalina.startup.Catalina start
INFO: Server startup in 1781 ms
Nov 05, 2015 11:25:55 PM org.apache.coyote.http11.Http11BaseProtocol pause
INFO: Pausing Coyote HTTP/1.1 on http-11413
Nov 05, 2015 11:25:56 PM org.apache.catalina.core.StandardService stop
INFO: Stopping service Catalina
Nov 05, 2015 11:25:56 PM org.apache.coyote.http11.Http11BaseProtocol destroy
INFO: Stopping Coyote HTTP/1.1 on http-11413
Nov 05, 2015 11:25:56 PM org.apache.catalina.core.AprLifecycleListener lifecycleEvent
INFO: Failed shutdown of Apache Portable Runtime
Nov 05, 2015 11:26:00 PM org.apache.catalina.core.AprLifecycleListener lifecycleEvent
INFO: The Apache Tomcat Native library which allows optimal performance in production environments was not found on the java.library.path: /usr/java/packages/lib/amd64:/usr/lib64:/lib64:/lib:/usr/lib
Nov 05, 2015 11:26:00 PM org.apache.coyote.http11.Http11BaseProtocol init
INFO: Initializing Coyote HTTP/1.1 on http-11413
Nov 05, 2015 11:26:00 PM org.apache.catalina.startup.Catalina load
INFO: Initialization processed in 913 ms
Nov 05, 2015 11:26:00 PM org.apache.catalina.core.StandardService start
INFO: Starting service Catalina
Nov 05, 2015 11:26:00 PM org.apache.catalina.core.StandardEngine start
INFO: Starting Servlet Engine: Apache Tomcat/5.5.15
Nov 05, 2015 11:26:00 PM org.apache.catalina.core.StandardHost start
INFO: XML validation disabled
Nov 05, 2015 11:26:02 PM org.apache.coyote.http11.Http11BaseProtocol start
INFO: Starting Coyote HTTP/1.1 on http-11413
Nov 05, 2015 11:26:02 PM org.apache.catalina.storeconfig.StoreLoader load
INFO: Find registry server-registry.xml at classpath resource
Nov 05, 2015 11:26:02 PM org.apache.catalina.startup.Catalina start
INFO: Server startup in 1837 ms
Nov 05, 2015 11:26:11 PM org.apache.coyote.http11.Http11BaseProtocol pause
INFO: Pausing Coyote HTTP/1.1 on http-11413
Nov 05, 2015 11:26:12 PM org.apache.catalina.core.StandardService stop
INFO: Stopping service Catalina
Nov 05, 2015 11:26:12 PM org.apache.coyote.http11.Http11BaseProtocol destroy
INFO: Stopping Coyote HTTP/1.1 on http-11413
Nov 05, 2015 11:26:12 PM org.apache.catalina.core.AprLifecycleListener lifecycleEvent
INFO: Failed shutdown of Apache Portable Runtime
Nov 05, 2015 11:26:16 PM org.apache.catalina.core.AprLifecycleListener lifecycleEvent
INFO: The Apache Tomcat Native library which allows optimal performance in production environments was not found on the java.library.path: /usr/java/packages/lib/amd64:/usr/lib64:/lib64:/lib:/usr/lib
Nov 05, 2015 11:26:16 PM org.apache.coyote.http11.Http11BaseProtocol init
INFO: Initializing Coyote HTTP/1.1 on http-11413
Nov 05, 2015 11:26:16 PM org.apache.catalina.startup.Catalina load
INFO: Initialization processed in 893 ms
Nov 05, 2015 11:26:16 PM org.apache.catalina.core.StandardService start
INFO: Starting service Catalina
Nov 05, 2015 11:26:16 PM org.apache.catalina.core.StandardEngine start
INFO: Starting Servlet Engine: Apache Tomcat/5.5.15
Nov 05, 2015 11:26:16 PM org.apache.catalina.core.StandardHost start
INFO: XML validation disabled
Nov 05, 2015 11:26:18 PM org.apache.coyote.http11.Http11BaseProtocol start
INFO: Starting Coyote HTTP/1.1 on http-11413
Nov 05, 2015 11:26:18 PM org.apache.catalina.storeconfig.StoreLoader load
INFO: Find registry server-registry.xml at classpath resource
Nov 05, 2015 11:26:18 PM org.apache.catalina.startup.Catalina start
INFO: Server startup in 1745 ms
Nov 05, 2015 11:27:17 PM org.apache.coyote.http11.Http11BaseProtocol pause
INFO: Pausing Coyote HTTP/1.1 on http-11413
Nov 05, 2015 11:27:18 PM org.apache.catalina.core.StandardService stop
INFO: Stopping service Catalina
Nov 05, 2015 11:27:18 PM org.apache.coyote.http11.Http11BaseProtocol destroy
INFO: Stopping Coyote HTTP/1.1 on http-11413
Nov 05, 2015 11:27:18 PM org.apache.catalina.core.AprLifecycleListener lifecycleEvent
INFO: Failed shutdown of Apache Portable Runtime
Nov 05, 2015 11:27:22 PM org.apache.catalina.core.AprLifecycleListener lifecycleEvent
INFO: The Apache Tomcat Native library which allows optimal performance in production environments was not found on the java.library.path: /usr/java/packages/lib/amd64:/usr/lib64:/lib64:/lib:/usr/lib
Nov 05, 2015 11:27:22 PM org.apache.coyote.http11.Http11BaseProtocol init
INFO: Initializing Coyote HTTP/1.1 on http-11413
Nov 05, 2015 11:27:22 PM org.apache.catalina.startup.Catalina load
INFO: Initialization processed in 919 ms
Nov 05, 2015 11:27:22 PM org.apache.catalina.core.StandardService start
INFO: Starting service Catalina
Nov 05, 2015 11:27:22 PM org.apache.catalina.core.StandardEngine start
INFO: Starting Servlet Engine: Apache Tomcat/5.5.15
Nov 05, 2015 11:27:22 PM org.apache.catalina.core.StandardHost start
INFO: XML validation disabled
Nov 05, 2015 11:27:24 PM org.apache.coyote.http11.Http11BaseProtocol start
INFO: Starting Coyote HTTP/1.1 on http-11413
Nov 05, 2015 11:27:24 PM org.apache.catalina.storeconfig.StoreLoader load
INFO: Find registry server-registry.xml at classpath resource
Nov 05, 2015 11:27:24 PM org.apache.catalina.startup.Catalina start
INFO: Server startup in 1744 ms
Nov 05, 2015 11:28:07 PM org.apache.coyote.http11.Http11BaseProtocol pause
INFO: Pausing Coyote HTTP/1.1 on http-11413
Nov 05, 2015 11:28:08 PM org.apache.catalina.core.StandardService stop
INFO: Stopping service Catalina
Nov 05, 2015 11:28:09 PM org.apache.coyote.http11.Http11BaseProtocol destroy
INFO: Stopping Coyote HTTP/1.1 on http-11413
Nov 05, 2015 11:28:09 PM org.apache.catalina.core.AprLifecycleListener lifecycleEvent
INFO: Failed shutdown of Apache Portable Runtime
Nov 05, 2015 11:28:12 PM org.apache.catalina.core.AprLifecycleListener lifecycleEvent
INFO: The Apache Tomcat Native library which allows optimal performance in production environments was not found on the java.library.path: /usr/java/packages/lib/amd64:/usr/lib64:/lib64:/lib:/usr/lib
Nov 05, 2015 11:28:13 PM org.apache.coyote.http11.Http11BaseProtocol init
INFO: Initializing Coyote HTTP/1.1 on http-11413
Nov 05, 2015 11:28:13 PM org.apache.catalina.startup.Catalina load
INFO: Initialization processed in 954 ms
Nov 05, 2015 11:28:13 PM org.apache.catalina.core.StandardService start
INFO: Starting service Catalina
Nov 05, 2015 11:28:13 PM org.apache.catalina.core.StandardEngine start
INFO: Starting Servlet Engine: Apache Tomcat/5.5.15
Nov 05, 2015 11:28:13 PM org.apache.catalina.core.StandardHost start
INFO: XML validation disabled
Nov 05, 2015 11:28:14 PM org.apache.coyote.http11.Http11BaseProtocol start
INFO: Starting Coyote HTTP/1.1 on http-11413
Nov 05, 2015 11:28:14 PM org.apache.catalina.storeconfig.StoreLoader load
INFO: Find registry server-registry.xml at classpath resource
Nov 05, 2015 11:28:14 PM org.apache.catalina.startup.Catalina start
INFO: Server startup in 1857 ms
Nov 05, 2015 11:29:15 PM org.apache.coyote.http11.Http11BaseProtocol pause
INFO: Pausing Coyote HTTP/1.1 on http-11413
Nov 05, 2015 11:29:16 PM org.apache.catalina.core.StandardService stop
INFO: Stopping service Catalina
Nov 05, 2015 11:29:16 PM org.apache.coyote.http11.Http11BaseProtocol destroy
INFO: Stopping Coyote HTTP/1.1 on http-11413
Nov 05, 2015 11:29:16 PM org.apache.catalina.core.AprLifecycleListener lifecycleEvent
INFO: Failed shutdown of Apache Portable Runtime
Nov 05, 2015 11:29:20 PM org.apache.catalina.core.AprLifecycleListener lifecycleEvent
INFO: The Apache Tomcat Native library which allows optimal performance in production environments was not found on the java.library.path: /usr/java/packages/lib/amd64:/usr/lib64:/lib64:/lib:/usr/lib
Nov 05, 2015 11:29:21 PM org.apache.coyote.http11.Http11BaseProtocol init
INFO: Initializing Coyote HTTP/1.1 on http-11413
Nov 05, 2015 11:29:21 PM org.apache.catalina.startup.Catalina load
INFO: Initialization processed in 930 ms
Nov 05, 2015 11:29:21 PM org.apache.catalina.core.StandardService start
INFO: Starting service Catalina
Nov 05, 2015 11:29:21 PM org.apache.catalina.core.StandardEngine start
INFO: Starting Servlet Engine: Apache Tomcat/5.5.15
Nov 05, 2015 11:29:21 PM org.apache.catalina.core.StandardHost start
INFO: XML validation disabled
Nov 05, 2015 11:29:22 PM org.apache.coyote.http11.Http11BaseProtocol start
INFO: Starting Coyote HTTP/1.1 on http-11413
Nov 05, 2015 11:29:22 PM org.apache.catalina.storeconfig.StoreLoader load
INFO: Find registry server-registry.xml at classpath resource
Nov 05, 2015 11:29:22 PM org.apache.catalina.startup.Catalina start
INFO: Server startup in 1823 ms
Nov 05, 2015 11:38:27 PM org.apache.coyote.http11.Http11BaseProtocol pause
INFO: Pausing Coyote HTTP/1.1 on http-11413
Nov 05, 2015 11:38:28 PM org.apache.catalina.core.StandardService stop
INFO: Stopping service Catalina
Nov 05, 2015 11:38:28 PM org.apache.coyote.http11.Http11BaseProtocol destroy
INFO: Stopping Coyote HTTP/1.1 on http-11413
Nov 05, 2015 11:38:28 PM org.apache.catalina.core.AprLifecycleListener lifecycleEvent
INFO: Failed shutdown of Apache Portable Runtime
Nov 05, 2015 11:38:33 PM org.apache.catalina.core.AprLifecycleListener lifecycleEvent
INFO: The Apache Tomcat Native library which allows optimal performance in production environments was not found on the java.library.path: /usr/java/packages/lib/amd64:/usr/lib64:/lib64:/lib:/usr/lib
Nov 05, 2015 11:38:33 PM org.apache.coyote.http11.Http11BaseProtocol init
INFO: Initializing Coyote HTTP/1.1 on http-11413
Nov 05, 2015 11:38:33 PM org.apache.catalina.startup.Catalina load
INFO: Initialization processed in 955 ms
Nov 05, 2015 11:38:33 PM org.apache.catalina.core.StandardService start
INFO: Starting service Catalina
Nov 05, 2015 11:38:33 PM org.apache.catalina.core.StandardEngine start
INFO: Starting Servlet Engine: Apache Tomcat/5.5.15
Nov 05, 2015 11:38:33 PM org.apache.catalina.core.StandardHost start
INFO: XML validation disabled
Nov 05, 2015 11:38:34 PM org.apache.coyote.http11.Http11BaseProtocol start
INFO: Starting Coyote HTTP/1.1 on http-11413
Nov 05, 2015 11:38:34 PM org.apache.catalina.storeconfig.StoreLoader load
INFO: Find registry server-registry.xml at classpath resource
Nov 05, 2015 11:38:35 PM org.apache.catalina.startup.Catalina start
INFO: Server startup in 1817 ms
Nov 05, 2015 11:41:34 PM org.apache.coyote.http11.Http11BaseProtocol pause
INFO: Pausing Coyote HTTP/1.1 on http-11413
Nov 05, 2015 11:41:35 PM org.apache.catalina.core.StandardService stop
INFO: Stopping service Catalina
Nov 05, 2015 11:41:35 PM org.apache.coyote.http11.Http11BaseProtocol destroy
INFO: Stopping Coyote HTTP/1.1 on http-11413
Nov 05, 2015 11:41:35 PM org.apache.catalina.core.AprLifecycleListener lifecycleEvent
INFO: Failed shutdown of Apache Portable Runtime
Nov 05, 2015 11:41:39 PM org.apache.catalina.core.AprLifecycleListener lifecycleEvent
INFO: The Apache Tomcat Native library which allows optimal performance in production environments was not found on the java.library.path: /usr/java/packages/lib/amd64:/usr/lib64:/lib64:/lib:/usr/lib
Nov 05, 2015 11:41:39 PM org.apache.coyote.http11.Http11BaseProtocol init
INFO: Initializing Coyote HTTP/1.1 on http-11413
Nov 05, 2015 11:41:39 PM org.apache.catalina.startup.Catalina load
INFO: Initialization processed in 939 ms
Nov 05, 2015 11:41:39 PM org.apache.catalina.core.StandardService start
INFO: Starting service Catalina
Nov 05, 2015 11:41:39 PM org.apache.catalina.core.StandardEngine start
INFO: Starting Servlet Engine: Apache Tomcat/5.5.15
Nov 05, 2015 11:41:39 PM org.apache.catalina.core.StandardHost start
INFO: XML validation disabled
Nov 05, 2015 11:41:40 PM org.apache.coyote.http11.Http11BaseProtocol start
INFO: Starting Coyote HTTP/1.1 on http-11413
Nov 05, 2015 11:41:40 PM org.apache.catalina.storeconfig.StoreLoader load
INFO: Find registry server-registry.xml at classpath resource
Nov 05, 2015 11:41:41 PM org.apache.catalina.startup.Catalina start
INFO: Server startup in 1800 ms
Nov 05, 2015 11:42:08 PM org.apache.coyote.http11.Http11BaseProtocol pause
INFO: Pausing Coyote HTTP/1.1 on http-11413
Nov 05, 2015 11:42:09 PM org.apache.catalina.core.StandardService stop
INFO: Stopping service Catalina
Nov 05, 2015 11:42:09 PM org.apache.coyote.http11.Http11BaseProtocol destroy
INFO: Stopping Coyote HTTP/1.1 on http-11413
Nov 05, 2015 11:42:09 PM org.apache.catalina.core.AprLifecycleListener lifecycleEvent
INFO: Failed shutdown of Apache Portable Runtime
Nov 05, 2015 11:42:13 PM org.apache.catalina.core.AprLifecycleListener lifecycleEvent
INFO: The Apache Tomcat Native library which allows optimal performance in production environments was not found on the java.library.path: /usr/java/packages/lib/amd64:/usr/lib64:/lib64:/lib:/usr/lib
Nov 05, 2015 11:42:14 PM org.apache.coyote.http11.Http11BaseProtocol init
INFO: Initializing Coyote HTTP/1.1 on http-11413
Nov 05, 2015 11:42:14 PM org.apache.catalina.startup.Catalina load
INFO: Initialization processed in 930 ms
Nov 05, 2015 11:42:14 PM org.apache.catalina.core.StandardService start
INFO: Starting service Catalina
Nov 05, 2015 11:42:14 PM org.apache.catalina.core.StandardEngine start
INFO: Starting Servlet Engine: Apache Tomcat/5.5.15
Nov 05, 2015 11:42:14 PM org.apache.catalina.core.StandardHost start
INFO: XML validation disabled
Nov 05, 2015 11:42:15 PM org.apache.coyote.http11.Http11BaseProtocol start
INFO: Starting Coyote HTTP/1.1 on http-11413
Nov 05, 2015 11:42:15 PM org.apache.catalina.storeconfig.StoreLoader load
INFO: Find registry server-registry.xml at classpath resource
Nov 05, 2015 11:42:15 PM org.apache.catalina.startup.Catalina start
INFO: Server startup in 1823 ms
Nov 05, 2015 11:44:04 PM org.apache.coyote.http11.Http11BaseProtocol pause
INFO: Pausing Coyote HTTP/1.1 on http-11413
Nov 05, 2015 11:44:05 PM org.apache.catalina.core.StandardService stop
INFO: Stopping service Catalina
Nov 05, 2015 11:44:05 PM org.apache.coyote.http11.Http11BaseProtocol destroy
INFO: Stopping Coyote HTTP/1.1 on http-11413
Nov 05, 2015 11:44:05 PM org.apache.catalina.core.AprLifecycleListener lifecycleEvent
INFO: Failed shutdown of Apache Portable Runtime
Nov 05, 2015 11:44:10 PM org.apache.catalina.core.AprLifecycleListener lifecycleEvent
INFO: The Apache Tomcat Native library which allows optimal performance in production environments was not found on the java.library.path: /usr/java/packages/lib/amd64:/usr/lib64:/lib64:/lib:/usr/lib
Nov 05, 2015 11:44:10 PM org.apache.coyote.http11.Http11BaseProtocol init
INFO: Initializing Coyote HTTP/1.1 on http-11413
Nov 05, 2015 11:44:10 PM org.apache.catalina.startup.Catalina load
INFO: Initialization processed in 933 ms
Nov 05, 2015 11:44:10 PM org.apache.catalina.core.StandardService start
INFO: Starting service Catalina
Nov 05, 2015 11:44:10 PM org.apache.catalina.core.StandardEngine start
INFO: Starting Servlet Engine: Apache Tomcat/5.5.15
Nov 05, 2015 11:44:10 PM org.apache.catalina.core.StandardHost start
INFO: XML validation disabled
Nov 05, 2015 11:44:11 PM org.apache.coyote.http11.Http11BaseProtocol start
INFO: Starting Coyote HTTP/1.1 on http-11413
Nov 05, 2015 11:44:12 PM org.apache.catalina.storeconfig.StoreLoader load
INFO: Find registry server-registry.xml at classpath resource
Nov 05, 2015 11:44:12 PM org.apache.catalina.startup.Catalina start
INFO: Server startup in 1923 ms
Nov 05, 2015 11:45:06 PM org.apache.coyote.http11.Http11BaseProtocol pause
INFO: Pausing Coyote HTTP/1.1 on http-11413
Nov 05, 2015 11:45:07 PM org.apache.catalina.core.StandardService stop
INFO: Stopping service Catalina
Nov 05, 2015 11:45:08 PM org.apache.coyote.http11.Http11BaseProtocol destroy
INFO: Stopping Coyote HTTP/1.1 on http-11413
Nov 05, 2015 11:45:08 PM org.apache.catalina.core.AprLifecycleListener lifecycleEvent
INFO: Failed shutdown of Apache Portable Runtime
Nov 05, 2015 11:45:12 PM org.apache.catalina.core.AprLifecycleListener lifecycleEvent
INFO: The Apache Tomcat Native library which allows optimal performance in production environments was not found on the java.library.path: /usr/java/packages/lib/amd64:/usr/lib64:/lib64:/lib:/usr/lib
Nov 05, 2015 11:45:12 PM org.apache.coyote.http11.Http11BaseProtocol init
INFO: Initializing Coyote HTTP/1.1 on http-11413
Nov 05, 2015 11:45:12 PM org.apache.catalina.startup.Catalina load
INFO: Initialization processed in 916 ms
Nov 05, 2015 11:45:12 PM org.apache.catalina.core.StandardService start
INFO: Starting service Catalina
Nov 05, 2015 11:45:12 PM org.apache.catalina.core.StandardEngine start
INFO: Starting Servlet Engine: Apache Tomcat/5.5.15
Nov 05, 2015 11:45:12 PM org.apache.catalina.core.StandardHost start
INFO: XML validation disabled
Nov 05, 2015 11:45:13 PM org.apache.coyote.http11.Http11BaseProtocol start
INFO: Starting Coyote HTTP/1.1 on http-11413
Nov 05, 2015 11:45:13 PM org.apache.catalina.storeconfig.StoreLoader load
INFO: Find registry server-registry.xml at classpath resource
Nov 05, 2015 11:45:14 PM org.apache.catalina.startup.Catalina start
INFO: Server startup in 1837 ms
Nov 05, 2015 11:47:07 PM org.apache.coyote.http11.Http11BaseProtocol pause
INFO: Pausing Coyote HTTP/1.1 on http-11413
Nov 05, 2015 11:47:08 PM org.apache.catalina.core.StandardService stop
INFO: Stopping service Catalina
Nov 05, 2015 11:47:08 PM org.apache.coyote.http11.Http11BaseProtocol destroy
INFO: Stopping Coyote HTTP/1.1 on http-11413
Nov 05, 2015 11:47:08 PM org.apache.catalina.core.AprLifecycleListener lifecycleEvent
INFO: Failed shutdown of Apache Portable Runtime
Nov 05, 2015 11:47:12 PM org.apache.catalina.core.AprLifecycleListener lifecycleEvent
INFO: The Apache Tomcat Native library which allows optimal performance in production environments was not found on the java.library.path: /usr/java/packages/lib/amd64:/usr/lib64:/lib64:/lib:/usr/lib
Nov 05, 2015 11:47:12 PM org.apache.coyote.http11.Http11BaseProtocol init
INFO: Initializing Coyote HTTP/1.1 on http-11413
Nov 05, 2015 11:47:12 PM org.apache.catalina.startup.Catalina load
INFO: Initialization processed in 947 ms
Nov 05, 2015 11:47:12 PM org.apache.catalina.core.StandardService start
INFO: Starting service Catalina
Nov 05, 2015 11:47:12 PM org.apache.catalina.core.StandardEngine start
INFO: Starting Servlet Engine: Apache Tomcat/5.5.15
Nov 05, 2015 11:47:12 PM org.apache.catalina.core.StandardHost start
INFO: XML validation disabled
Nov 05, 2015 11:47:14 PM org.apache.coyote.http11.Http11BaseProtocol start
INFO: Starting Coyote HTTP/1.1 on http-11413
Nov 05, 2015 11:47:14 PM org.apache.catalina.storeconfig.StoreLoader load
INFO: Find registry server-registry.xml at classpath resource
Nov 05, 2015 11:47:14 PM org.apache.catalina.startup.Catalina start
INFO: Server startup in 1805 ms
Nov 05, 2015 11:48:30 PM org.apache.coyote.http11.Http11BaseProtocol pause
INFO: Pausing Coyote HTTP/1.1 on http-11413
Nov 05, 2015 11:48:31 PM org.apache.catalina.core.StandardService stop
INFO: Stopping service Catalina
Nov 05, 2015 11:48:31 PM org.apache.coyote.http11.Http11BaseProtocol destroy
INFO: Stopping Coyote HTTP/1.1 on http-11413
Nov 05, 2015 11:48:31 PM org.apache.catalina.core.AprLifecycleListener lifecycleEvent
INFO: Failed shutdown of Apache Portable Runtime
Nov 05, 2015 11:48:35 PM org.apache.catalina.core.AprLifecycleListener lifecycleEvent
INFO: The Apache Tomcat Native library which allows optimal performance in production environments was not found on the java.library.path: /usr/java/packages/lib/amd64:/usr/lib64:/lib64:/lib:/usr/lib
Nov 05, 2015 11:48:35 PM org.apache.coyote.http11.Http11BaseProtocol init
INFO: Initializing Coyote HTTP/1.1 on http-11413
Nov 05, 2015 11:48:35 PM org.apache.catalina.startup.Catalina load
INFO: Initialization processed in 952 ms
Nov 05, 2015 11:48:35 PM org.apache.catalina.core.StandardService start
INFO: Starting service Catalina
Nov 05, 2015 11:48:35 PM org.apache.catalina.core.StandardEngine start
INFO: Starting Servlet Engine: Apache Tomcat/5.5.15
Nov 05, 2015 11:48:35 PM org.apache.catalina.core.StandardHost start
INFO: XML validation disabled
Nov 05, 2015 11:48:37 PM org.apache.coyote.http11.Http11BaseProtocol start
INFO: Starting Coyote HTTP/1.1 on http-11413
Nov 05, 2015 11:48:37 PM org.apache.catalina.storeconfig.StoreLoader load
INFO: Find registry server-registry.xml at classpath resource
Nov 05, 2015 11:48:37 PM org.apache.catalina.startup.Catalina start
INFO: Server startup in 1854 ms
Nov 05, 2015 11:49:20 PM org.apache.coyote.http11.Http11BaseProtocol pause
INFO: Pausing Coyote HTTP/1.1 on http-11413
Nov 05, 2015 11:49:21 PM org.apache.catalina.core.StandardService stop
INFO: Stopping service Catalina
Nov 05, 2015 11:49:22 PM org.apache.coyote.http11.Http11BaseProtocol destroy
INFO: Stopping Coyote HTTP/1.1 on http-11413
Nov 05, 2015 11:49:22 PM org.apache.catalina.core.AprLifecycleListener lifecycleEvent
INFO: Failed shutdown of Apache Portable Runtime
Nov 05, 2015 11:49:26 PM org.apache.catalina.core.AprLifecycleListener lifecycleEvent
INFO: The Apache Tomcat Native library which allows optimal performance in production environments was not found on the java.library.path: /usr/java/packages/lib/amd64:/usr/lib64:/lib64:/lib:/usr/lib
Nov 05, 2015 11:49:26 PM org.apache.coyote.http11.Http11BaseProtocol init
INFO: Initializing Coyote HTTP/1.1 on http-11413
Nov 05, 2015 11:49:26 PM org.apache.catalina.startup.Catalina load
INFO: Initialization processed in 987 ms
Nov 05, 2015 11:49:26 PM org.apache.catalina.core.StandardService start
INFO: Starting service Catalina
Nov 05, 2015 11:49:26 PM org.apache.catalina.core.StandardEngine start
INFO: Starting Servlet Engine: Apache Tomcat/5.5.15
Nov 05, 2015 11:49:26 PM org.apache.catalina.core.StandardHost start
INFO: XML validation disabled
Nov 05, 2015 11:49:28 PM org.apache.coyote.http11.Http11BaseProtocol start
INFO: Starting Coyote HTTP/1.1 on http-11413
Nov 05, 2015 11:49:28 PM org.apache.catalina.storeconfig.StoreLoader load
INFO: Find registry server-registry.xml at classpath resource
Nov 05, 2015 11:49:28 PM org.apache.catalina.startup.Catalina start
INFO: Server startup in 1841 ms
