Nov 07, 2015 1:31:32 PM org.apache.coyote.http11.Http11BaseProtocol pause
INFO: Pausing Coyote HTTP/1.1 on http-11413
Nov 07, 2015 1:31:33 PM org.apache.catalina.core.StandardService stop
INFO: Stopping service Catalina
Nov 07, 2015 1:31:33 PM org.apache.coyote.http11.Http11BaseProtocol destroy
INFO: Stopping Coyote HTTP/1.1 on http-11413
Nov 07, 2015 1:31:33 PM org.apache.catalina.core.AprLifecycleListener lifecycleEvent
INFO: Failed shutdown of Apache Portable Runtime
Nov 07, 2015 1:31:37 PM org.apache.catalina.core.AprLifecycleListener lifecycleEvent
INFO: The Apache Tomcat Native library which allows optimal performance in production environments was not found on the java.library.path: /usr/java/packages/lib/amd64:/usr/lib64:/lib64:/lib:/usr/lib
Nov 07, 2015 1:31:37 PM org.apache.coyote.http11.Http11BaseProtocol init
INFO: Initializing Coyote HTTP/1.1 on http-11413
Nov 07, 2015 1:31:37 PM org.apache.catalina.startup.Catalina load
INFO: Initialization processed in 964 ms
Nov 07, 2015 1:31:37 PM org.apache.catalina.core.StandardService start
INFO: Starting service Catalina
Nov 07, 2015 1:31:37 PM org.apache.catalina.core.StandardEngine start
INFO: Starting Servlet Engine: Apache Tomcat/5.5.15
Nov 07, 2015 1:31:37 PM org.apache.catalina.core.StandardHost start
INFO: XML validation disabled
Nov 07, 2015 1:31:37 PM org.apache.catalina.core.StandardContext resourcesStart
SEVERE: Error starting static Resources
java.lang.IllegalArgumentException: Document base /home/ugrad/chojoe/CS460/pa1/apache-tomcat-5.5.15/webapps/photoshare does not exist or is not a readable directory
	at org.apache.naming.resources.FileDirContext.setDocBase(FileDirContext.java:140)
	at org.apache.catalina.core.StandardContext.resourcesStart(StandardContext.java:3812)
	at org.apache.catalina.core.StandardContext.start(StandardContext.java:3983)
	at org.apache.catalina.core.ContainerBase.addChildInternal(ContainerBase.java:759)
	at org.apache.catalina.core.ContainerBase.addChild(ContainerBase.java:739)
	at org.apache.catalina.core.StandardHost.addChild(StandardHost.java:524)
	at org.apache.catalina.startup.HostConfig.deployDescriptor(HostConfig.java:603)
	at org.apache.catalina.startup.HostConfig.deployDescriptors(HostConfig.java:535)
	at org.apache.catalina.startup.HostConfig.deployApps(HostConfig.java:470)
	at org.apache.catalina.startup.HostConfig.start(HostConfig.java:1118)
	at org.apache.catalina.startup.HostConfig.lifecycleEvent(HostConfig.java:310)
	at org.apache.catalina.util.LifecycleSupport.fireLifecycleEvent(LifecycleSupport.java:119)
	at org.apache.catalina.core.ContainerBase.start(ContainerBase.java:1020)
	at org.apache.catalina.core.StandardHost.start(StandardHost.java:718)
	at org.apache.catalina.core.ContainerBase.start(ContainerBase.java:1012)
	at org.apache.catalina.core.StandardEngine.start(StandardEngine.java:442)
	at org.apache.catalina.core.StandardService.start(StandardService.java:450)
	at org.apache.catalina.core.StandardServer.start(StandardServer.java:700)
	at org.apache.catalina.startup.Catalina.start(Catalina.java:551)
	at sun.reflect.NativeMethodAccessorImpl.invoke0(Native Method)
	at sun.reflect.NativeMethodAccessorImpl.invoke(NativeMethodAccessorImpl.java:57)
	at sun.reflect.DelegatingMethodAccessorImpl.invoke(DelegatingMethodAccessorImpl.java:43)
	at java.lang.reflect.Method.invoke(Method.java:606)
	at org.apache.catalina.startup.Bootstrap.start(Bootstrap.java:275)
	at org.apache.catalina.startup.Bootstrap.main(Bootstrap.java:413)

Nov 07, 2015 1:31:37 PM org.apache.catalina.core.StandardContext start
SEVERE: Error in resourceStart()
Nov 07, 2015 1:31:37 PM org.apache.catalina.core.StandardContext start
SEVERE: Error getConfigured
Nov 07, 2015 1:31:37 PM org.apache.catalina.core.StandardContext start
SEVERE: Context [/photoshare] startup failed due to previous errors
Nov 07, 2015 1:31:37 PM org.apache.catalina.core.StandardContext stop
INFO: Container org.apache.catalina.core.ContainerBase.[Catalina].[localhost].[/photoshare] has not been started
Nov 07, 2015 1:31:38 PM org.apache.coyote.http11.Http11BaseProtocol start
INFO: Starting Coyote HTTP/1.1 on http-11413
Nov 07, 2015 1:31:38 PM org.apache.catalina.storeconfig.StoreLoader load
INFO: Find registry server-registry.xml at classpath resource
Nov 07, 2015 1:31:38 PM org.apache.catalina.startup.Catalina start
INFO: Server startup in 1425 ms
Nov 07, 2015 1:32:10 PM org.apache.coyote.http11.Http11BaseProtocol pause
INFO: Pausing Coyote HTTP/1.1 on http-11413
Nov 07, 2015 1:32:11 PM org.apache.catalina.core.StandardService stop
INFO: Stopping service Catalina
Nov 07, 2015 1:32:11 PM org.apache.coyote.http11.Http11BaseProtocol destroy
INFO: Stopping Coyote HTTP/1.1 on http-11413
Nov 07, 2015 1:32:11 PM org.apache.catalina.core.AprLifecycleListener lifecycleEvent
INFO: Failed shutdown of Apache Portable Runtime
Nov 07, 2015 1:32:14 PM org.apache.catalina.core.AprLifecycleListener lifecycleEvent
INFO: The Apache Tomcat Native library which allows optimal performance in production environments was not found on the java.library.path: /usr/java/packages/lib/amd64:/usr/lib64:/lib64:/lib:/usr/lib
Nov 07, 2015 1:32:14 PM org.apache.coyote.http11.Http11BaseProtocol init
INFO: Initializing Coyote HTTP/1.1 on http-11413
Nov 07, 2015 1:32:14 PM org.apache.catalina.startup.Catalina load
INFO: Initialization processed in 920 ms
Nov 07, 2015 1:32:14 PM org.apache.catalina.core.StandardService start
INFO: Starting service Catalina
Nov 07, 2015 1:32:14 PM org.apache.catalina.core.StandardEngine start
INFO: Starting Servlet Engine: Apache Tomcat/5.5.15
Nov 07, 2015 1:32:14 PM org.apache.catalina.core.StandardHost start
INFO: XML validation disabled
Nov 07, 2015 1:32:15 PM org.apache.catalina.core.StandardContext resourcesStart
SEVERE: Error starting static Resources
java.lang.IllegalArgumentException: Document base /home/ugrad/chojoe/CS460/pa1/apache-tomcat-5.5.15/webapps/photoshare does not exist or is not a readable directory
	at org.apache.naming.resources.FileDirContext.setDocBase(FileDirContext.java:140)
	at org.apache.catalina.core.StandardContext.resourcesStart(StandardContext.java:3812)
	at org.apache.catalina.core.StandardContext.start(StandardContext.java:3983)
	at org.apache.catalina.core.ContainerBase.addChildInternal(ContainerBase.java:759)
	at org.apache.catalina.core.ContainerBase.addChild(ContainerBase.java:739)
	at org.apache.catalina.core.StandardHost.addChild(StandardHost.java:524)
	at org.apache.catalina.startup.HostConfig.deployDescriptor(HostConfig.java:603)
	at org.apache.catalina.startup.HostConfig.deployDescriptors(HostConfig.java:535)
	at org.apache.catalina.startup.HostConfig.deployApps(HostConfig.java:470)
	at org.apache.catalina.startup.HostConfig.start(HostConfig.java:1118)
	at org.apache.catalina.startup.HostConfig.lifecycleEvent(HostConfig.java:310)
	at org.apache.catalina.util.LifecycleSupport.fireLifecycleEvent(LifecycleSupport.java:119)
	at org.apache.catalina.core.ContainerBase.start(ContainerBase.java:1020)
	at org.apache.catalina.core.StandardHost.start(StandardHost.java:718)
	at org.apache.catalina.core.ContainerBase.start(ContainerBase.java:1012)
	at org.apache.catalina.core.StandardEngine.start(StandardEngine.java:442)
	at org.apache.catalina.core.StandardService.start(StandardService.java:450)
	at org.apache.catalina.core.StandardServer.start(StandardServer.java:700)
	at org.apache.catalina.startup.Catalina.start(Catalina.java:551)
	at sun.reflect.NativeMethodAccessorImpl.invoke0(Native Method)
	at sun.reflect.NativeMethodAccessorImpl.invoke(NativeMethodAccessorImpl.java:57)
	at sun.reflect.DelegatingMethodAccessorImpl.invoke(DelegatingMethodAccessorImpl.java:43)
	at java.lang.reflect.Method.invoke(Method.java:606)
	at org.apache.catalina.startup.Bootstrap.start(Bootstrap.java:275)
	at org.apache.catalina.startup.Bootstrap.main(Bootstrap.java:413)

Nov 07, 2015 1:32:15 PM org.apache.catalina.core.StandardContext start
SEVERE: Error in resourceStart()
Nov 07, 2015 1:32:15 PM org.apache.catalina.core.StandardContext start
SEVERE: Error getConfigured
Nov 07, 2015 1:32:15 PM org.apache.catalina.core.StandardContext start
SEVERE: Context [/photoshare] startup failed due to previous errors
Nov 07, 2015 1:32:15 PM org.apache.catalina.core.StandardContext stop
INFO: Container org.apache.catalina.core.ContainerBase.[Catalina].[localhost].[/photoshare] has not been started
Nov 07, 2015 1:32:15 PM org.apache.coyote.http11.Http11BaseProtocol start
INFO: Starting Coyote HTTP/1.1 on http-11413
Nov 07, 2015 1:32:15 PM org.apache.catalina.storeconfig.StoreLoader load
INFO: Find registry server-registry.xml at classpath resource
Nov 07, 2015 1:32:16 PM org.apache.catalina.startup.Catalina start
INFO: Server startup in 1292 ms
Nov 07, 2015 1:33:15 PM org.apache.coyote.http11.Http11BaseProtocol pause
INFO: Pausing Coyote HTTP/1.1 on http-11413
Nov 07, 2015 1:33:16 PM org.apache.catalina.core.StandardService stop
INFO: Stopping service Catalina
Nov 07, 2015 1:33:16 PM org.apache.coyote.http11.Http11BaseProtocol destroy
INFO: Stopping Coyote HTTP/1.1 on http-11413
Nov 07, 2015 1:33:16 PM org.apache.catalina.core.AprLifecycleListener lifecycleEvent
INFO: Failed shutdown of Apache Portable Runtime
Nov 07, 2015 1:33:20 PM org.apache.catalina.core.AprLifecycleListener lifecycleEvent
INFO: The Apache Tomcat Native library which allows optimal performance in production environments was not found on the java.library.path: /usr/java/packages/lib/amd64:/usr/lib64:/lib64:/lib:/usr/lib
Nov 07, 2015 1:33:20 PM org.apache.coyote.http11.Http11BaseProtocol init
INFO: Initializing Coyote HTTP/1.1 on http-11413
Nov 07, 2015 1:33:20 PM org.apache.catalina.startup.Catalina load
INFO: Initialization processed in 946 ms
Nov 07, 2015 1:33:21 PM org.apache.catalina.core.StandardService start
INFO: Starting service Catalina
Nov 07, 2015 1:33:21 PM org.apache.catalina.core.StandardEngine start
INFO: Starting Servlet Engine: Apache Tomcat/5.5.15
Nov 07, 2015 1:33:21 PM org.apache.catalina.core.StandardHost start
INFO: XML validation disabled
Nov 07, 2015 1:33:22 PM org.apache.coyote.http11.Http11BaseProtocol start
INFO: Starting Coyote HTTP/1.1 on http-11413
Nov 07, 2015 1:33:22 PM org.apache.catalina.storeconfig.StoreLoader load
INFO: Find registry server-registry.xml at classpath resource
Nov 07, 2015 1:33:22 PM org.apache.catalina.startup.Catalina start
INFO: Server startup in 1895 ms
Nov 07, 2015 1:59:48 PM org.apache.coyote.http11.Http11BaseProtocol pause
INFO: Pausing Coyote HTTP/1.1 on http-11413
Nov 07, 2015 1:59:49 PM org.apache.catalina.core.StandardService stop
INFO: Stopping service Catalina
Nov 07, 2015 1:59:49 PM org.apache.coyote.http11.Http11BaseProtocol destroy
INFO: Stopping Coyote HTTP/1.1 on http-11413
Nov 07, 2015 1:59:49 PM org.apache.catalina.core.AprLifecycleListener lifecycleEvent
INFO: Failed shutdown of Apache Portable Runtime
Nov 07, 2015 1:59:53 PM org.apache.catalina.core.AprLifecycleListener lifecycleEvent
INFO: The Apache Tomcat Native library which allows optimal performance in production environments was not found on the java.library.path: /usr/java/packages/lib/amd64:/usr/lib64:/lib64:/lib:/usr/lib
Nov 07, 2015 1:59:53 PM org.apache.coyote.http11.Http11BaseProtocol init
INFO: Initializing Coyote HTTP/1.1 on http-11413
Nov 07, 2015 1:59:53 PM org.apache.catalina.startup.Catalina load
INFO: Initialization processed in 953 ms
Nov 07, 2015 1:59:53 PM org.apache.catalina.core.StandardService start
INFO: Starting service Catalina
Nov 07, 2015 1:59:53 PM org.apache.catalina.core.StandardEngine start
INFO: Starting Servlet Engine: Apache Tomcat/5.5.15
Nov 07, 2015 1:59:53 PM org.apache.catalina.core.StandardHost start
INFO: XML validation disabled
Nov 07, 2015 1:59:55 PM org.apache.coyote.http11.Http11BaseProtocol start
INFO: Starting Coyote HTTP/1.1 on http-11413
Nov 07, 2015 1:59:55 PM org.apache.catalina.storeconfig.StoreLoader load
INFO: Find registry server-registry.xml at classpath resource
Nov 07, 2015 1:59:55 PM org.apache.catalina.startup.Catalina start
INFO: Server startup in 1797 ms
Nov 07, 2015 10:49:28 PM org.apache.coyote.http11.Http11BaseProtocol pause
INFO: Pausing Coyote HTTP/1.1 on http-11413
Nov 07, 2015 10:49:29 PM org.apache.catalina.core.StandardService stop
INFO: Stopping service Catalina
Nov 07, 2015 10:49:29 PM org.apache.coyote.http11.Http11BaseProtocol destroy
INFO: Stopping Coyote HTTP/1.1 on http-11413
Nov 07, 2015 10:49:29 PM org.apache.catalina.core.AprLifecycleListener lifecycleEvent
INFO: Failed shutdown of Apache Portable Runtime
Nov 07, 2015 10:49:33 PM org.apache.catalina.core.AprLifecycleListener lifecycleEvent
INFO: The Apache Tomcat Native library which allows optimal performance in production environments was not found on the java.library.path: /usr/java/packages/lib/amd64:/usr/lib64:/lib64:/lib:/usr/lib
Nov 07, 2015 10:49:33 PM org.apache.coyote.http11.Http11BaseProtocol init
INFO: Initializing Coyote HTTP/1.1 on http-11413
Nov 07, 2015 10:49:33 PM org.apache.catalina.startup.Catalina load
INFO: Initialization processed in 914 ms
Nov 07, 2015 10:49:33 PM org.apache.catalina.core.StandardService start
INFO: Starting service Catalina
Nov 07, 2015 10:49:33 PM org.apache.catalina.core.StandardEngine start
INFO: Starting Servlet Engine: Apache Tomcat/5.5.15
Nov 07, 2015 10:49:33 PM org.apache.catalina.core.StandardHost start
INFO: XML validation disabled
Nov 07, 2015 10:49:35 PM org.apache.coyote.http11.Http11BaseProtocol start
INFO: Starting Coyote HTTP/1.1 on http-11413
Nov 07, 2015 10:49:35 PM org.apache.catalina.storeconfig.StoreLoader load
INFO: Find registry server-registry.xml at classpath resource
Nov 07, 2015 10:49:35 PM org.apache.catalina.startup.Catalina start
INFO: Server startup in 1850 ms
Nov 07, 2015 11:11:55 PM org.apache.coyote.http11.Http11BaseProtocol pause
INFO: Pausing Coyote HTTP/1.1 on http-11413
Nov 07, 2015 11:11:56 PM org.apache.catalina.core.StandardService stop
INFO: Stopping service Catalina
Nov 07, 2015 11:11:56 PM org.apache.coyote.http11.Http11BaseProtocol destroy
INFO: Stopping Coyote HTTP/1.1 on http-11413
Nov 07, 2015 11:11:56 PM org.apache.catalina.core.AprLifecycleListener lifecycleEvent
INFO: Failed shutdown of Apache Portable Runtime
Nov 07, 2015 11:12:00 PM org.apache.catalina.core.AprLifecycleListener lifecycleEvent
INFO: The Apache Tomcat Native library which allows optimal performance in production environments was not found on the java.library.path: /usr/java/packages/lib/amd64:/usr/lib64:/lib64:/lib:/usr/lib
Nov 07, 2015 11:12:01 PM org.apache.coyote.http11.Http11BaseProtocol init
INFO: Initializing Coyote HTTP/1.1 on http-11413
Nov 07, 2015 11:12:01 PM org.apache.catalina.startup.Catalina load
INFO: Initialization processed in 890 ms
Nov 07, 2015 11:12:01 PM org.apache.catalina.core.StandardService start
INFO: Starting service Catalina
Nov 07, 2015 11:12:01 PM org.apache.catalina.core.StandardEngine start
INFO: Starting Servlet Engine: Apache Tomcat/5.5.15
Nov 07, 2015 11:12:01 PM org.apache.catalina.core.StandardHost start
INFO: XML validation disabled
Nov 07, 2015 11:12:02 PM org.apache.coyote.http11.Http11BaseProtocol start
INFO: Starting Coyote HTTP/1.1 on http-11413
Nov 07, 2015 11:12:02 PM org.apache.catalina.storeconfig.StoreLoader load
INFO: Find registry server-registry.xml at classpath resource
Nov 07, 2015 11:12:02 PM org.apache.catalina.startup.Catalina start
INFO: Server startup in 1852 ms
Nov 07, 2015 11:16:43 PM org.apache.coyote.http11.Http11BaseProtocol pause
INFO: Pausing Coyote HTTP/1.1 on http-11413
Nov 07, 2015 11:16:44 PM org.apache.catalina.core.StandardService stop
INFO: Stopping service Catalina
Nov 07, 2015 11:16:44 PM org.apache.coyote.http11.Http11BaseProtocol destroy
INFO: Stopping Coyote HTTP/1.1 on http-11413
Nov 07, 2015 11:16:44 PM org.apache.catalina.core.AprLifecycleListener lifecycleEvent
INFO: Failed shutdown of Apache Portable Runtime
Nov 07, 2015 11:16:48 PM org.apache.catalina.core.AprLifecycleListener lifecycleEvent
INFO: The Apache Tomcat Native library which allows optimal performance in production environments was not found on the java.library.path: /usr/java/packages/lib/amd64:/usr/lib64:/lib64:/lib:/usr/lib
Nov 07, 2015 11:16:48 PM org.apache.coyote.http11.Http11BaseProtocol init
INFO: Initializing Coyote HTTP/1.1 on http-11413
Nov 07, 2015 11:16:48 PM org.apache.catalina.startup.Catalina load
INFO: Initialization processed in 902 ms
Nov 07, 2015 11:16:48 PM org.apache.catalina.core.StandardService start
INFO: Starting service Catalina
Nov 07, 2015 11:16:48 PM org.apache.catalina.core.StandardEngine start
INFO: Starting Servlet Engine: Apache Tomcat/5.5.15
Nov 07, 2015 11:16:48 PM org.apache.catalina.core.StandardHost start
INFO: XML validation disabled
Nov 07, 2015 11:16:50 PM org.apache.coyote.http11.Http11BaseProtocol start
INFO: Starting Coyote HTTP/1.1 on http-11413
Nov 07, 2015 11:16:50 PM org.apache.catalina.storeconfig.StoreLoader load
INFO: Find registry server-registry.xml at classpath resource
Nov 07, 2015 11:16:50 PM org.apache.catalina.startup.Catalina start
INFO: Server startup in 1823 ms
Nov 07, 2015 11:21:28 PM org.apache.coyote.http11.Http11BaseProtocol pause
INFO: Pausing Coyote HTTP/1.1 on http-11413
Nov 07, 2015 11:21:29 PM org.apache.catalina.core.StandardService stop
INFO: Stopping service Catalina
Nov 07, 2015 11:21:29 PM org.apache.coyote.http11.Http11BaseProtocol destroy
INFO: Stopping Coyote HTTP/1.1 on http-11413
Nov 07, 2015 11:21:29 PM org.apache.catalina.core.AprLifecycleListener lifecycleEvent
INFO: Failed shutdown of Apache Portable Runtime
Nov 07, 2015 11:21:33 PM org.apache.catalina.core.AprLifecycleListener lifecycleEvent
INFO: The Apache Tomcat Native library which allows optimal performance in production environments was not found on the java.library.path: /usr/java/packages/lib/amd64:/usr/lib64:/lib64:/lib:/usr/lib
Nov 07, 2015 11:21:33 PM org.apache.coyote.http11.Http11BaseProtocol init
INFO: Initializing Coyote HTTP/1.1 on http-11413
Nov 07, 2015 11:21:33 PM org.apache.catalina.startup.Catalina load
INFO: Initialization processed in 896 ms
Nov 07, 2015 11:21:33 PM org.apache.catalina.core.StandardService start
INFO: Starting service Catalina
Nov 07, 2015 11:21:33 PM org.apache.catalina.core.StandardEngine start
INFO: Starting Servlet Engine: Apache Tomcat/5.5.15
Nov 07, 2015 11:21:33 PM org.apache.catalina.core.StandardHost start
INFO: XML validation disabled
Nov 07, 2015 11:21:34 PM org.apache.coyote.http11.Http11BaseProtocol start
INFO: Starting Coyote HTTP/1.1 on http-11413
Nov 07, 2015 11:21:34 PM org.apache.catalina.storeconfig.StoreLoader load
INFO: Find registry server-registry.xml at classpath resource
Nov 07, 2015 11:21:35 PM org.apache.catalina.startup.Catalina start
INFO: Server startup in 1836 ms
Nov 07, 2015 11:22:28 PM org.apache.coyote.http11.Http11BaseProtocol pause
INFO: Pausing Coyote HTTP/1.1 on http-11413
Nov 07, 2015 11:22:29 PM org.apache.catalina.core.StandardService stop
INFO: Stopping service Catalina
Nov 07, 2015 11:22:29 PM org.apache.coyote.http11.Http11BaseProtocol destroy
INFO: Stopping Coyote HTTP/1.1 on http-11413
Nov 07, 2015 11:22:29 PM org.apache.catalina.core.AprLifecycleListener lifecycleEvent
INFO: Failed shutdown of Apache Portable Runtime
Nov 07, 2015 11:22:33 PM org.apache.catalina.core.AprLifecycleListener lifecycleEvent
INFO: The Apache Tomcat Native library which allows optimal performance in production environments was not found on the java.library.path: /usr/java/packages/lib/amd64:/usr/lib64:/lib64:/lib:/usr/lib
Nov 07, 2015 11:22:33 PM org.apache.coyote.http11.Http11BaseProtocol init
INFO: Initializing Coyote HTTP/1.1 on http-11413
Nov 07, 2015 11:22:33 PM org.apache.catalina.startup.Catalina load
INFO: Initialization processed in 957 ms
Nov 07, 2015 11:22:33 PM org.apache.catalina.core.StandardService start
INFO: Starting service Catalina
Nov 07, 2015 11:22:33 PM org.apache.catalina.core.StandardEngine start
INFO: Starting Servlet Engine: Apache Tomcat/5.5.15
Nov 07, 2015 11:22:33 PM org.apache.catalina.core.StandardHost start
INFO: XML validation disabled
Nov 07, 2015 11:22:35 PM org.apache.coyote.http11.Http11BaseProtocol start
INFO: Starting Coyote HTTP/1.1 on http-11413
Nov 07, 2015 11:22:35 PM org.apache.catalina.storeconfig.StoreLoader load
INFO: Find registry server-registry.xml at classpath resource
Nov 07, 2015 11:22:35 PM org.apache.catalina.startup.Catalina start
INFO: Server startup in 1848 ms
Nov 07, 2015 11:46:14 PM org.apache.coyote.http11.Http11BaseProtocol pause
INFO: Pausing Coyote HTTP/1.1 on http-11413
Nov 07, 2015 11:46:15 PM org.apache.catalina.core.StandardService stop
INFO: Stopping service Catalina
Nov 07, 2015 11:46:15 PM org.apache.coyote.http11.Http11BaseProtocol destroy
INFO: Stopping Coyote HTTP/1.1 on http-11413
Nov 07, 2015 11:46:15 PM org.apache.catalina.core.AprLifecycleListener lifecycleEvent
INFO: Failed shutdown of Apache Portable Runtime
Nov 07, 2015 11:46:19 PM org.apache.catalina.core.AprLifecycleListener lifecycleEvent
INFO: The Apache Tomcat Native library which allows optimal performance in production environments was not found on the java.library.path: /usr/java/packages/lib/amd64:/usr/lib64:/lib64:/lib:/usr/lib
Nov 07, 2015 11:46:19 PM org.apache.coyote.http11.Http11BaseProtocol init
INFO: Initializing Coyote HTTP/1.1 on http-11413
Nov 07, 2015 11:46:19 PM org.apache.catalina.startup.Catalina load
INFO: Initialization processed in 963 ms
Nov 07, 2015 11:46:19 PM org.apache.catalina.core.StandardService start
INFO: Starting service Catalina
Nov 07, 2015 11:46:19 PM org.apache.catalina.core.StandardEngine start
INFO: Starting Servlet Engine: Apache Tomcat/5.5.15
Nov 07, 2015 11:46:19 PM org.apache.catalina.core.StandardHost start
INFO: XML validation disabled
Nov 07, 2015 11:46:21 PM org.apache.coyote.http11.Http11BaseProtocol start
INFO: Starting Coyote HTTP/1.1 on http-11413
Nov 07, 2015 11:46:21 PM org.apache.catalina.storeconfig.StoreLoader load
INFO: Find registry server-registry.xml at classpath resource
Nov 07, 2015 11:46:21 PM org.apache.catalina.startup.Catalina start
INFO: Server startup in 2061 ms
Nov 07, 2015 11:47:12 PM org.apache.coyote.http11.Http11BaseProtocol pause
INFO: Pausing Coyote HTTP/1.1 on http-11413
Nov 07, 2015 11:47:13 PM org.apache.catalina.core.StandardService stop
INFO: Stopping service Catalina
Nov 07, 2015 11:47:13 PM org.apache.coyote.http11.Http11BaseProtocol destroy
INFO: Stopping Coyote HTTP/1.1 on http-11413
Nov 07, 2015 11:47:13 PM org.apache.catalina.core.AprLifecycleListener lifecycleEvent
INFO: Failed shutdown of Apache Portable Runtime
Nov 07, 2015 11:47:17 PM org.apache.catalina.core.AprLifecycleListener lifecycleEvent
INFO: The Apache Tomcat Native library which allows optimal performance in production environments was not found on the java.library.path: /usr/java/packages/lib/amd64:/usr/lib64:/lib64:/lib:/usr/lib
Nov 07, 2015 11:47:17 PM org.apache.coyote.http11.Http11BaseProtocol init
INFO: Initializing Coyote HTTP/1.1 on http-11413
Nov 07, 2015 11:47:17 PM org.apache.catalina.startup.Catalina load
INFO: Initialization processed in 948 ms
Nov 07, 2015 11:47:17 PM org.apache.catalina.core.StandardService start
INFO: Starting service Catalina
Nov 07, 2015 11:47:17 PM org.apache.catalina.core.StandardEngine start
INFO: Starting Servlet Engine: Apache Tomcat/5.5.15
Nov 07, 2015 11:47:17 PM org.apache.catalina.core.StandardHost start
INFO: XML validation disabled
Nov 07, 2015 11:47:19 PM org.apache.coyote.http11.Http11BaseProtocol start
INFO: Starting Coyote HTTP/1.1 on http-11413
Nov 07, 2015 11:47:19 PM org.apache.catalina.storeconfig.StoreLoader load
INFO: Find registry server-registry.xml at classpath resource
Nov 07, 2015 11:47:19 PM org.apache.catalina.startup.Catalina start
INFO: Server startup in 1836 ms
Nov 07, 2015 11:48:14 PM org.apache.coyote.http11.Http11BaseProtocol pause
INFO: Pausing Coyote HTTP/1.1 on http-11413
Nov 07, 2015 11:48:15 PM org.apache.catalina.core.StandardService stop
INFO: Stopping service Catalina
Nov 07, 2015 11:48:15 PM org.apache.coyote.http11.Http11BaseProtocol destroy
INFO: Stopping Coyote HTTP/1.1 on http-11413
Nov 07, 2015 11:48:15 PM org.apache.catalina.core.AprLifecycleListener lifecycleEvent
INFO: Failed shutdown of Apache Portable Runtime
Nov 07, 2015 11:48:19 PM org.apache.catalina.core.AprLifecycleListener lifecycleEvent
INFO: The Apache Tomcat Native library which allows optimal performance in production environments was not found on the java.library.path: /usr/java/packages/lib/amd64:/usr/lib64:/lib64:/lib:/usr/lib
Nov 07, 2015 11:48:19 PM org.apache.coyote.http11.Http11BaseProtocol init
INFO: Initializing Coyote HTTP/1.1 on http-11413
Nov 07, 2015 11:48:19 PM org.apache.catalina.startup.Catalina load
INFO: Initialization processed in 955 ms
Nov 07, 2015 11:48:19 PM org.apache.catalina.core.StandardService start
INFO: Starting service Catalina
Nov 07, 2015 11:48:19 PM org.apache.catalina.core.StandardEngine start
INFO: Starting Servlet Engine: Apache Tomcat/5.5.15
Nov 07, 2015 11:48:19 PM org.apache.catalina.core.StandardHost start
INFO: XML validation disabled
Nov 07, 2015 11:48:21 PM org.apache.coyote.http11.Http11BaseProtocol start
INFO: Starting Coyote HTTP/1.1 on http-11413
Nov 07, 2015 11:48:21 PM org.apache.catalina.storeconfig.StoreLoader load
INFO: Find registry server-registry.xml at classpath resource
Nov 07, 2015 11:48:21 PM org.apache.catalina.startup.Catalina start
INFO: Server startup in 1891 ms
