Nov 02, 2015 5:49:36 PM org.apache.catalina.core.AprLifecycleListener lifecycleEvent
INFO: The Apache Tomcat Native library which allows optimal performance in production environments was not found on the java.library.path: /usr/java/packages/lib/amd64:/usr/lib64:/lib64:/lib:/usr/lib
Nov 02, 2015 5:49:37 PM org.apache.coyote.http11.Http11BaseProtocol init
INFO: Initializing Coyote HTTP/1.1 on http-11413
Nov 02, 2015 5:49:37 PM org.apache.catalina.startup.Catalina load
INFO: Initialization processed in 1268 ms
Nov 02, 2015 5:49:37 PM org.apache.catalina.core.StandardService start
INFO: Starting service Catalina
Nov 02, 2015 5:49:37 PM org.apache.catalina.core.StandardEngine start
INFO: Starting Servlet Engine: Apache Tomcat/5.5.15
Nov 02, 2015 5:49:37 PM org.apache.catalina.core.StandardHost start
INFO: XML validation disabled
Nov 02, 2015 5:49:38 PM org.apache.coyote.http11.Http11BaseProtocol start
INFO: Starting Coyote HTTP/1.1 on http-11413
Nov 02, 2015 5:49:39 PM org.apache.catalina.storeconfig.StoreLoader load
INFO: Find registry server-registry.xml at classpath resource
Nov 02, 2015 5:49:39 PM org.apache.catalina.startup.Catalina start
INFO: Server startup in 2089 ms
Nov 02, 2015 5:50:05 PM org.apache.coyote.http11.Http11BaseProtocol pause
INFO: Pausing Coyote HTTP/1.1 on http-11413
Nov 02, 2015 5:50:06 PM org.apache.catalina.core.StandardService stop
INFO: Stopping service Catalina
Nov 02, 2015 5:50:06 PM org.apache.coyote.http11.Http11BaseProtocol destroy
INFO: Stopping Coyote HTTP/1.1 on http-11413
Nov 02, 2015 5:50:06 PM org.apache.catalina.core.AprLifecycleListener lifecycleEvent
INFO: Failed shutdown of Apache Portable Runtime
Nov 02, 2015 5:50:45 PM org.apache.catalina.core.AprLifecycleListener lifecycleEvent
INFO: The Apache Tomcat Native library which allows optimal performance in production environments was not found on the java.library.path: /usr/java/packages/lib/amd64:/usr/lib64:/lib64:/lib:/usr/lib
Nov 02, 2015 5:50:45 PM org.apache.coyote.http11.Http11BaseProtocol init
INFO: Initializing Coyote HTTP/1.1 on http-11413
Nov 02, 2015 5:50:45 PM org.apache.catalina.startup.Catalina load
INFO: Initialization processed in 966 ms
Nov 02, 2015 5:50:45 PM org.apache.catalina.core.StandardService start
INFO: Starting service Catalina
Nov 02, 2015 5:50:45 PM org.apache.catalina.core.StandardEngine start
INFO: Starting Servlet Engine: Apache Tomcat/5.5.15
Nov 02, 2015 5:50:45 PM org.apache.catalina.core.StandardHost start
INFO: XML validation disabled
Nov 02, 2015 5:50:46 PM org.apache.coyote.http11.Http11BaseProtocol start
INFO: Starting Coyote HTTP/1.1 on http-11413
Nov 02, 2015 5:50:46 PM org.apache.catalina.storeconfig.StoreLoader load
INFO: Find registry server-registry.xml at classpath resource
Nov 02, 2015 5:50:47 PM org.apache.catalina.startup.Catalina start
INFO: Server startup in 1656 ms
Nov 02, 2015 5:52:39 PM org.apache.coyote.http11.Http11BaseProtocol pause
INFO: Pausing Coyote HTTP/1.1 on http-11413
Nov 02, 2015 5:52:40 PM org.apache.catalina.core.StandardService stop
INFO: Stopping service Catalina
Nov 02, 2015 5:52:40 PM org.apache.coyote.http11.Http11BaseProtocol destroy
INFO: Stopping Coyote HTTP/1.1 on http-11413
Nov 02, 2015 5:52:40 PM org.apache.catalina.core.AprLifecycleListener lifecycleEvent
INFO: Failed shutdown of Apache Portable Runtime
Nov 02, 2015 5:57:33 PM org.apache.catalina.core.AprLifecycleListener lifecycleEvent
INFO: The Apache Tomcat Native library which allows optimal performance in production environments was not found on the java.library.path: /usr/java/packages/lib/amd64:/usr/lib64:/lib64:/lib:/usr/lib
Nov 02, 2015 5:57:33 PM org.apache.coyote.http11.Http11BaseProtocol init
INFO: Initializing Coyote HTTP/1.1 on http-11413
Nov 02, 2015 5:57:33 PM org.apache.catalina.startup.Catalina load
INFO: Initialization processed in 939 ms
Nov 02, 2015 5:57:33 PM org.apache.catalina.core.StandardService start
INFO: Starting service Catalina
Nov 02, 2015 5:57:33 PM org.apache.catalina.core.StandardEngine start
INFO: Starting Servlet Engine: Apache Tomcat/5.5.15
Nov 02, 2015 5:57:33 PM org.apache.catalina.core.StandardHost start
INFO: XML validation disabled
Nov 02, 2015 5:57:35 PM org.apache.coyote.http11.Http11BaseProtocol start
INFO: Starting Coyote HTTP/1.1 on http-11413
Nov 02, 2015 5:57:35 PM org.apache.catalina.storeconfig.StoreLoader load
INFO: Find registry server-registry.xml at classpath resource
Nov 02, 2015 5:57:35 PM org.apache.catalina.startup.Catalina start
INFO: Server startup in 1771 ms
Nov 02, 2015 6:02:55 PM org.apache.coyote.http11.Http11BaseProtocol pause
INFO: Pausing Coyote HTTP/1.1 on http-11413
Nov 02, 2015 6:02:56 PM org.apache.catalina.core.StandardService stop
INFO: Stopping service Catalina
Nov 02, 2015 6:02:56 PM org.apache.coyote.http11.Http11BaseProtocol destroy
INFO: Stopping Coyote HTTP/1.1 on http-11413
Nov 02, 2015 6:02:56 PM org.apache.catalina.core.AprLifecycleListener lifecycleEvent
INFO: Failed shutdown of Apache Portable Runtime
Nov 02, 2015 6:03:00 PM org.apache.catalina.core.AprLifecycleListener lifecycleEvent
INFO: The Apache Tomcat Native library which allows optimal performance in production environments was not found on the java.library.path: /usr/java/packages/lib/amd64:/usr/lib64:/lib64:/lib:/usr/lib
Nov 02, 2015 6:03:00 PM org.apache.coyote.http11.Http11BaseProtocol init
INFO: Initializing Coyote HTTP/1.1 on http-11413
Nov 02, 2015 6:03:00 PM org.apache.catalina.startup.Catalina load
INFO: Initialization processed in 958 ms
Nov 02, 2015 6:03:00 PM org.apache.catalina.core.StandardService start
INFO: Starting service Catalina
Nov 02, 2015 6:03:00 PM org.apache.catalina.core.StandardEngine start
INFO: Starting Servlet Engine: Apache Tomcat/5.5.15
Nov 02, 2015 6:03:00 PM org.apache.catalina.core.StandardHost start
INFO: XML validation disabled
Nov 02, 2015 6:03:02 PM org.apache.coyote.http11.Http11BaseProtocol start
INFO: Starting Coyote HTTP/1.1 on http-11413
Nov 02, 2015 6:03:02 PM org.apache.catalina.storeconfig.StoreLoader load
INFO: Find registry server-registry.xml at classpath resource
Nov 02, 2015 6:03:02 PM org.apache.catalina.startup.Catalina start
INFO: Server startup in 1800 ms
Nov 02, 2015 7:05:26 PM org.apache.coyote.http11.Http11BaseProtocol pause
INFO: Pausing Coyote HTTP/1.1 on http-11413
Nov 02, 2015 7:05:27 PM org.apache.catalina.core.StandardService stop
INFO: Stopping service Catalina
Nov 02, 2015 7:05:27 PM org.apache.coyote.http11.Http11BaseProtocol destroy
INFO: Stopping Coyote HTTP/1.1 on http-11413
Nov 02, 2015 7:05:27 PM org.apache.catalina.core.AprLifecycleListener lifecycleEvent
INFO: Failed shutdown of Apache Portable Runtime
Nov 02, 2015 7:05:31 PM org.apache.catalina.core.AprLifecycleListener lifecycleEvent
INFO: The Apache Tomcat Native library which allows optimal performance in production environments was not found on the java.library.path: /usr/java/packages/lib/amd64:/usr/lib64:/lib64:/lib:/usr/lib
Nov 02, 2015 7:05:31 PM org.apache.coyote.http11.Http11BaseProtocol init
INFO: Initializing Coyote HTTP/1.1 on http-11413
Nov 02, 2015 7:05:31 PM org.apache.catalina.startup.Catalina load
INFO: Initialization processed in 930 ms
Nov 02, 2015 7:05:31 PM org.apache.catalina.core.StandardService start
INFO: Starting service Catalina
Nov 02, 2015 7:05:31 PM org.apache.catalina.core.StandardEngine start
INFO: Starting Servlet Engine: Apache Tomcat/5.5.15
Nov 02, 2015 7:05:31 PM org.apache.catalina.core.StandardHost start
INFO: XML validation disabled
Nov 02, 2015 7:05:33 PM org.apache.coyote.http11.Http11BaseProtocol start
INFO: Starting Coyote HTTP/1.1 on http-11413
Nov 02, 2015 7:05:33 PM org.apache.catalina.storeconfig.StoreLoader load
INFO: Find registry server-registry.xml at classpath resource
Nov 02, 2015 7:05:33 PM org.apache.catalina.startup.Catalina start
INFO: Server startup in 1741 ms
Nov 02, 2015 9:56:09 PM org.apache.coyote.http11.Http11BaseProtocol pause
INFO: Pausing Coyote HTTP/1.1 on http-11413
Nov 02, 2015 9:56:10 PM org.apache.catalina.core.StandardService stop
INFO: Stopping service Catalina
Nov 02, 2015 9:56:10 PM org.apache.coyote.http11.Http11BaseProtocol destroy
INFO: Stopping Coyote HTTP/1.1 on http-11413
Nov 02, 2015 9:56:10 PM org.apache.catalina.core.AprLifecycleListener lifecycleEvent
INFO: Failed shutdown of Apache Portable Runtime
Nov 02, 2015 9:56:13 PM org.apache.catalina.core.AprLifecycleListener lifecycleEvent
INFO: The Apache Tomcat Native library which allows optimal performance in production environments was not found on the java.library.path: /usr/java/packages/lib/amd64:/usr/lib64:/lib64:/lib:/usr/lib
Nov 02, 2015 9:56:13 PM org.apache.coyote.http11.Http11BaseProtocol init
INFO: Initializing Coyote HTTP/1.1 on http-11413
Nov 02, 2015 9:56:13 PM org.apache.catalina.startup.Catalina load
INFO: Initialization processed in 912 ms
Nov 02, 2015 9:56:14 PM org.apache.catalina.core.StandardService start
INFO: Starting service Catalina
Nov 02, 2015 9:56:14 PM org.apache.catalina.core.StandardEngine start
INFO: Starting Servlet Engine: Apache Tomcat/5.5.15
Nov 02, 2015 9:56:14 PM org.apache.catalina.core.StandardHost start
INFO: XML validation disabled
Nov 02, 2015 9:56:14 PM org.apache.catalina.core.StandardContext resourcesStart
SEVERE: Error starting static Resources
java.lang.IllegalArgumentException: Document base /home/ugrad/chojoe/CS460/pa1/apache-tomcat-5.5.15/webapps/photoshare does not exist or is not a readable directory
	at org.apache.naming.resources.FileDirContext.setDocBase(FileDirContext.java:140)
	at org.apache.catalina.core.StandardContext.resourcesStart(StandardContext.java:3812)
	at org.apache.catalina.core.StandardContext.start(StandardContext.java:3983)
	at org.apache.catalina.core.ContainerBase.addChildInternal(ContainerBase.java:759)
	at org.apache.catalina.core.ContainerBase.addChild(ContainerBase.java:739)
	at org.apache.catalina.core.StandardHost.addChild(StandardHost.java:524)
	at org.apache.catalina.startup.HostConfig.deployDescriptor(HostConfig.java:603)
	at org.apache.catalina.startup.HostConfig.deployDescriptors(HostConfig.java:535)
	at org.apache.catalina.startup.HostConfig.deployApps(HostConfig.java:470)
	at org.apache.catalina.startup.HostConfig.start(HostConfig.java:1118)
	at org.apache.catalina.startup.HostConfig.lifecycleEvent(HostConfig.java:310)
	at org.apache.catalina.util.LifecycleSupport.fireLifecycleEvent(LifecycleSupport.java:119)
	at org.apache.catalina.core.ContainerBase.start(ContainerBase.java:1020)
	at org.apache.catalina.core.StandardHost.start(StandardHost.java:718)
	at org.apache.catalina.core.ContainerBase.start(ContainerBase.java:1012)
	at org.apache.catalina.core.StandardEngine.start(StandardEngine.java:442)
	at org.apache.catalina.core.StandardService.start(StandardService.java:450)
	at org.apache.catalina.core.StandardServer.start(StandardServer.java:700)
	at org.apache.catalina.startup.Catalina.start(Catalina.java:551)
	at sun.reflect.NativeMethodAccessorImpl.invoke0(Native Method)
	at sun.reflect.NativeMethodAccessorImpl.invoke(NativeMethodAccessorImpl.java:57)
	at sun.reflect.DelegatingMethodAccessorImpl.invoke(DelegatingMethodAccessorImpl.java:43)
	at java.lang.reflect.Method.invoke(Method.java:606)
	at org.apache.catalina.startup.Bootstrap.start(Bootstrap.java:275)
	at org.apache.catalina.startup.Bootstrap.main(Bootstrap.java:413)

Nov 02, 2015 9:56:14 PM org.apache.catalina.core.StandardContext start
SEVERE: Error in resourceStart()
Nov 02, 2015 9:56:14 PM org.apache.catalina.core.StandardContext start
SEVERE: Error getConfigured
Nov 02, 2015 9:56:14 PM org.apache.catalina.core.StandardContext start
SEVERE: Context [/photoshare] startup failed due to previous errors
Nov 02, 2015 9:56:14 PM org.apache.catalina.core.StandardContext stop
INFO: Container org.apache.catalina.core.ContainerBase.[Catalina].[localhost].[/photoshare] has not been started
Nov 02, 2015 9:56:15 PM org.apache.coyote.http11.Http11BaseProtocol start
INFO: Starting Coyote HTTP/1.1 on http-11413
Nov 02, 2015 9:56:15 PM org.apache.catalina.storeconfig.StoreLoader load
INFO: Find registry server-registry.xml at classpath resource
Nov 02, 2015 9:56:15 PM org.apache.catalina.startup.Catalina start
INFO: Server startup in 1309 ms
Nov 02, 2015 9:57:16 PM org.apache.coyote.http11.Http11BaseProtocol pause
INFO: Pausing Coyote HTTP/1.1 on http-11413
Nov 02, 2015 9:57:17 PM org.apache.catalina.core.StandardService stop
INFO: Stopping service Catalina
Nov 02, 2015 9:57:17 PM org.apache.coyote.http11.Http11BaseProtocol destroy
INFO: Stopping Coyote HTTP/1.1 on http-11413
Nov 02, 2015 9:57:17 PM org.apache.catalina.core.AprLifecycleListener lifecycleEvent
INFO: Failed shutdown of Apache Portable Runtime
Nov 02, 2015 9:57:20 PM org.apache.catalina.core.AprLifecycleListener lifecycleEvent
INFO: The Apache Tomcat Native library which allows optimal performance in production environments was not found on the java.library.path: /usr/java/packages/lib/amd64:/usr/lib64:/lib64:/lib:/usr/lib
Nov 02, 2015 9:57:20 PM org.apache.coyote.http11.Http11BaseProtocol init
INFO: Initializing Coyote HTTP/1.1 on http-11413
Nov 02, 2015 9:57:20 PM org.apache.catalina.startup.Catalina load
INFO: Initialization processed in 996 ms
Nov 02, 2015 9:57:20 PM org.apache.catalina.core.StandardService start
INFO: Starting service Catalina
Nov 02, 2015 9:57:20 PM org.apache.catalina.core.StandardEngine start
INFO: Starting Servlet Engine: Apache Tomcat/5.5.15
Nov 02, 2015 9:57:20 PM org.apache.catalina.core.StandardHost start
INFO: XML validation disabled
Nov 02, 2015 9:57:21 PM org.apache.catalina.core.StandardContext resourcesStart
SEVERE: Error starting static Resources
java.lang.IllegalArgumentException: Document base /home/ugrad/chojoe/CS460/pa1/apache-tomcat-5.5.15/webapps/photoshare does not exist or is not a readable directory
	at org.apache.naming.resources.FileDirContext.setDocBase(FileDirContext.java:140)
	at org.apache.catalina.core.StandardContext.resourcesStart(StandardContext.java:3812)
	at org.apache.catalina.core.StandardContext.start(StandardContext.java:3983)
	at org.apache.catalina.core.ContainerBase.addChildInternal(ContainerBase.java:759)
	at org.apache.catalina.core.ContainerBase.addChild(ContainerBase.java:739)
	at org.apache.catalina.core.StandardHost.addChild(StandardHost.java:524)
	at org.apache.catalina.startup.HostConfig.deployDescriptor(HostConfig.java:603)
	at org.apache.catalina.startup.HostConfig.deployDescriptors(HostConfig.java:535)
	at org.apache.catalina.startup.HostConfig.deployApps(HostConfig.java:470)
	at org.apache.catalina.startup.HostConfig.start(HostConfig.java:1118)
	at org.apache.catalina.startup.HostConfig.lifecycleEvent(HostConfig.java:310)
	at org.apache.catalina.util.LifecycleSupport.fireLifecycleEvent(LifecycleSupport.java:119)
	at org.apache.catalina.core.ContainerBase.start(ContainerBase.java:1020)
	at org.apache.catalina.core.StandardHost.start(StandardHost.java:718)
	at org.apache.catalina.core.ContainerBase.start(ContainerBase.java:1012)
	at org.apache.catalina.core.StandardEngine.start(StandardEngine.java:442)
	at org.apache.catalina.core.StandardService.start(StandardService.java:450)
	at org.apache.catalina.core.StandardServer.start(StandardServer.java:700)
	at org.apache.catalina.startup.Catalina.start(Catalina.java:551)
	at sun.reflect.NativeMethodAccessorImpl.invoke0(Native Method)
	at sun.reflect.NativeMethodAccessorImpl.invoke(NativeMethodAccessorImpl.java:57)
	at sun.reflect.DelegatingMethodAccessorImpl.invoke(DelegatingMethodAccessorImpl.java:43)
	at java.lang.reflect.Method.invoke(Method.java:606)
	at org.apache.catalina.startup.Bootstrap.start(Bootstrap.java:275)
	at org.apache.catalina.startup.Bootstrap.main(Bootstrap.java:413)

Nov 02, 2015 9:57:21 PM org.apache.catalina.core.StandardContext start
SEVERE: Error in resourceStart()
Nov 02, 2015 9:57:21 PM org.apache.catalina.core.StandardContext start
SEVERE: Error getConfigured
Nov 02, 2015 9:57:21 PM org.apache.catalina.core.StandardContext start
SEVERE: Context [/photoshare] startup failed due to previous errors
Nov 02, 2015 9:57:21 PM org.apache.catalina.core.StandardContext stop
INFO: Container org.apache.catalina.core.ContainerBase.[Catalina].[localhost].[/photoshare] has not been started
Nov 02, 2015 9:57:22 PM org.apache.coyote.http11.Http11BaseProtocol start
INFO: Starting Coyote HTTP/1.1 on http-11413
Nov 02, 2015 9:57:22 PM org.apache.catalina.storeconfig.StoreLoader load
INFO: Find registry server-registry.xml at classpath resource
Nov 02, 2015 9:57:22 PM org.apache.catalina.startup.Catalina start
INFO: Server startup in 1400 ms
Nov 02, 2015 9:59:56 PM org.apache.coyote.http11.Http11BaseProtocol pause
INFO: Pausing Coyote HTTP/1.1 on http-11413
Nov 02, 2015 9:59:57 PM org.apache.catalina.core.StandardService stop
INFO: Stopping service Catalina
Nov 02, 2015 9:59:57 PM org.apache.coyote.http11.Http11BaseProtocol destroy
INFO: Stopping Coyote HTTP/1.1 on http-11413
Nov 02, 2015 9:59:57 PM org.apache.catalina.core.AprLifecycleListener lifecycleEvent
INFO: Failed shutdown of Apache Portable Runtime
Nov 02, 2015 10:00:00 PM org.apache.catalina.core.AprLifecycleListener lifecycleEvent
INFO: The Apache Tomcat Native library which allows optimal performance in production environments was not found on the java.library.path: /usr/java/packages/lib/amd64:/usr/lib64:/lib64:/lib:/usr/lib
Nov 02, 2015 10:00:00 PM org.apache.coyote.http11.Http11BaseProtocol init
INFO: Initializing Coyote HTTP/1.1 on http-11413
Nov 02, 2015 10:00:00 PM org.apache.catalina.startup.Catalina load
INFO: Initialization processed in 926 ms
Nov 02, 2015 10:00:01 PM org.apache.catalina.core.StandardService start
INFO: Starting service Catalina
Nov 02, 2015 10:00:01 PM org.apache.catalina.core.StandardEngine start
INFO: Starting Servlet Engine: Apache Tomcat/5.5.15
Nov 02, 2015 10:00:01 PM org.apache.catalina.core.StandardHost start
INFO: XML validation disabled
Nov 02, 2015 10:00:02 PM org.apache.coyote.http11.Http11BaseProtocol start
INFO: Starting Coyote HTTP/1.1 on http-11413
Nov 02, 2015 10:00:02 PM org.apache.catalina.storeconfig.StoreLoader load
INFO: Find registry server-registry.xml at classpath resource
Nov 02, 2015 10:00:02 PM org.apache.catalina.startup.Catalina start
INFO: Server startup in 1883 ms
Nov 02, 2015 10:11:41 PM org.apache.coyote.http11.Http11BaseProtocol pause
INFO: Pausing Coyote HTTP/1.1 on http-11413
Nov 02, 2015 10:11:42 PM org.apache.catalina.core.StandardService stop
INFO: Stopping service Catalina
Nov 02, 2015 10:11:42 PM org.apache.coyote.http11.Http11BaseProtocol destroy
INFO: Stopping Coyote HTTP/1.1 on http-11413
Nov 02, 2015 10:11:42 PM org.apache.catalina.core.AprLifecycleListener lifecycleEvent
INFO: Failed shutdown of Apache Portable Runtime
Nov 02, 2015 10:11:46 PM org.apache.catalina.core.AprLifecycleListener lifecycleEvent
INFO: The Apache Tomcat Native library which allows optimal performance in production environments was not found on the java.library.path: /usr/java/packages/lib/amd64:/usr/lib64:/lib64:/lib:/usr/lib
Nov 02, 2015 10:11:46 PM org.apache.coyote.http11.Http11BaseProtocol init
INFO: Initializing Coyote HTTP/1.1 on http-11413
Nov 02, 2015 10:11:46 PM org.apache.catalina.startup.Catalina load
INFO: Initialization processed in 977 ms
Nov 02, 2015 10:11:46 PM org.apache.catalina.core.StandardService start
INFO: Starting service Catalina
Nov 02, 2015 10:11:46 PM org.apache.catalina.core.StandardEngine start
INFO: Starting Servlet Engine: Apache Tomcat/5.5.15
Nov 02, 2015 10:11:46 PM org.apache.catalina.core.StandardHost start
INFO: XML validation disabled
Nov 02, 2015 10:11:48 PM org.apache.coyote.http11.Http11BaseProtocol start
INFO: Starting Coyote HTTP/1.1 on http-11413
Nov 02, 2015 10:11:48 PM org.apache.catalina.storeconfig.StoreLoader load
INFO: Find registry server-registry.xml at classpath resource
Nov 02, 2015 10:11:48 PM org.apache.catalina.startup.Catalina start
INFO: Server startup in 2001 ms
Nov 02, 2015 10:20:58 PM org.apache.coyote.http11.Http11BaseProtocol pause
INFO: Pausing Coyote HTTP/1.1 on http-11413
Nov 02, 2015 10:20:59 PM org.apache.catalina.core.StandardService stop
INFO: Stopping service Catalina
Nov 02, 2015 10:20:59 PM org.apache.coyote.http11.Http11BaseProtocol destroy
INFO: Stopping Coyote HTTP/1.1 on http-11413
Nov 02, 2015 10:20:59 PM org.apache.catalina.core.AprLifecycleListener lifecycleEvent
INFO: Failed shutdown of Apache Portable Runtime
Nov 02, 2015 10:21:03 PM org.apache.catalina.core.AprLifecycleListener lifecycleEvent
INFO: The Apache Tomcat Native library which allows optimal performance in production environments was not found on the java.library.path: /usr/java/packages/lib/amd64:/usr/lib64:/lib64:/lib:/usr/lib
Nov 02, 2015 10:21:03 PM org.apache.coyote.http11.Http11BaseProtocol init
INFO: Initializing Coyote HTTP/1.1 on http-11413
Nov 02, 2015 10:21:03 PM org.apache.catalina.startup.Catalina load
INFO: Initialization processed in 971 ms
Nov 02, 2015 10:21:04 PM org.apache.catalina.core.StandardService start
INFO: Starting service Catalina
Nov 02, 2015 10:21:04 PM org.apache.catalina.core.StandardEngine start
INFO: Starting Servlet Engine: Apache Tomcat/5.5.15
Nov 02, 2015 10:21:04 PM org.apache.catalina.core.StandardHost start
INFO: XML validation disabled
Nov 02, 2015 10:21:05 PM org.apache.coyote.http11.Http11BaseProtocol start
INFO: Starting Coyote HTTP/1.1 on http-11413
Nov 02, 2015 10:21:05 PM org.apache.catalina.storeconfig.StoreLoader load
INFO: Find registry server-registry.xml at classpath resource
Nov 02, 2015 10:21:05 PM org.apache.catalina.startup.Catalina start
INFO: Server startup in 1863 ms
Nov 02, 2015 10:24:34 PM org.apache.coyote.http11.Http11BaseProtocol pause
INFO: Pausing Coyote HTTP/1.1 on http-11413
Nov 02, 2015 10:24:35 PM org.apache.catalina.core.StandardService stop
INFO: Stopping service Catalina
Nov 02, 2015 10:24:35 PM org.apache.coyote.http11.Http11BaseProtocol destroy
INFO: Stopping Coyote HTTP/1.1 on http-11413
Nov 02, 2015 10:24:35 PM org.apache.catalina.core.AprLifecycleListener lifecycleEvent
INFO: Failed shutdown of Apache Portable Runtime
Nov 02, 2015 10:24:39 PM org.apache.catalina.core.AprLifecycleListener lifecycleEvent
INFO: The Apache Tomcat Native library which allows optimal performance in production environments was not found on the java.library.path: /usr/java/packages/lib/amd64:/usr/lib64:/lib64:/lib:/usr/lib
Nov 02, 2015 10:24:39 PM org.apache.coyote.http11.Http11BaseProtocol init
INFO: Initializing Coyote HTTP/1.1 on http-11413
Nov 02, 2015 10:24:39 PM org.apache.catalina.startup.Catalina load
INFO: Initialization processed in 899 ms
Nov 02, 2015 10:24:39 PM org.apache.catalina.core.StandardService start
INFO: Starting service Catalina
Nov 02, 2015 10:24:39 PM org.apache.catalina.core.StandardEngine start
INFO: Starting Servlet Engine: Apache Tomcat/5.5.15
Nov 02, 2015 10:24:40 PM org.apache.catalina.core.StandardHost start
INFO: XML validation disabled
Nov 02, 2015 10:24:41 PM org.apache.coyote.http11.Http11BaseProtocol start
INFO: Starting Coyote HTTP/1.1 on http-11413
Nov 02, 2015 10:24:41 PM org.apache.catalina.storeconfig.StoreLoader load
INFO: Find registry server-registry.xml at classpath resource
Nov 02, 2015 10:24:41 PM org.apache.catalina.startup.Catalina start
INFO: Server startup in 2046 ms
Nov 02, 2015 10:46:48 PM org.apache.coyote.http11.Http11BaseProtocol pause
INFO: Pausing Coyote HTTP/1.1 on http-11413
Nov 02, 2015 10:46:49 PM org.apache.catalina.core.StandardService stop
INFO: Stopping service Catalina
Nov 02, 2015 10:46:49 PM org.apache.coyote.http11.Http11BaseProtocol destroy
INFO: Stopping Coyote HTTP/1.1 on http-11413
Nov 02, 2015 10:46:49 PM org.apache.catalina.core.AprLifecycleListener lifecycleEvent
INFO: Failed shutdown of Apache Portable Runtime
Nov 02, 2015 10:46:52 PM org.apache.catalina.core.AprLifecycleListener lifecycleEvent
INFO: The Apache Tomcat Native library which allows optimal performance in production environments was not found on the java.library.path: /usr/java/packages/lib/amd64:/usr/lib64:/lib64:/lib:/usr/lib
Nov 02, 2015 10:46:52 PM org.apache.coyote.http11.Http11BaseProtocol init
INFO: Initializing Coyote HTTP/1.1 on http-11413
Nov 02, 2015 10:46:52 PM org.apache.catalina.startup.Catalina load
INFO: Initialization processed in 936 ms
Nov 02, 2015 10:46:53 PM org.apache.catalina.core.StandardService start
INFO: Starting service Catalina
Nov 02, 2015 10:46:53 PM org.apache.catalina.core.StandardEngine start
INFO: Starting Servlet Engine: Apache Tomcat/5.5.15
Nov 02, 2015 10:46:53 PM org.apache.catalina.core.StandardHost start
INFO: XML validation disabled
Nov 02, 2015 10:46:53 PM org.apache.catalina.core.StandardContext resourcesStart
SEVERE: Error starting static Resources
java.lang.IllegalArgumentException: Document base /home/ugrad/chojoe/CS460/pa1/apache-tomcat-5.5.15/webapps/photoshare does not exist or is not a readable directory
	at org.apache.naming.resources.FileDirContext.setDocBase(FileDirContext.java:140)
	at org.apache.catalina.core.StandardContext.resourcesStart(StandardContext.java:3812)
	at org.apache.catalina.core.StandardContext.start(StandardContext.java:3983)
	at org.apache.catalina.core.ContainerBase.addChildInternal(ContainerBase.java:759)
	at org.apache.catalina.core.ContainerBase.addChild(ContainerBase.java:739)
	at org.apache.catalina.core.StandardHost.addChild(StandardHost.java:524)
	at org.apache.catalina.startup.HostConfig.deployDescriptor(HostConfig.java:603)
	at org.apache.catalina.startup.HostConfig.deployDescriptors(HostConfig.java:535)
	at org.apache.catalina.startup.HostConfig.deployApps(HostConfig.java:470)
	at org.apache.catalina.startup.HostConfig.start(HostConfig.java:1118)
	at org.apache.catalina.startup.HostConfig.lifecycleEvent(HostConfig.java:310)
	at org.apache.catalina.util.LifecycleSupport.fireLifecycleEvent(LifecycleSupport.java:119)
	at org.apache.catalina.core.ContainerBase.start(ContainerBase.java:1020)
	at org.apache.catalina.core.StandardHost.start(StandardHost.java:718)
	at org.apache.catalina.core.ContainerBase.start(ContainerBase.java:1012)
	at org.apache.catalina.core.StandardEngine.start(StandardEngine.java:442)
	at org.apache.catalina.core.StandardService.start(StandardService.java:450)
	at org.apache.catalina.core.StandardServer.start(StandardServer.java:700)
	at org.apache.catalina.startup.Catalina.start(Catalina.java:551)
	at sun.reflect.NativeMethodAccessorImpl.invoke0(Native Method)
	at sun.reflect.NativeMethodAccessorImpl.invoke(NativeMethodAccessorImpl.java:57)
	at sun.reflect.DelegatingMethodAccessorImpl.invoke(DelegatingMethodAccessorImpl.java:43)
	at java.lang.reflect.Method.invoke(Method.java:606)
	at org.apache.catalina.startup.Bootstrap.start(Bootstrap.java:275)
	at org.apache.catalina.startup.Bootstrap.main(Bootstrap.java:413)

Nov 02, 2015 10:46:53 PM org.apache.catalina.core.StandardContext start
SEVERE: Error in resourceStart()
Nov 02, 2015 10:46:53 PM org.apache.catalina.core.StandardContext start
SEVERE: Error getConfigured
Nov 02, 2015 10:46:53 PM org.apache.catalina.core.StandardContext start
SEVERE: Context [/photoshare] startup failed due to previous errors
Nov 02, 2015 10:46:53 PM org.apache.catalina.core.StandardContext stop
INFO: Container org.apache.catalina.core.ContainerBase.[Catalina].[localhost].[/photoshare] has not been started
Nov 02, 2015 10:46:54 PM org.apache.coyote.http11.Http11BaseProtocol start
INFO: Starting Coyote HTTP/1.1 on http-11413
Nov 02, 2015 10:46:54 PM org.apache.catalina.storeconfig.StoreLoader load
INFO: Find registry server-registry.xml at classpath resource
Nov 02, 2015 10:46:54 PM org.apache.catalina.startup.Catalina start
INFO: Server startup in 1386 ms
Nov 02, 2015 10:49:09 PM org.apache.coyote.http11.Http11BaseProtocol pause
INFO: Pausing Coyote HTTP/1.1 on http-11413
Nov 02, 2015 10:49:10 PM org.apache.catalina.core.StandardService stop
INFO: Stopping service Catalina
Nov 02, 2015 10:49:10 PM org.apache.coyote.http11.Http11BaseProtocol destroy
INFO: Stopping Coyote HTTP/1.1 on http-11413
Nov 02, 2015 10:49:10 PM org.apache.catalina.core.AprLifecycleListener lifecycleEvent
INFO: Failed shutdown of Apache Portable Runtime
Nov 02, 2015 10:49:13 PM org.apache.catalina.core.AprLifecycleListener lifecycleEvent
INFO: The Apache Tomcat Native library which allows optimal performance in production environments was not found on the java.library.path: /usr/java/packages/lib/amd64:/usr/lib64:/lib64:/lib:/usr/lib
Nov 02, 2015 10:49:13 PM org.apache.coyote.http11.Http11BaseProtocol init
INFO: Initializing Coyote HTTP/1.1 on http-11413
Nov 02, 2015 10:49:13 PM org.apache.catalina.startup.Catalina load
INFO: Initialization processed in 941 ms
Nov 02, 2015 10:49:13 PM org.apache.catalina.core.StandardService start
INFO: Starting service Catalina
Nov 02, 2015 10:49:13 PM org.apache.catalina.core.StandardEngine start
INFO: Starting Servlet Engine: Apache Tomcat/5.5.15
Nov 02, 2015 10:49:13 PM org.apache.catalina.core.StandardHost start
INFO: XML validation disabled
Nov 02, 2015 10:49:13 PM org.apache.catalina.core.StandardContext resourcesStart
SEVERE: Error starting static Resources
java.lang.IllegalArgumentException: Document base /home/ugrad/chojoe/CS460/pa1/apache-tomcat-5.5.15/webapps/photoshare does not exist or is not a readable directory
	at org.apache.naming.resources.FileDirContext.setDocBase(FileDirContext.java:140)
	at org.apache.catalina.core.StandardContext.resourcesStart(StandardContext.java:3812)
	at org.apache.catalina.core.StandardContext.start(StandardContext.java:3983)
	at org.apache.catalina.core.ContainerBase.addChildInternal(ContainerBase.java:759)
	at org.apache.catalina.core.ContainerBase.addChild(ContainerBase.java:739)
	at org.apache.catalina.core.StandardHost.addChild(StandardHost.java:524)
	at org.apache.catalina.startup.HostConfig.deployDescriptor(HostConfig.java:603)
	at org.apache.catalina.startup.HostConfig.deployDescriptors(HostConfig.java:535)
	at org.apache.catalina.startup.HostConfig.deployApps(HostConfig.java:470)
	at org.apache.catalina.startup.HostConfig.start(HostConfig.java:1118)
	at org.apache.catalina.startup.HostConfig.lifecycleEvent(HostConfig.java:310)
	at org.apache.catalina.util.LifecycleSupport.fireLifecycleEvent(LifecycleSupport.java:119)
	at org.apache.catalina.core.ContainerBase.start(ContainerBase.java:1020)
	at org.apache.catalina.core.StandardHost.start(StandardHost.java:718)
	at org.apache.catalina.core.ContainerBase.start(ContainerBase.java:1012)
	at org.apache.catalina.core.StandardEngine.start(StandardEngine.java:442)
	at org.apache.catalina.core.StandardService.start(StandardService.java:450)
	at org.apache.catalina.core.StandardServer.start(StandardServer.java:700)
	at org.apache.catalina.startup.Catalina.start(Catalina.java:551)
	at sun.reflect.NativeMethodAccessorImpl.invoke0(Native Method)
	at sun.reflect.NativeMethodAccessorImpl.invoke(NativeMethodAccessorImpl.java:57)
	at sun.reflect.DelegatingMethodAccessorImpl.invoke(DelegatingMethodAccessorImpl.java:43)
	at java.lang.reflect.Method.invoke(Method.java:606)
	at org.apache.catalina.startup.Bootstrap.start(Bootstrap.java:275)
	at org.apache.catalina.startup.Bootstrap.main(Bootstrap.java:413)

Nov 02, 2015 10:49:13 PM org.apache.catalina.core.StandardContext start
SEVERE: Error in resourceStart()
Nov 02, 2015 10:49:13 PM org.apache.catalina.core.StandardContext start
SEVERE: Error getConfigured
Nov 02, 2015 10:49:13 PM org.apache.catalina.core.StandardContext start
SEVERE: Context [/photoshare] startup failed due to previous errors
Nov 02, 2015 10:49:13 PM org.apache.catalina.core.StandardContext stop
INFO: Container org.apache.catalina.core.ContainerBase.[Catalina].[localhost].[/photoshare] has not been started
Nov 02, 2015 10:49:14 PM org.apache.coyote.http11.Http11BaseProtocol start
INFO: Starting Coyote HTTP/1.1 on http-11413
Nov 02, 2015 10:49:14 PM org.apache.catalina.storeconfig.StoreLoader load
INFO: Find registry server-registry.xml at classpath resource
Nov 02, 2015 10:49:14 PM org.apache.catalina.startup.Catalina start
INFO: Server startup in 1365 ms
Nov 02, 2015 10:51:09 PM org.apache.coyote.http11.Http11BaseProtocol pause
INFO: Pausing Coyote HTTP/1.1 on http-11413
Nov 02, 2015 10:51:10 PM org.apache.catalina.core.StandardService stop
INFO: Stopping service Catalina
Nov 02, 2015 10:51:10 PM org.apache.coyote.http11.Http11BaseProtocol destroy
INFO: Stopping Coyote HTTP/1.1 on http-11413
Nov 02, 2015 10:51:10 PM org.apache.catalina.core.AprLifecycleListener lifecycleEvent
INFO: Failed shutdown of Apache Portable Runtime
Nov 02, 2015 10:51:13 PM org.apache.catalina.core.AprLifecycleListener lifecycleEvent
INFO: The Apache Tomcat Native library which allows optimal performance in production environments was not found on the java.library.path: /usr/java/packages/lib/amd64:/usr/lib64:/lib64:/lib:/usr/lib
Nov 02, 2015 10:51:13 PM org.apache.coyote.http11.Http11BaseProtocol init
INFO: Initializing Coyote HTTP/1.1 on http-11413
Nov 02, 2015 10:51:13 PM org.apache.catalina.startup.Catalina load
INFO: Initialization processed in 937 ms
Nov 02, 2015 10:51:14 PM org.apache.catalina.core.StandardService start
INFO: Starting service Catalina
Nov 02, 2015 10:51:14 PM org.apache.catalina.core.StandardEngine start
INFO: Starting Servlet Engine: Apache Tomcat/5.5.15
Nov 02, 2015 10:51:14 PM org.apache.catalina.core.StandardHost start
INFO: XML validation disabled
Nov 02, 2015 10:51:14 PM org.apache.catalina.core.StandardContext resourcesStart
SEVERE: Error starting static Resources
java.lang.IllegalArgumentException: Document base /home/ugrad/chojoe/CS460/pa1/apache-tomcat-5.5.15/webapps/photoshare does not exist or is not a readable directory
	at org.apache.naming.resources.FileDirContext.setDocBase(FileDirContext.java:140)
	at org.apache.catalina.core.StandardContext.resourcesStart(StandardContext.java:3812)
	at org.apache.catalina.core.StandardContext.start(StandardContext.java:3983)
	at org.apache.catalina.core.ContainerBase.addChildInternal(ContainerBase.java:759)
	at org.apache.catalina.core.ContainerBase.addChild(ContainerBase.java:739)
	at org.apache.catalina.core.StandardHost.addChild(StandardHost.java:524)
	at org.apache.catalina.startup.HostConfig.deployDescriptor(HostConfig.java:603)
	at org.apache.catalina.startup.HostConfig.deployDescriptors(HostConfig.java:535)
	at org.apache.catalina.startup.HostConfig.deployApps(HostConfig.java:470)
	at org.apache.catalina.startup.HostConfig.start(HostConfig.java:1118)
	at org.apache.catalina.startup.HostConfig.lifecycleEvent(HostConfig.java:310)
	at org.apache.catalina.util.LifecycleSupport.fireLifecycleEvent(LifecycleSupport.java:119)
	at org.apache.catalina.core.ContainerBase.start(ContainerBase.java:1020)
	at org.apache.catalina.core.StandardHost.start(StandardHost.java:718)
	at org.apache.catalina.core.ContainerBase.start(ContainerBase.java:1012)
	at org.apache.catalina.core.StandardEngine.start(StandardEngine.java:442)
	at org.apache.catalina.core.StandardService.start(StandardService.java:450)
	at org.apache.catalina.core.StandardServer.start(StandardServer.java:700)
	at org.apache.catalina.startup.Catalina.start(Catalina.java:551)
	at sun.reflect.NativeMethodAccessorImpl.invoke0(Native Method)
	at sun.reflect.NativeMethodAccessorImpl.invoke(NativeMethodAccessorImpl.java:57)
	at sun.reflect.DelegatingMethodAccessorImpl.invoke(DelegatingMethodAccessorImpl.java:43)
	at java.lang.reflect.Method.invoke(Method.java:606)
	at org.apache.catalina.startup.Bootstrap.start(Bootstrap.java:275)
	at org.apache.catalina.startup.Bootstrap.main(Bootstrap.java:413)

Nov 02, 2015 10:51:14 PM org.apache.catalina.core.StandardContext start
SEVERE: Error in resourceStart()
Nov 02, 2015 10:51:14 PM org.apache.catalina.core.StandardContext start
SEVERE: Error getConfigured
Nov 02, 2015 10:51:14 PM org.apache.catalina.core.StandardContext start
SEVERE: Context [/photoshare] startup failed due to previous errors
Nov 02, 2015 10:51:14 PM org.apache.catalina.core.StandardContext stop
INFO: Container org.apache.catalina.core.ContainerBase.[Catalina].[localhost].[/photoshare] has not been started
Nov 02, 2015 10:51:15 PM org.apache.coyote.http11.Http11BaseProtocol start
INFO: Starting Coyote HTTP/1.1 on http-11413
Nov 02, 2015 10:51:15 PM org.apache.catalina.storeconfig.StoreLoader load
INFO: Find registry server-registry.xml at classpath resource
Nov 02, 2015 10:51:15 PM org.apache.catalina.startup.Catalina start
INFO: Server startup in 1398 ms
Nov 02, 2015 11:21:32 PM org.apache.coyote.http11.Http11BaseProtocol pause
INFO: Pausing Coyote HTTP/1.1 on http-11413
Nov 02, 2015 11:21:33 PM org.apache.catalina.core.StandardService stop
INFO: Stopping service Catalina
Nov 02, 2015 11:21:33 PM org.apache.coyote.http11.Http11BaseProtocol destroy
INFO: Stopping Coyote HTTP/1.1 on http-11413
Nov 02, 2015 11:21:33 PM org.apache.catalina.core.AprLifecycleListener lifecycleEvent
INFO: Failed shutdown of Apache Portable Runtime
Nov 02, 2015 11:21:37 PM org.apache.catalina.core.AprLifecycleListener lifecycleEvent
INFO: The Apache Tomcat Native library which allows optimal performance in production environments was not found on the java.library.path: /usr/java/packages/lib/amd64:/usr/lib64:/lib64:/lib:/usr/lib
Nov 02, 2015 11:21:37 PM org.apache.coyote.http11.Http11BaseProtocol init
INFO: Initializing Coyote HTTP/1.1 on http-11413
Nov 02, 2015 11:21:37 PM org.apache.catalina.startup.Catalina load
INFO: Initialization processed in 954 ms
Nov 02, 2015 11:21:37 PM org.apache.catalina.core.StandardService start
INFO: Starting service Catalina
Nov 02, 2015 11:21:37 PM org.apache.catalina.core.StandardEngine start
INFO: Starting Servlet Engine: Apache Tomcat/5.5.15
Nov 02, 2015 11:21:37 PM org.apache.catalina.core.StandardHost start
INFO: XML validation disabled
Nov 02, 2015 11:21:37 PM org.apache.catalina.core.StandardContext resourcesStart
SEVERE: Error starting static Resources
java.lang.IllegalArgumentException: Document base /home/ugrad/chojoe/CS460/pa1/apache-tomcat-5.5.15/webapps/photoshare does not exist or is not a readable directory
	at org.apache.naming.resources.FileDirContext.setDocBase(FileDirContext.java:140)
	at org.apache.catalina.core.StandardContext.resourcesStart(StandardContext.java:3812)
	at org.apache.catalina.core.StandardContext.start(StandardContext.java:3983)
	at org.apache.catalina.core.ContainerBase.addChildInternal(ContainerBase.java:759)
	at org.apache.catalina.core.ContainerBase.addChild(ContainerBase.java:739)
	at org.apache.catalina.core.StandardHost.addChild(StandardHost.java:524)
	at org.apache.catalina.startup.HostConfig.deployDescriptor(HostConfig.java:603)
	at org.apache.catalina.startup.HostConfig.deployDescriptors(HostConfig.java:535)
	at org.apache.catalina.startup.HostConfig.deployApps(HostConfig.java:470)
	at org.apache.catalina.startup.HostConfig.start(HostConfig.java:1118)
	at org.apache.catalina.startup.HostConfig.lifecycleEvent(HostConfig.java:310)
	at org.apache.catalina.util.LifecycleSupport.fireLifecycleEvent(LifecycleSupport.java:119)
	at org.apache.catalina.core.ContainerBase.start(ContainerBase.java:1020)
	at org.apache.catalina.core.StandardHost.start(StandardHost.java:718)
	at org.apache.catalina.core.ContainerBase.start(ContainerBase.java:1012)
	at org.apache.catalina.core.StandardEngine.start(StandardEngine.java:442)
	at org.apache.catalina.core.StandardService.start(StandardService.java:450)
	at org.apache.catalina.core.StandardServer.start(StandardServer.java:700)
	at org.apache.catalina.startup.Catalina.start(Catalina.java:551)
	at sun.reflect.NativeMethodAccessorImpl.invoke0(Native Method)
	at sun.reflect.NativeMethodAccessorImpl.invoke(NativeMethodAccessorImpl.java:57)
	at sun.reflect.DelegatingMethodAccessorImpl.invoke(DelegatingMethodAccessorImpl.java:43)
	at java.lang.reflect.Method.invoke(Method.java:606)
	at org.apache.catalina.startup.Bootstrap.start(Bootstrap.java:275)
	at org.apache.catalina.startup.Bootstrap.main(Bootstrap.java:413)

Nov 02, 2015 11:21:37 PM org.apache.catalina.core.StandardContext start
SEVERE: Error in resourceStart()
Nov 02, 2015 11:21:37 PM org.apache.catalina.core.StandardContext start
SEVERE: Error getConfigured
Nov 02, 2015 11:21:37 PM org.apache.catalina.core.StandardContext start
SEVERE: Context [/photoshare] startup failed due to previous errors
Nov 02, 2015 11:21:37 PM org.apache.catalina.core.StandardContext stop
INFO: Container org.apache.catalina.core.ContainerBase.[Catalina].[localhost].[/photoshare] has not been started
Nov 02, 2015 11:21:38 PM org.apache.coyote.http11.Http11BaseProtocol start
INFO: Starting Coyote HTTP/1.1 on http-11413
Nov 02, 2015 11:21:38 PM org.apache.catalina.storeconfig.StoreLoader load
INFO: Find registry server-registry.xml at classpath resource
Nov 02, 2015 11:21:38 PM org.apache.catalina.startup.Catalina start
INFO: Server startup in 1400 ms
Nov 02, 2015 11:51:58 PM org.apache.coyote.http11.Http11BaseProtocol pause
INFO: Pausing Coyote HTTP/1.1 on http-11413
Nov 02, 2015 11:51:59 PM org.apache.catalina.core.StandardService stop
INFO: Stopping service Catalina
Nov 02, 2015 11:51:59 PM org.apache.coyote.http11.Http11BaseProtocol destroy
INFO: Stopping Coyote HTTP/1.1 on http-11413
Nov 02, 2015 11:51:59 PM org.apache.catalina.core.AprLifecycleListener lifecycleEvent
INFO: Failed shutdown of Apache Portable Runtime
Nov 02, 2015 11:52:02 PM org.apache.catalina.core.AprLifecycleListener lifecycleEvent
INFO: The Apache Tomcat Native library which allows optimal performance in production environments was not found on the java.library.path: /usr/java/packages/lib/amd64:/usr/lib64:/lib64:/lib:/usr/lib
Nov 02, 2015 11:52:02 PM org.apache.coyote.http11.Http11BaseProtocol init
INFO: Initializing Coyote HTTP/1.1 on http-11413
Nov 02, 2015 11:52:02 PM org.apache.catalina.startup.Catalina load
INFO: Initialization processed in 932 ms
Nov 02, 2015 11:52:02 PM org.apache.catalina.core.StandardService start
INFO: Starting service Catalina
Nov 02, 2015 11:52:02 PM org.apache.catalina.core.StandardEngine start
INFO: Starting Servlet Engine: Apache Tomcat/5.5.15
Nov 02, 2015 11:52:03 PM org.apache.catalina.core.StandardHost start
INFO: XML validation disabled
Nov 02, 2015 11:52:03 PM org.apache.catalina.core.StandardContext resourcesStart
SEVERE: Error starting static Resources
java.lang.IllegalArgumentException: Document base /home/ugrad/chojoe/CS460/pa1/apache-tomcat-5.5.15/webapps/photoshare does not exist or is not a readable directory
	at org.apache.naming.resources.FileDirContext.setDocBase(FileDirContext.java:140)
	at org.apache.catalina.core.StandardContext.resourcesStart(StandardContext.java:3812)
	at org.apache.catalina.core.StandardContext.start(StandardContext.java:3983)
	at org.apache.catalina.core.ContainerBase.addChildInternal(ContainerBase.java:759)
	at org.apache.catalina.core.ContainerBase.addChild(ContainerBase.java:739)
	at org.apache.catalina.core.StandardHost.addChild(StandardHost.java:524)
	at org.apache.catalina.startup.HostConfig.deployDescriptor(HostConfig.java:603)
	at org.apache.catalina.startup.HostConfig.deployDescriptors(HostConfig.java:535)
	at org.apache.catalina.startup.HostConfig.deployApps(HostConfig.java:470)
	at org.apache.catalina.startup.HostConfig.start(HostConfig.java:1118)
	at org.apache.catalina.startup.HostConfig.lifecycleEvent(HostConfig.java:310)
	at org.apache.catalina.util.LifecycleSupport.fireLifecycleEvent(LifecycleSupport.java:119)
	at org.apache.catalina.core.ContainerBase.start(ContainerBase.java:1020)
	at org.apache.catalina.core.StandardHost.start(StandardHost.java:718)
	at org.apache.catalina.core.ContainerBase.start(ContainerBase.java:1012)
	at org.apache.catalina.core.StandardEngine.start(StandardEngine.java:442)
	at org.apache.catalina.core.StandardService.start(StandardService.java:450)
	at org.apache.catalina.core.StandardServer.start(StandardServer.java:700)
	at org.apache.catalina.startup.Catalina.start(Catalina.java:551)
	at sun.reflect.NativeMethodAccessorImpl.invoke0(Native Method)
	at sun.reflect.NativeMethodAccessorImpl.invoke(NativeMethodAccessorImpl.java:57)
	at sun.reflect.DelegatingMethodAccessorImpl.invoke(DelegatingMethodAccessorImpl.java:43)
	at java.lang.reflect.Method.invoke(Method.java:606)
	at org.apache.catalina.startup.Bootstrap.start(Bootstrap.java:275)
	at org.apache.catalina.startup.Bootstrap.main(Bootstrap.java:413)

Nov 02, 2015 11:52:03 PM org.apache.catalina.core.StandardContext start
SEVERE: Error in resourceStart()
Nov 02, 2015 11:52:03 PM org.apache.catalina.core.StandardContext start
SEVERE: Error getConfigured
Nov 02, 2015 11:52:03 PM org.apache.catalina.core.StandardContext start
SEVERE: Context [/photoshare] startup failed due to previous errors
Nov 02, 2015 11:52:03 PM org.apache.catalina.core.StandardContext stop
INFO: Container org.apache.catalina.core.ContainerBase.[Catalina].[localhost].[/photoshare] has not been started
Nov 02, 2015 11:52:04 PM org.apache.coyote.http11.Http11BaseProtocol start
INFO: Starting Coyote HTTP/1.1 on http-11413
Nov 02, 2015 11:52:04 PM org.apache.catalina.storeconfig.StoreLoader load
INFO: Find registry server-registry.xml at classpath resource
Nov 02, 2015 11:52:04 PM org.apache.catalina.startup.Catalina start
INFO: Server startup in 1516 ms
Nov 02, 2015 11:53:50 PM org.apache.coyote.http11.Http11BaseProtocol pause
INFO: Pausing Coyote HTTP/1.1 on http-11413
Nov 02, 2015 11:53:51 PM org.apache.catalina.core.StandardService stop
INFO: Stopping service Catalina
Nov 02, 2015 11:53:52 PM org.apache.coyote.http11.Http11BaseProtocol destroy
INFO: Stopping Coyote HTTP/1.1 on http-11413
Nov 02, 2015 11:53:52 PM org.apache.catalina.core.AprLifecycleListener lifecycleEvent
INFO: Failed shutdown of Apache Portable Runtime
Nov 02, 2015 11:53:55 PM org.apache.catalina.core.AprLifecycleListener lifecycleEvent
INFO: The Apache Tomcat Native library which allows optimal performance in production environments was not found on the java.library.path: /usr/java/packages/lib/amd64:/usr/lib64:/lib64:/lib:/usr/lib
Nov 02, 2015 11:53:56 PM org.apache.coyote.http11.Http11BaseProtocol init
INFO: Initializing Coyote HTTP/1.1 on http-11413
Nov 02, 2015 11:53:56 PM org.apache.catalina.startup.Catalina load
INFO: Initialization processed in 997 ms
Nov 02, 2015 11:53:56 PM org.apache.catalina.core.StandardService start
INFO: Starting service Catalina
Nov 02, 2015 11:53:56 PM org.apache.catalina.core.StandardEngine start
INFO: Starting Servlet Engine: Apache Tomcat/5.5.15
Nov 02, 2015 11:53:56 PM org.apache.catalina.core.StandardHost start
INFO: XML validation disabled
Nov 02, 2015 11:53:57 PM org.apache.coyote.http11.Http11BaseProtocol start
INFO: Starting Coyote HTTP/1.1 on http-11413
Nov 02, 2015 11:53:57 PM org.apache.catalina.storeconfig.StoreLoader load
INFO: Find registry server-registry.xml at classpath resource
Nov 02, 2015 11:53:57 PM org.apache.catalina.startup.Catalina start
INFO: Server startup in 1895 ms
Nov 02, 2015 11:58:01 PM org.apache.coyote.http11.Http11BaseProtocol pause
INFO: Pausing Coyote HTTP/1.1 on http-11413
Nov 02, 2015 11:58:02 PM org.apache.catalina.core.StandardService stop
INFO: Stopping service Catalina
Nov 02, 2015 11:58:03 PM org.apache.coyote.http11.Http11BaseProtocol destroy
INFO: Stopping Coyote HTTP/1.1 on http-11413
Nov 02, 2015 11:58:03 PM org.apache.catalina.core.AprLifecycleListener lifecycleEvent
INFO: Failed shutdown of Apache Portable Runtime
Nov 02, 2015 11:58:06 PM org.apache.catalina.core.AprLifecycleListener lifecycleEvent
INFO: The Apache Tomcat Native library which allows optimal performance in production environments was not found on the java.library.path: /usr/java/packages/lib/amd64:/usr/lib64:/lib64:/lib:/usr/lib
Nov 02, 2015 11:58:06 PM org.apache.coyote.http11.Http11BaseProtocol init
INFO: Initializing Coyote HTTP/1.1 on http-11413
Nov 02, 2015 11:58:06 PM org.apache.catalina.startup.Catalina load
INFO: Initialization processed in 957 ms
Nov 02, 2015 11:58:06 PM org.apache.catalina.core.StandardService start
INFO: Starting service Catalina
Nov 02, 2015 11:58:06 PM org.apache.catalina.core.StandardEngine start
INFO: Starting Servlet Engine: Apache Tomcat/5.5.15
Nov 02, 2015 11:58:06 PM org.apache.catalina.core.StandardHost start
INFO: XML validation disabled
Nov 02, 2015 11:58:06 PM org.apache.catalina.core.StandardContext resourcesStart
SEVERE: Error starting static Resources
java.lang.IllegalArgumentException: Document base /home/ugrad/chojoe/CS460/pa1/apache-tomcat-5.5.15/webapps/photoshare does not exist or is not a readable directory
	at org.apache.naming.resources.FileDirContext.setDocBase(FileDirContext.java:140)
	at org.apache.catalina.core.StandardContext.resourcesStart(StandardContext.java:3812)
	at org.apache.catalina.core.StandardContext.start(StandardContext.java:3983)
	at org.apache.catalina.core.ContainerBase.addChildInternal(ContainerBase.java:759)
	at org.apache.catalina.core.ContainerBase.addChild(ContainerBase.java:739)
	at org.apache.catalina.core.StandardHost.addChild(StandardHost.java:524)
	at org.apache.catalina.startup.HostConfig.deployDescriptor(HostConfig.java:603)
	at org.apache.catalina.startup.HostConfig.deployDescriptors(HostConfig.java:535)
	at org.apache.catalina.startup.HostConfig.deployApps(HostConfig.java:470)
	at org.apache.catalina.startup.HostConfig.start(HostConfig.java:1118)
	at org.apache.catalina.startup.HostConfig.lifecycleEvent(HostConfig.java:310)
	at org.apache.catalina.util.LifecycleSupport.fireLifecycleEvent(LifecycleSupport.java:119)
	at org.apache.catalina.core.ContainerBase.start(ContainerBase.java:1020)
	at org.apache.catalina.core.StandardHost.start(StandardHost.java:718)
	at org.apache.catalina.core.ContainerBase.start(ContainerBase.java:1012)
	at org.apache.catalina.core.StandardEngine.start(StandardEngine.java:442)
	at org.apache.catalina.core.StandardService.start(StandardService.java:450)
	at org.apache.catalina.core.StandardServer.start(StandardServer.java:700)
	at org.apache.catalina.startup.Catalina.start(Catalina.java:551)
	at sun.reflect.NativeMethodAccessorImpl.invoke0(Native Method)
	at sun.reflect.NativeMethodAccessorImpl.invoke(NativeMethodAccessorImpl.java:57)
	at sun.reflect.DelegatingMethodAccessorImpl.invoke(DelegatingMethodAccessorImpl.java:43)
	at java.lang.reflect.Method.invoke(Method.java:606)
	at org.apache.catalina.startup.Bootstrap.start(Bootstrap.java:275)
	at org.apache.catalina.startup.Bootstrap.main(Bootstrap.java:413)

Nov 02, 2015 11:58:06 PM org.apache.catalina.core.StandardContext start
SEVERE: Error in resourceStart()
Nov 02, 2015 11:58:06 PM org.apache.catalina.core.StandardContext start
SEVERE: Error getConfigured
Nov 02, 2015 11:58:06 PM org.apache.catalina.core.StandardContext start
SEVERE: Context [/photoshare] startup failed due to previous errors
Nov 02, 2015 11:58:06 PM org.apache.catalina.core.StandardContext stop
INFO: Container org.apache.catalina.core.ContainerBase.[Catalina].[localhost].[/photoshare] has not been started
Nov 02, 2015 11:58:07 PM org.apache.coyote.http11.Http11BaseProtocol start
INFO: Starting Coyote HTTP/1.1 on http-11413
Nov 02, 2015 11:58:07 PM org.apache.catalina.storeconfig.StoreLoader load
INFO: Find registry server-registry.xml at classpath resource
Nov 02, 2015 11:58:07 PM org.apache.catalina.startup.Catalina start
INFO: Server startup in 1378 ms
Nov 02, 2015 11:58:38 PM org.apache.coyote.http11.Http11BaseProtocol pause
INFO: Pausing Coyote HTTP/1.1 on http-11413
Nov 02, 2015 11:58:39 PM org.apache.catalina.core.StandardService stop
INFO: Stopping service Catalina
Nov 02, 2015 11:58:39 PM org.apache.coyote.http11.Http11BaseProtocol destroy
INFO: Stopping Coyote HTTP/1.1 on http-11413
Nov 02, 2015 11:58:39 PM org.apache.catalina.core.AprLifecycleListener lifecycleEvent
INFO: Failed shutdown of Apache Portable Runtime
Nov 02, 2015 11:58:42 PM org.apache.catalina.core.AprLifecycleListener lifecycleEvent
INFO: The Apache Tomcat Native library which allows optimal performance in production environments was not found on the java.library.path: /usr/java/packages/lib/amd64:/usr/lib64:/lib64:/lib:/usr/lib
Nov 02, 2015 11:58:43 PM org.apache.coyote.http11.Http11BaseProtocol init
INFO: Initializing Coyote HTTP/1.1 on http-11413
Nov 02, 2015 11:58:43 PM org.apache.catalina.startup.Catalina load
INFO: Initialization processed in 902 ms
Nov 02, 2015 11:58:43 PM org.apache.catalina.core.StandardService start
INFO: Starting service Catalina
Nov 02, 2015 11:58:43 PM org.apache.catalina.core.StandardEngine start
INFO: Starting Servlet Engine: Apache Tomcat/5.5.15
Nov 02, 2015 11:58:43 PM org.apache.catalina.core.StandardHost start
INFO: XML validation disabled
Nov 02, 2015 11:58:44 PM org.apache.coyote.http11.Http11BaseProtocol start
INFO: Starting Coyote HTTP/1.1 on http-11413
Nov 02, 2015 11:58:44 PM org.apache.catalina.storeconfig.StoreLoader load
INFO: Find registry server-registry.xml at classpath resource
Nov 02, 2015 11:58:44 PM org.apache.catalina.startup.Catalina start
INFO: Server startup in 1717 ms
