Dec 02, 2015 8:35:44 PM org.apache.coyote.http11.Http11BaseProtocol pause
INFO: Pausing Coyote HTTP/1.1 on http-11413
Dec 02, 2015 8:35:45 PM org.apache.catalina.core.StandardService stop
INFO: Stopping service Catalina
Dec 02, 2015 8:35:45 PM org.apache.coyote.http11.Http11BaseProtocol destroy
INFO: Stopping Coyote HTTP/1.1 on http-11413
Dec 02, 2015 8:35:45 PM org.apache.catalina.core.AprLifecycleListener lifecycleEvent
INFO: Failed shutdown of Apache Portable Runtime
Dec 02, 2015 8:35:51 PM org.apache.catalina.core.AprLifecycleListener lifecycleEvent
INFO: The Apache Tomcat Native library which allows optimal performance in production environments was not found on the java.library.path: /usr/java/packages/lib/amd64:/usr/lib64:/lib64:/lib:/usr/lib
Dec 02, 2015 8:35:51 PM org.apache.coyote.http11.Http11BaseProtocol init
INFO: Initializing Coyote HTTP/1.1 on http-11413
Dec 02, 2015 8:35:51 PM org.apache.catalina.startup.Catalina load
INFO: Initialization processed in 932 ms
Dec 02, 2015 8:35:51 PM org.apache.catalina.core.StandardService start
INFO: Starting service Catalina
Dec 02, 2015 8:35:51 PM org.apache.catalina.core.StandardEngine start
INFO: Starting Servlet Engine: Apache Tomcat/5.5.15
Dec 02, 2015 8:35:51 PM org.apache.catalina.core.StandardHost start
INFO: XML validation disabled
Dec 02, 2015 8:35:53 PM org.apache.coyote.http11.Http11BaseProtocol start
INFO: Starting Coyote HTTP/1.1 on http-11413
Dec 02, 2015 8:35:53 PM org.apache.catalina.storeconfig.StoreLoader load
INFO: Find registry server-registry.xml at classpath resource
Dec 02, 2015 8:35:53 PM org.apache.catalina.startup.Catalina start
INFO: Server startup in 2153 ms
