Oct 30, 2015 4:53:35 PM org.apache.catalina.core.AprLifecycleListener lifecycleEvent
INFO: The Apache Tomcat Native library which allows optimal performance in production environments was not found on the java.library.path: /usr/java/packages/lib/amd64:/usr/lib64:/lib64:/lib:/usr/lib
Oct 30, 2015 4:53:35 PM org.apache.coyote.http11.Http11BaseProtocol init
INFO: Initializing Coyote HTTP/1.1 on http-11413
Oct 30, 2015 4:53:35 PM org.apache.catalina.startup.Catalina load
INFO: Initialization processed in 988 ms
Oct 30, 2015 4:53:35 PM org.apache.catalina.core.StandardService start
INFO: Starting service Catalina
Oct 30, 2015 4:53:35 PM org.apache.catalina.core.StandardEngine start
INFO: Starting Servlet Engine: Apache Tomcat/5.5.15
Oct 30, 2015 4:53:35 PM org.apache.catalina.core.StandardHost start
INFO: XML validation disabled
Oct 30, 2015 4:53:35 PM org.apache.catalina.startup.HostConfig deployWAR
INFO: Deploying web application archive photoshare.war
Oct 30, 2015 4:53:37 PM org.apache.coyote.http11.Http11BaseProtocol start
INFO: Starting Coyote HTTP/1.1 on http-11413
Oct 30, 2015 4:53:37 PM org.apache.catalina.storeconfig.StoreLoader load
INFO: Find registry server-registry.xml at classpath resource
Oct 30, 2015 4:53:37 PM org.apache.catalina.startup.Catalina start
INFO: Server startup in 1929 ms
Oct 30, 2015 5:31:42 PM org.apache.coyote.http11.Http11BaseProtocol pause
INFO: Pausing Coyote HTTP/1.1 on http-11413
Oct 30, 2015 5:31:43 PM org.apache.catalina.core.StandardService stop
INFO: Stopping service Catalina
Oct 30, 2015 5:31:43 PM org.apache.coyote.http11.Http11BaseProtocol destroy
INFO: Stopping Coyote HTTP/1.1 on http-11413
Oct 30, 2015 5:31:43 PM org.apache.catalina.core.AprLifecycleListener lifecycleEvent
INFO: Failed shutdown of Apache Portable Runtime
