Nov 03, 2015 12:06:11 AM org.apache.coyote.http11.Http11BaseProtocol pause
INFO: Pausing Coyote HTTP/1.1 on http-11413
Nov 03, 2015 12:06:12 AM org.apache.catalina.core.StandardService stop
INFO: Stopping service Catalina
Nov 03, 2015 12:06:12 AM org.apache.coyote.http11.Http11BaseProtocol destroy
INFO: Stopping Coyote HTTP/1.1 on http-11413
Nov 03, 2015 12:06:12 AM org.apache.catalina.core.AprLifecycleListener lifecycleEvent
INFO: Failed shutdown of Apache Portable Runtime
Nov 03, 2015 12:06:16 AM org.apache.catalina.core.AprLifecycleListener lifecycleEvent
INFO: The Apache Tomcat Native library which allows optimal performance in production environments was not found on the java.library.path: /usr/java/packages/lib/amd64:/usr/lib64:/lib64:/lib:/usr/lib
Nov 03, 2015 12:06:16 AM org.apache.coyote.http11.Http11BaseProtocol init
INFO: Initializing Coyote HTTP/1.1 on http-11413
Nov 03, 2015 12:06:16 AM org.apache.catalina.startup.Catalina load
INFO: Initialization processed in 926 ms
Nov 03, 2015 12:06:16 AM org.apache.catalina.core.StandardService start
INFO: Starting service Catalina
Nov 03, 2015 12:06:16 AM org.apache.catalina.core.StandardEngine start
INFO: Starting Servlet Engine: Apache Tomcat/5.5.15
Nov 03, 2015 12:06:16 AM org.apache.catalina.core.StandardHost start
INFO: XML validation disabled
Nov 03, 2015 12:06:18 AM org.apache.coyote.http11.Http11BaseProtocol start
INFO: Starting Coyote HTTP/1.1 on http-11413
Nov 03, 2015 12:06:18 AM org.apache.catalina.storeconfig.StoreLoader load
INFO: Find registry server-registry.xml at classpath resource
Nov 03, 2015 12:06:18 AM org.apache.catalina.startup.Catalina start
INFO: Server startup in 1870 ms
Nov 03, 2015 12:16:08 AM org.apache.coyote.http11.Http11BaseProtocol pause
INFO: Pausing Coyote HTTP/1.1 on http-11413
Nov 03, 2015 12:16:09 AM org.apache.catalina.core.StandardService stop
INFO: Stopping service Catalina
Nov 03, 2015 12:16:09 AM org.apache.coyote.http11.Http11BaseProtocol destroy
INFO: Stopping Coyote HTTP/1.1 on http-11413
Nov 03, 2015 12:16:09 AM org.apache.catalina.core.AprLifecycleListener lifecycleEvent
INFO: Failed shutdown of Apache Portable Runtime
Nov 03, 2015 12:16:13 AM org.apache.catalina.core.AprLifecycleListener lifecycleEvent
INFO: The Apache Tomcat Native library which allows optimal performance in production environments was not found on the java.library.path: /usr/java/packages/lib/amd64:/usr/lib64:/lib64:/lib:/usr/lib
Nov 03, 2015 12:16:13 AM org.apache.coyote.http11.Http11BaseProtocol init
INFO: Initializing Coyote HTTP/1.1 on http-11413
Nov 03, 2015 12:16:13 AM org.apache.catalina.startup.Catalina load
INFO: Initialization processed in 903 ms
Nov 03, 2015 12:16:13 AM org.apache.catalina.core.StandardService start
INFO: Starting service Catalina
Nov 03, 2015 12:16:13 AM org.apache.catalina.core.StandardEngine start
INFO: Starting Servlet Engine: Apache Tomcat/5.5.15
Nov 03, 2015 12:16:13 AM org.apache.catalina.core.StandardHost start
INFO: XML validation disabled
Nov 03, 2015 12:16:15 AM org.apache.coyote.http11.Http11BaseProtocol start
INFO: Starting Coyote HTTP/1.1 on http-11413
Nov 03, 2015 12:16:15 AM org.apache.catalina.storeconfig.StoreLoader load
INFO: Find registry server-registry.xml at classpath resource
Nov 03, 2015 12:16:15 AM org.apache.catalina.startup.Catalina start
INFO: Server startup in 1910 ms
Nov 03, 2015 12:17:39 AM org.apache.coyote.http11.Http11BaseProtocol pause
INFO: Pausing Coyote HTTP/1.1 on http-11413
Nov 03, 2015 12:17:40 AM org.apache.catalina.core.StandardService stop
INFO: Stopping service Catalina
Nov 03, 2015 12:17:40 AM org.apache.coyote.http11.Http11BaseProtocol destroy
INFO: Stopping Coyote HTTP/1.1 on http-11413
Nov 03, 2015 12:17:40 AM org.apache.catalina.core.AprLifecycleListener lifecycleEvent
INFO: Failed shutdown of Apache Portable Runtime
Nov 03, 2015 12:17:43 AM org.apache.catalina.core.AprLifecycleListener lifecycleEvent
INFO: The Apache Tomcat Native library which allows optimal performance in production environments was not found on the java.library.path: /usr/java/packages/lib/amd64:/usr/lib64:/lib64:/lib:/usr/lib
Nov 03, 2015 12:17:44 AM org.apache.coyote.http11.Http11BaseProtocol init
INFO: Initializing Coyote HTTP/1.1 on http-11413
Nov 03, 2015 12:17:44 AM org.apache.catalina.startup.Catalina load
INFO: Initialization processed in 965 ms
Nov 03, 2015 12:17:44 AM org.apache.catalina.core.StandardService start
INFO: Starting service Catalina
Nov 03, 2015 12:17:44 AM org.apache.catalina.core.StandardEngine start
INFO: Starting Servlet Engine: Apache Tomcat/5.5.15
Nov 03, 2015 12:17:44 AM org.apache.catalina.core.StandardHost start
INFO: XML validation disabled
Nov 03, 2015 12:17:45 AM org.apache.coyote.http11.Http11BaseProtocol start
INFO: Starting Coyote HTTP/1.1 on http-11413
Nov 03, 2015 12:17:45 AM org.apache.catalina.storeconfig.StoreLoader load
INFO: Find registry server-registry.xml at classpath resource
Nov 03, 2015 12:17:45 AM org.apache.catalina.startup.Catalina start
INFO: Server startup in 1931 ms
Nov 03, 2015 7:29:53 PM org.apache.coyote.http11.Http11BaseProtocol pause
INFO: Pausing Coyote HTTP/1.1 on http-11413
Nov 03, 2015 7:29:54 PM org.apache.catalina.core.StandardService stop
INFO: Stopping service Catalina
Nov 03, 2015 7:29:54 PM org.apache.coyote.http11.Http11BaseProtocol destroy
INFO: Stopping Coyote HTTP/1.1 on http-11413
Nov 03, 2015 7:29:54 PM org.apache.catalina.core.AprLifecycleListener lifecycleEvent
INFO: Failed shutdown of Apache Portable Runtime
Nov 03, 2015 7:29:57 PM org.apache.catalina.core.AprLifecycleListener lifecycleEvent
INFO: The Apache Tomcat Native library which allows optimal performance in production environments was not found on the java.library.path: /usr/java/packages/lib/amd64:/usr/lib64:/lib64:/lib:/usr/lib
Nov 03, 2015 7:29:58 PM org.apache.coyote.http11.Http11BaseProtocol init
INFO: Initializing Coyote HTTP/1.1 on http-11413
Nov 03, 2015 7:29:58 PM org.apache.catalina.startup.Catalina load
INFO: Initialization processed in 973 ms
Nov 03, 2015 7:29:58 PM org.apache.catalina.core.StandardService start
INFO: Starting service Catalina
Nov 03, 2015 7:29:58 PM org.apache.catalina.core.StandardEngine start
INFO: Starting Servlet Engine: Apache Tomcat/5.5.15
Nov 03, 2015 7:29:58 PM org.apache.catalina.core.StandardHost start
INFO: XML validation disabled
Nov 03, 2015 7:29:59 PM org.apache.coyote.http11.Http11BaseProtocol start
INFO: Starting Coyote HTTP/1.1 on http-11413
Nov 03, 2015 7:29:59 PM org.apache.catalina.storeconfig.StoreLoader load
INFO: Find registry server-registry.xml at classpath resource
Nov 03, 2015 7:29:59 PM org.apache.catalina.startup.Catalina start
INFO: Server startup in 1836 ms
Nov 03, 2015 8:08:52 PM org.apache.coyote.http11.Http11BaseProtocol pause
INFO: Pausing Coyote HTTP/1.1 on http-11413
Nov 03, 2015 8:08:53 PM org.apache.catalina.core.StandardService stop
INFO: Stopping service Catalina
Nov 03, 2015 8:08:53 PM org.apache.coyote.http11.Http11BaseProtocol destroy
INFO: Stopping Coyote HTTP/1.1 on http-11413
Nov 03, 2015 8:08:53 PM org.apache.catalina.core.AprLifecycleListener lifecycleEvent
INFO: Failed shutdown of Apache Portable Runtime
Nov 03, 2015 8:08:56 PM org.apache.catalina.core.AprLifecycleListener lifecycleEvent
INFO: The Apache Tomcat Native library which allows optimal performance in production environments was not found on the java.library.path: /usr/java/packages/lib/amd64:/usr/lib64:/lib64:/lib:/usr/lib
Nov 03, 2015 8:08:56 PM org.apache.coyote.http11.Http11BaseProtocol init
INFO: Initializing Coyote HTTP/1.1 on http-11413
Nov 03, 2015 8:08:56 PM org.apache.catalina.startup.Catalina load
INFO: Initialization processed in 964 ms
Nov 03, 2015 8:08:57 PM org.apache.catalina.core.StandardService start
INFO: Starting service Catalina
Nov 03, 2015 8:08:57 PM org.apache.catalina.core.StandardEngine start
INFO: Starting Servlet Engine: Apache Tomcat/5.5.15
Nov 03, 2015 8:08:57 PM org.apache.catalina.core.StandardHost start
INFO: XML validation disabled
Nov 03, 2015 8:08:57 PM org.apache.catalina.core.StandardContext resourcesStart
SEVERE: Error starting static Resources
java.lang.IllegalArgumentException: Document base /home/ugrad/chojoe/CS460/pa1/apache-tomcat-5.5.15/webapps/photoshare does not exist or is not a readable directory
	at org.apache.naming.resources.FileDirContext.setDocBase(FileDirContext.java:140)
	at org.apache.catalina.core.StandardContext.resourcesStart(StandardContext.java:3812)
	at org.apache.catalina.core.StandardContext.start(StandardContext.java:3983)
	at org.apache.catalina.core.ContainerBase.addChildInternal(ContainerBase.java:759)
	at org.apache.catalina.core.ContainerBase.addChild(ContainerBase.java:739)
	at org.apache.catalina.core.StandardHost.addChild(StandardHost.java:524)
	at org.apache.catalina.startup.HostConfig.deployDescriptor(HostConfig.java:603)
	at org.apache.catalina.startup.HostConfig.deployDescriptors(HostConfig.java:535)
	at org.apache.catalina.startup.HostConfig.deployApps(HostConfig.java:470)
	at org.apache.catalina.startup.HostConfig.start(HostConfig.java:1118)
	at org.apache.catalina.startup.HostConfig.lifecycleEvent(HostConfig.java:310)
	at org.apache.catalina.util.LifecycleSupport.fireLifecycleEvent(LifecycleSupport.java:119)
	at org.apache.catalina.core.ContainerBase.start(ContainerBase.java:1020)
	at org.apache.catalina.core.StandardHost.start(StandardHost.java:718)
	at org.apache.catalina.core.ContainerBase.start(ContainerBase.java:1012)
	at org.apache.catalina.core.StandardEngine.start(StandardEngine.java:442)
	at org.apache.catalina.core.StandardService.start(StandardService.java:450)
	at org.apache.catalina.core.StandardServer.start(StandardServer.java:700)
	at org.apache.catalina.startup.Catalina.start(Catalina.java:551)
	at sun.reflect.NativeMethodAccessorImpl.invoke0(Native Method)
	at sun.reflect.NativeMethodAccessorImpl.invoke(NativeMethodAccessorImpl.java:57)
	at sun.reflect.DelegatingMethodAccessorImpl.invoke(DelegatingMethodAccessorImpl.java:43)
	at java.lang.reflect.Method.invoke(Method.java:606)
	at org.apache.catalina.startup.Bootstrap.start(Bootstrap.java:275)
	at org.apache.catalina.startup.Bootstrap.main(Bootstrap.java:413)

Nov 03, 2015 8:08:57 PM org.apache.catalina.core.StandardContext start
SEVERE: Error in resourceStart()
Nov 03, 2015 8:08:57 PM org.apache.catalina.core.StandardContext start
SEVERE: Error getConfigured
Nov 03, 2015 8:08:57 PM org.apache.catalina.core.StandardContext start
SEVERE: Context [/photoshare] startup failed due to previous errors
Nov 03, 2015 8:08:57 PM org.apache.catalina.core.StandardContext stop
INFO: Container org.apache.catalina.core.ContainerBase.[Catalina].[localhost].[/photoshare] has not been started
Nov 03, 2015 8:08:58 PM org.apache.coyote.http11.Http11BaseProtocol start
INFO: Starting Coyote HTTP/1.1 on http-11413
Nov 03, 2015 8:08:58 PM org.apache.catalina.storeconfig.StoreLoader load
INFO: Find registry server-registry.xml at classpath resource
Nov 03, 2015 8:08:58 PM org.apache.catalina.startup.Catalina start
INFO: Server startup in 1449 ms
Nov 03, 2015 8:09:27 PM org.apache.coyote.http11.Http11BaseProtocol pause
INFO: Pausing Coyote HTTP/1.1 on http-11413
Nov 03, 2015 8:09:28 PM org.apache.catalina.core.StandardService stop
INFO: Stopping service Catalina
Nov 03, 2015 8:09:29 PM org.apache.coyote.http11.Http11BaseProtocol destroy
INFO: Stopping Coyote HTTP/1.1 on http-11413
Nov 03, 2015 8:09:29 PM org.apache.catalina.core.AprLifecycleListener lifecycleEvent
INFO: Failed shutdown of Apache Portable Runtime
Nov 03, 2015 8:09:32 PM org.apache.catalina.core.AprLifecycleListener lifecycleEvent
INFO: The Apache Tomcat Native library which allows optimal performance in production environments was not found on the java.library.path: /usr/java/packages/lib/amd64:/usr/lib64:/lib64:/lib:/usr/lib
Nov 03, 2015 8:09:32 PM org.apache.coyote.http11.Http11BaseProtocol init
INFO: Initializing Coyote HTTP/1.1 on http-11413
Nov 03, 2015 8:09:32 PM org.apache.catalina.startup.Catalina load
INFO: Initialization processed in 941 ms
Nov 03, 2015 8:09:32 PM org.apache.catalina.core.StandardService start
INFO: Starting service Catalina
Nov 03, 2015 8:09:32 PM org.apache.catalina.core.StandardEngine start
INFO: Starting Servlet Engine: Apache Tomcat/5.5.15
Nov 03, 2015 8:09:32 PM org.apache.catalina.core.StandardHost start
INFO: XML validation disabled
Nov 03, 2015 8:09:32 PM org.apache.catalina.core.StandardContext resourcesStart
SEVERE: Error starting static Resources
java.lang.IllegalArgumentException: Document base /home/ugrad/chojoe/CS460/pa1/apache-tomcat-5.5.15/webapps/photoshare does not exist or is not a readable directory
	at org.apache.naming.resources.FileDirContext.setDocBase(FileDirContext.java:140)
	at org.apache.catalina.core.StandardContext.resourcesStart(StandardContext.java:3812)
	at org.apache.catalina.core.StandardContext.start(StandardContext.java:3983)
	at org.apache.catalina.core.ContainerBase.addChildInternal(ContainerBase.java:759)
	at org.apache.catalina.core.ContainerBase.addChild(ContainerBase.java:739)
	at org.apache.catalina.core.StandardHost.addChild(StandardHost.java:524)
	at org.apache.catalina.startup.HostConfig.deployDescriptor(HostConfig.java:603)
	at org.apache.catalina.startup.HostConfig.deployDescriptors(HostConfig.java:535)
	at org.apache.catalina.startup.HostConfig.deployApps(HostConfig.java:470)
	at org.apache.catalina.startup.HostConfig.start(HostConfig.java:1118)
	at org.apache.catalina.startup.HostConfig.lifecycleEvent(HostConfig.java:310)
	at org.apache.catalina.util.LifecycleSupport.fireLifecycleEvent(LifecycleSupport.java:119)
	at org.apache.catalina.core.ContainerBase.start(ContainerBase.java:1020)
	at org.apache.catalina.core.StandardHost.start(StandardHost.java:718)
	at org.apache.catalina.core.ContainerBase.start(ContainerBase.java:1012)
	at org.apache.catalina.core.StandardEngine.start(StandardEngine.java:442)
	at org.apache.catalina.core.StandardService.start(StandardService.java:450)
	at org.apache.catalina.core.StandardServer.start(StandardServer.java:700)
	at org.apache.catalina.startup.Catalina.start(Catalina.java:551)
	at sun.reflect.NativeMethodAccessorImpl.invoke0(Native Method)
	at sun.reflect.NativeMethodAccessorImpl.invoke(NativeMethodAccessorImpl.java:57)
	at sun.reflect.DelegatingMethodAccessorImpl.invoke(DelegatingMethodAccessorImpl.java:43)
	at java.lang.reflect.Method.invoke(Method.java:606)
	at org.apache.catalina.startup.Bootstrap.start(Bootstrap.java:275)
	at org.apache.catalina.startup.Bootstrap.main(Bootstrap.java:413)

Nov 03, 2015 8:09:32 PM org.apache.catalina.core.StandardContext start
SEVERE: Error in resourceStart()
Nov 03, 2015 8:09:32 PM org.apache.catalina.core.StandardContext start
SEVERE: Error getConfigured
Nov 03, 2015 8:09:32 PM org.apache.catalina.core.StandardContext start
SEVERE: Context [/photoshare] startup failed due to previous errors
Nov 03, 2015 8:09:32 PM org.apache.catalina.core.StandardContext stop
INFO: Container org.apache.catalina.core.ContainerBase.[Catalina].[localhost].[/photoshare] has not been started
Nov 03, 2015 8:09:33 PM org.apache.coyote.http11.Http11BaseProtocol start
INFO: Starting Coyote HTTP/1.1 on http-11413
Nov 03, 2015 8:09:33 PM org.apache.catalina.storeconfig.StoreLoader load
INFO: Find registry server-registry.xml at classpath resource
Nov 03, 2015 8:09:33 PM org.apache.catalina.startup.Catalina start
INFO: Server startup in 1323 ms
Nov 03, 2015 8:10:51 PM org.apache.coyote.http11.Http11BaseProtocol pause
INFO: Pausing Coyote HTTP/1.1 on http-11413
Nov 03, 2015 8:10:52 PM org.apache.catalina.core.StandardService stop
INFO: Stopping service Catalina
Nov 03, 2015 8:10:52 PM org.apache.coyote.http11.Http11BaseProtocol destroy
INFO: Stopping Coyote HTTP/1.1 on http-11413
Nov 03, 2015 8:10:52 PM org.apache.catalina.core.AprLifecycleListener lifecycleEvent
INFO: Failed shutdown of Apache Portable Runtime
Nov 03, 2015 8:10:55 PM org.apache.catalina.core.AprLifecycleListener lifecycleEvent
INFO: The Apache Tomcat Native library which allows optimal performance in production environments was not found on the java.library.path: /usr/java/packages/lib/amd64:/usr/lib64:/lib64:/lib:/usr/lib
Nov 03, 2015 8:10:55 PM org.apache.coyote.http11.Http11BaseProtocol init
INFO: Initializing Coyote HTTP/1.1 on http-11413
Nov 03, 2015 8:10:55 PM org.apache.catalina.startup.Catalina load
INFO: Initialization processed in 927 ms
Nov 03, 2015 8:10:56 PM org.apache.catalina.core.StandardService start
INFO: Starting service Catalina
Nov 03, 2015 8:10:56 PM org.apache.catalina.core.StandardEngine start
INFO: Starting Servlet Engine: Apache Tomcat/5.5.15
Nov 03, 2015 8:10:56 PM org.apache.catalina.core.StandardHost start
INFO: XML validation disabled
Nov 03, 2015 8:10:56 PM org.apache.catalina.core.StandardContext resourcesStart
SEVERE: Error starting static Resources
java.lang.IllegalArgumentException: Document base /home/ugrad/chojoe/CS460/pa1/apache-tomcat-5.5.15/webapps/photoshare does not exist or is not a readable directory
	at org.apache.naming.resources.FileDirContext.setDocBase(FileDirContext.java:140)
	at org.apache.catalina.core.StandardContext.resourcesStart(StandardContext.java:3812)
	at org.apache.catalina.core.StandardContext.start(StandardContext.java:3983)
	at org.apache.catalina.core.ContainerBase.addChildInternal(ContainerBase.java:759)
	at org.apache.catalina.core.ContainerBase.addChild(ContainerBase.java:739)
	at org.apache.catalina.core.StandardHost.addChild(StandardHost.java:524)
	at org.apache.catalina.startup.HostConfig.deployDescriptor(HostConfig.java:603)
	at org.apache.catalina.startup.HostConfig.deployDescriptors(HostConfig.java:535)
	at org.apache.catalina.startup.HostConfig.deployApps(HostConfig.java:470)
	at org.apache.catalina.startup.HostConfig.start(HostConfig.java:1118)
	at org.apache.catalina.startup.HostConfig.lifecycleEvent(HostConfig.java:310)
	at org.apache.catalina.util.LifecycleSupport.fireLifecycleEvent(LifecycleSupport.java:119)
	at org.apache.catalina.core.ContainerBase.start(ContainerBase.java:1020)
	at org.apache.catalina.core.StandardHost.start(StandardHost.java:718)
	at org.apache.catalina.core.ContainerBase.start(ContainerBase.java:1012)
	at org.apache.catalina.core.StandardEngine.start(StandardEngine.java:442)
	at org.apache.catalina.core.StandardService.start(StandardService.java:450)
	at org.apache.catalina.core.StandardServer.start(StandardServer.java:700)
	at org.apache.catalina.startup.Catalina.start(Catalina.java:551)
	at sun.reflect.NativeMethodAccessorImpl.invoke0(Native Method)
	at sun.reflect.NativeMethodAccessorImpl.invoke(NativeMethodAccessorImpl.java:57)
	at sun.reflect.DelegatingMethodAccessorImpl.invoke(DelegatingMethodAccessorImpl.java:43)
	at java.lang.reflect.Method.invoke(Method.java:606)
	at org.apache.catalina.startup.Bootstrap.start(Bootstrap.java:275)
	at org.apache.catalina.startup.Bootstrap.main(Bootstrap.java:413)

Nov 03, 2015 8:10:56 PM org.apache.catalina.core.StandardContext start
SEVERE: Error in resourceStart()
Nov 03, 2015 8:10:56 PM org.apache.catalina.core.StandardContext start
SEVERE: Error getConfigured
Nov 03, 2015 8:10:56 PM org.apache.catalina.core.StandardContext start
SEVERE: Context [/photoshare] startup failed due to previous errors
Nov 03, 2015 8:10:56 PM org.apache.catalina.core.StandardContext stop
INFO: Container org.apache.catalina.core.ContainerBase.[Catalina].[localhost].[/photoshare] has not been started
Nov 03, 2015 8:10:57 PM org.apache.coyote.http11.Http11BaseProtocol start
INFO: Starting Coyote HTTP/1.1 on http-11413
Nov 03, 2015 8:10:57 PM org.apache.catalina.storeconfig.StoreLoader load
INFO: Find registry server-registry.xml at classpath resource
Nov 03, 2015 8:10:57 PM org.apache.catalina.startup.Catalina start
INFO: Server startup in 1345 ms
Nov 03, 2015 8:12:29 PM org.apache.coyote.http11.Http11BaseProtocol pause
INFO: Pausing Coyote HTTP/1.1 on http-11413
Nov 03, 2015 8:12:30 PM org.apache.catalina.core.StandardService stop
INFO: Stopping service Catalina
Nov 03, 2015 8:12:30 PM org.apache.coyote.http11.Http11BaseProtocol destroy
INFO: Stopping Coyote HTTP/1.1 on http-11413
Nov 03, 2015 8:12:30 PM org.apache.catalina.core.AprLifecycleListener lifecycleEvent
INFO: Failed shutdown of Apache Portable Runtime
Nov 03, 2015 8:12:34 PM org.apache.catalina.core.AprLifecycleListener lifecycleEvent
INFO: The Apache Tomcat Native library which allows optimal performance in production environments was not found on the java.library.path: /usr/java/packages/lib/amd64:/usr/lib64:/lib64:/lib:/usr/lib
Nov 03, 2015 8:12:34 PM org.apache.coyote.http11.Http11BaseProtocol init
INFO: Initializing Coyote HTTP/1.1 on http-11413
Nov 03, 2015 8:12:34 PM org.apache.catalina.startup.Catalina load
INFO: Initialization processed in 910 ms
Nov 03, 2015 8:12:34 PM org.apache.catalina.core.StandardService start
INFO: Starting service Catalina
Nov 03, 2015 8:12:34 PM org.apache.catalina.core.StandardEngine start
INFO: Starting Servlet Engine: Apache Tomcat/5.5.15
Nov 03, 2015 8:12:34 PM org.apache.catalina.core.StandardHost start
INFO: XML validation disabled
Nov 03, 2015 8:12:34 PM org.apache.catalina.core.StandardContext resourcesStart
SEVERE: Error starting static Resources
java.lang.IllegalArgumentException: Document base /home/ugrad/chojoe/CS460/pa1/apache-tomcat-5.5.15/webapps/photoshare does not exist or is not a readable directory
	at org.apache.naming.resources.FileDirContext.setDocBase(FileDirContext.java:140)
	at org.apache.catalina.core.StandardContext.resourcesStart(StandardContext.java:3812)
	at org.apache.catalina.core.StandardContext.start(StandardContext.java:3983)
	at org.apache.catalina.core.ContainerBase.addChildInternal(ContainerBase.java:759)
	at org.apache.catalina.core.ContainerBase.addChild(ContainerBase.java:739)
	at org.apache.catalina.core.StandardHost.addChild(StandardHost.java:524)
	at org.apache.catalina.startup.HostConfig.deployDescriptor(HostConfig.java:603)
	at org.apache.catalina.startup.HostConfig.deployDescriptors(HostConfig.java:535)
	at org.apache.catalina.startup.HostConfig.deployApps(HostConfig.java:470)
	at org.apache.catalina.startup.HostConfig.start(HostConfig.java:1118)
	at org.apache.catalina.startup.HostConfig.lifecycleEvent(HostConfig.java:310)
	at org.apache.catalina.util.LifecycleSupport.fireLifecycleEvent(LifecycleSupport.java:119)
	at org.apache.catalina.core.ContainerBase.start(ContainerBase.java:1020)
	at org.apache.catalina.core.StandardHost.start(StandardHost.java:718)
	at org.apache.catalina.core.ContainerBase.start(ContainerBase.java:1012)
	at org.apache.catalina.core.StandardEngine.start(StandardEngine.java:442)
	at org.apache.catalina.core.StandardService.start(StandardService.java:450)
	at org.apache.catalina.core.StandardServer.start(StandardServer.java:700)
	at org.apache.catalina.startup.Catalina.start(Catalina.java:551)
	at sun.reflect.NativeMethodAccessorImpl.invoke0(Native Method)
	at sun.reflect.NativeMethodAccessorImpl.invoke(NativeMethodAccessorImpl.java:57)
	at sun.reflect.DelegatingMethodAccessorImpl.invoke(DelegatingMethodAccessorImpl.java:43)
	at java.lang.reflect.Method.invoke(Method.java:606)
	at org.apache.catalina.startup.Bootstrap.start(Bootstrap.java:275)
	at org.apache.catalina.startup.Bootstrap.main(Bootstrap.java:413)

Nov 03, 2015 8:12:34 PM org.apache.catalina.core.StandardContext start
SEVERE: Error in resourceStart()
Nov 03, 2015 8:12:34 PM org.apache.catalina.core.StandardContext start
SEVERE: Error getConfigured
Nov 03, 2015 8:12:34 PM org.apache.catalina.core.StandardContext start
SEVERE: Context [/photoshare] startup failed due to previous errors
Nov 03, 2015 8:12:34 PM org.apache.catalina.core.StandardContext stop
INFO: Container org.apache.catalina.core.ContainerBase.[Catalina].[localhost].[/photoshare] has not been started
Nov 03, 2015 8:12:35 PM org.apache.coyote.http11.Http11BaseProtocol start
INFO: Starting Coyote HTTP/1.1 on http-11413
Nov 03, 2015 8:12:35 PM org.apache.catalina.storeconfig.StoreLoader load
INFO: Find registry server-registry.xml at classpath resource
Nov 03, 2015 8:12:35 PM org.apache.catalina.startup.Catalina start
INFO: Server startup in 1285 ms
Nov 03, 2015 8:15:50 PM org.apache.coyote.http11.Http11BaseProtocol pause
INFO: Pausing Coyote HTTP/1.1 on http-11413
Nov 03, 2015 8:15:51 PM org.apache.catalina.core.StandardService stop
INFO: Stopping service Catalina
Nov 03, 2015 8:15:51 PM org.apache.coyote.http11.Http11BaseProtocol destroy
INFO: Stopping Coyote HTTP/1.1 on http-11413
Nov 03, 2015 8:15:51 PM org.apache.catalina.core.AprLifecycleListener lifecycleEvent
INFO: Failed shutdown of Apache Portable Runtime
Nov 03, 2015 8:15:55 PM org.apache.catalina.core.AprLifecycleListener lifecycleEvent
INFO: The Apache Tomcat Native library which allows optimal performance in production environments was not found on the java.library.path: /usr/java/packages/lib/amd64:/usr/lib64:/lib64:/lib:/usr/lib
Nov 03, 2015 8:15:55 PM org.apache.coyote.http11.Http11BaseProtocol init
INFO: Initializing Coyote HTTP/1.1 on http-11413
Nov 03, 2015 8:15:55 PM org.apache.catalina.startup.Catalina load
INFO: Initialization processed in 912 ms
Nov 03, 2015 8:15:55 PM org.apache.catalina.core.StandardService start
INFO: Starting service Catalina
Nov 03, 2015 8:15:55 PM org.apache.catalina.core.StandardEngine start
INFO: Starting Servlet Engine: Apache Tomcat/5.5.15
Nov 03, 2015 8:15:55 PM org.apache.catalina.core.StandardHost start
INFO: XML validation disabled
Nov 03, 2015 8:15:56 PM org.apache.coyote.http11.Http11BaseProtocol start
INFO: Starting Coyote HTTP/1.1 on http-11413
Nov 03, 2015 8:15:57 PM org.apache.catalina.storeconfig.StoreLoader load
INFO: Find registry server-registry.xml at classpath resource
Nov 03, 2015 8:15:57 PM org.apache.catalina.startup.Catalina start
INFO: Server startup in 1727 ms
Nov 03, 2015 8:53:16 PM org.apache.coyote.http11.Http11BaseProtocol pause
INFO: Pausing Coyote HTTP/1.1 on http-11413
Nov 03, 2015 8:53:17 PM org.apache.catalina.core.StandardService stop
INFO: Stopping service Catalina
Nov 03, 2015 8:53:17 PM org.apache.coyote.http11.Http11BaseProtocol destroy
INFO: Stopping Coyote HTTP/1.1 on http-11413
Nov 03, 2015 8:53:17 PM org.apache.catalina.core.AprLifecycleListener lifecycleEvent
INFO: Failed shutdown of Apache Portable Runtime
Nov 03, 2015 8:53:21 PM org.apache.catalina.core.AprLifecycleListener lifecycleEvent
INFO: The Apache Tomcat Native library which allows optimal performance in production environments was not found on the java.library.path: /usr/java/packages/lib/amd64:/usr/lib64:/lib64:/lib:/usr/lib
Nov 03, 2015 8:53:21 PM org.apache.coyote.http11.Http11BaseProtocol init
INFO: Initializing Coyote HTTP/1.1 on http-11413
Nov 03, 2015 8:53:21 PM org.apache.catalina.startup.Catalina load
INFO: Initialization processed in 980 ms
Nov 03, 2015 8:53:21 PM org.apache.catalina.core.StandardService start
INFO: Starting service Catalina
Nov 03, 2015 8:53:21 PM org.apache.catalina.core.StandardEngine start
INFO: Starting Servlet Engine: Apache Tomcat/5.5.15
Nov 03, 2015 8:53:21 PM org.apache.catalina.core.StandardHost start
INFO: XML validation disabled
Nov 03, 2015 8:53:21 PM org.apache.catalina.core.StandardContext resourcesStart
SEVERE: Error starting static Resources
java.lang.IllegalArgumentException: Document base /home/ugrad/chojoe/CS460/pa1/apache-tomcat-5.5.15/webapps/photoshare does not exist or is not a readable directory
	at org.apache.naming.resources.FileDirContext.setDocBase(FileDirContext.java:140)
	at org.apache.catalina.core.StandardContext.resourcesStart(StandardContext.java:3812)
	at org.apache.catalina.core.StandardContext.start(StandardContext.java:3983)
	at org.apache.catalina.core.ContainerBase.addChildInternal(ContainerBase.java:759)
	at org.apache.catalina.core.ContainerBase.addChild(ContainerBase.java:739)
	at org.apache.catalina.core.StandardHost.addChild(StandardHost.java:524)
	at org.apache.catalina.startup.HostConfig.deployDescriptor(HostConfig.java:603)
	at org.apache.catalina.startup.HostConfig.deployDescriptors(HostConfig.java:535)
	at org.apache.catalina.startup.HostConfig.deployApps(HostConfig.java:470)
	at org.apache.catalina.startup.HostConfig.start(HostConfig.java:1118)
	at org.apache.catalina.startup.HostConfig.lifecycleEvent(HostConfig.java:310)
	at org.apache.catalina.util.LifecycleSupport.fireLifecycleEvent(LifecycleSupport.java:119)
	at org.apache.catalina.core.ContainerBase.start(ContainerBase.java:1020)
	at org.apache.catalina.core.StandardHost.start(StandardHost.java:718)
	at org.apache.catalina.core.ContainerBase.start(ContainerBase.java:1012)
	at org.apache.catalina.core.StandardEngine.start(StandardEngine.java:442)
	at org.apache.catalina.core.StandardService.start(StandardService.java:450)
	at org.apache.catalina.core.StandardServer.start(StandardServer.java:700)
	at org.apache.catalina.startup.Catalina.start(Catalina.java:551)
	at sun.reflect.NativeMethodAccessorImpl.invoke0(Native Method)
	at sun.reflect.NativeMethodAccessorImpl.invoke(NativeMethodAccessorImpl.java:57)
	at sun.reflect.DelegatingMethodAccessorImpl.invoke(DelegatingMethodAccessorImpl.java:43)
	at java.lang.reflect.Method.invoke(Method.java:606)
	at org.apache.catalina.startup.Bootstrap.start(Bootstrap.java:275)
	at org.apache.catalina.startup.Bootstrap.main(Bootstrap.java:413)

Nov 03, 2015 8:53:21 PM org.apache.catalina.core.StandardContext start
SEVERE: Error in resourceStart()
Nov 03, 2015 8:53:21 PM org.apache.catalina.core.StandardContext start
SEVERE: Error getConfigured
Nov 03, 2015 8:53:21 PM org.apache.catalina.core.StandardContext start
SEVERE: Context [/photoshare] startup failed due to previous errors
Nov 03, 2015 8:53:21 PM org.apache.catalina.core.StandardContext stop
INFO: Container org.apache.catalina.core.ContainerBase.[Catalina].[localhost].[/photoshare] has not been started
Nov 03, 2015 8:53:22 PM org.apache.coyote.http11.Http11BaseProtocol start
INFO: Starting Coyote HTTP/1.1 on http-11413
Nov 03, 2015 8:53:22 PM org.apache.catalina.storeconfig.StoreLoader load
INFO: Find registry server-registry.xml at classpath resource
Nov 03, 2015 8:53:22 PM org.apache.catalina.startup.Catalina start
INFO: Server startup in 1431 ms
Nov 03, 2015 8:54:20 PM org.apache.coyote.http11.Http11BaseProtocol pause
INFO: Pausing Coyote HTTP/1.1 on http-11413
Nov 03, 2015 8:54:21 PM org.apache.catalina.core.StandardService stop
INFO: Stopping service Catalina
Nov 03, 2015 8:54:21 PM org.apache.coyote.http11.Http11BaseProtocol destroy
INFO: Stopping Coyote HTTP/1.1 on http-11413
Nov 03, 2015 8:54:21 PM org.apache.catalina.core.AprLifecycleListener lifecycleEvent
INFO: Failed shutdown of Apache Portable Runtime
Nov 03, 2015 8:54:24 PM org.apache.catalina.core.AprLifecycleListener lifecycleEvent
INFO: The Apache Tomcat Native library which allows optimal performance in production environments was not found on the java.library.path: /usr/java/packages/lib/amd64:/usr/lib64:/lib64:/lib:/usr/lib
Nov 03, 2015 8:54:25 PM org.apache.coyote.http11.Http11BaseProtocol init
INFO: Initializing Coyote HTTP/1.1 on http-11413
Nov 03, 2015 8:54:25 PM org.apache.catalina.startup.Catalina load
INFO: Initialization processed in 981 ms
Nov 03, 2015 8:54:25 PM org.apache.catalina.core.StandardService start
INFO: Starting service Catalina
Nov 03, 2015 8:54:25 PM org.apache.catalina.core.StandardEngine start
INFO: Starting Servlet Engine: Apache Tomcat/5.5.15
Nov 03, 2015 8:54:25 PM org.apache.catalina.core.StandardHost start
INFO: XML validation disabled
Nov 03, 2015 8:54:25 PM org.apache.catalina.core.StandardContext resourcesStart
SEVERE: Error starting static Resources
java.lang.IllegalArgumentException: Document base /home/ugrad/chojoe/CS460/pa1/apache-tomcat-5.5.15/webapps/photoshare does not exist or is not a readable directory
	at org.apache.naming.resources.FileDirContext.setDocBase(FileDirContext.java:140)
	at org.apache.catalina.core.StandardContext.resourcesStart(StandardContext.java:3812)
	at org.apache.catalina.core.StandardContext.start(StandardContext.java:3983)
	at org.apache.catalina.core.ContainerBase.addChildInternal(ContainerBase.java:759)
	at org.apache.catalina.core.ContainerBase.addChild(ContainerBase.java:739)
	at org.apache.catalina.core.StandardHost.addChild(StandardHost.java:524)
	at org.apache.catalina.startup.HostConfig.deployDescriptor(HostConfig.java:603)
	at org.apache.catalina.startup.HostConfig.deployDescriptors(HostConfig.java:535)
	at org.apache.catalina.startup.HostConfig.deployApps(HostConfig.java:470)
	at org.apache.catalina.startup.HostConfig.start(HostConfig.java:1118)
	at org.apache.catalina.startup.HostConfig.lifecycleEvent(HostConfig.java:310)
	at org.apache.catalina.util.LifecycleSupport.fireLifecycleEvent(LifecycleSupport.java:119)
	at org.apache.catalina.core.ContainerBase.start(ContainerBase.java:1020)
	at org.apache.catalina.core.StandardHost.start(StandardHost.java:718)
	at org.apache.catalina.core.ContainerBase.start(ContainerBase.java:1012)
	at org.apache.catalina.core.StandardEngine.start(StandardEngine.java:442)
	at org.apache.catalina.core.StandardService.start(StandardService.java:450)
	at org.apache.catalina.core.StandardServer.start(StandardServer.java:700)
	at org.apache.catalina.startup.Catalina.start(Catalina.java:551)
	at sun.reflect.NativeMethodAccessorImpl.invoke0(Native Method)
	at sun.reflect.NativeMethodAccessorImpl.invoke(NativeMethodAccessorImpl.java:57)
	at sun.reflect.DelegatingMethodAccessorImpl.invoke(DelegatingMethodAccessorImpl.java:43)
	at java.lang.reflect.Method.invoke(Method.java:606)
	at org.apache.catalina.startup.Bootstrap.start(Bootstrap.java:275)
	at org.apache.catalina.startup.Bootstrap.main(Bootstrap.java:413)

Nov 03, 2015 8:54:25 PM org.apache.catalina.core.StandardContext start
SEVERE: Error in resourceStart()
Nov 03, 2015 8:54:25 PM org.apache.catalina.core.StandardContext start
SEVERE: Error getConfigured
Nov 03, 2015 8:54:25 PM org.apache.catalina.core.StandardContext start
SEVERE: Context [/photoshare] startup failed due to previous errors
Nov 03, 2015 8:54:25 PM org.apache.catalina.core.StandardContext stop
INFO: Container org.apache.catalina.core.ContainerBase.[Catalina].[localhost].[/photoshare] has not been started
Nov 03, 2015 8:54:26 PM org.apache.coyote.http11.Http11BaseProtocol start
INFO: Starting Coyote HTTP/1.1 on http-11413
Nov 03, 2015 8:54:26 PM org.apache.catalina.storeconfig.StoreLoader load
INFO: Find registry server-registry.xml at classpath resource
Nov 03, 2015 8:54:26 PM org.apache.catalina.startup.Catalina start
INFO: Server startup in 1487 ms
Nov 03, 2015 8:55:16 PM org.apache.coyote.http11.Http11BaseProtocol pause
INFO: Pausing Coyote HTTP/1.1 on http-11413
Nov 03, 2015 8:55:17 PM org.apache.catalina.core.StandardService stop
INFO: Stopping service Catalina
Nov 03, 2015 8:55:17 PM org.apache.coyote.http11.Http11BaseProtocol destroy
INFO: Stopping Coyote HTTP/1.1 on http-11413
Nov 03, 2015 8:55:17 PM org.apache.catalina.core.AprLifecycleListener lifecycleEvent
INFO: Failed shutdown of Apache Portable Runtime
Nov 03, 2015 8:55:20 PM org.apache.catalina.core.AprLifecycleListener lifecycleEvent
INFO: The Apache Tomcat Native library which allows optimal performance in production environments was not found on the java.library.path: /usr/java/packages/lib/amd64:/usr/lib64:/lib64:/lib:/usr/lib
Nov 03, 2015 8:55:21 PM org.apache.coyote.http11.Http11BaseProtocol init
INFO: Initializing Coyote HTTP/1.1 on http-11413
Nov 03, 2015 8:55:21 PM org.apache.catalina.startup.Catalina load
INFO: Initialization processed in 918 ms
Nov 03, 2015 8:55:21 PM org.apache.catalina.core.StandardService start
INFO: Starting service Catalina
Nov 03, 2015 8:55:21 PM org.apache.catalina.core.StandardEngine start
INFO: Starting Servlet Engine: Apache Tomcat/5.5.15
Nov 03, 2015 8:55:21 PM org.apache.catalina.core.StandardHost start
INFO: XML validation disabled
Nov 03, 2015 8:55:21 PM org.apache.catalina.core.StandardContext resourcesStart
SEVERE: Error starting static Resources
java.lang.IllegalArgumentException: Document base /home/ugrad/chojoe/CS460/pa1/apache-tomcat-5.5.15/webapps/photoshare does not exist or is not a readable directory
	at org.apache.naming.resources.FileDirContext.setDocBase(FileDirContext.java:140)
	at org.apache.catalina.core.StandardContext.resourcesStart(StandardContext.java:3812)
	at org.apache.catalina.core.StandardContext.start(StandardContext.java:3983)
	at org.apache.catalina.core.ContainerBase.addChildInternal(ContainerBase.java:759)
	at org.apache.catalina.core.ContainerBase.addChild(ContainerBase.java:739)
	at org.apache.catalina.core.StandardHost.addChild(StandardHost.java:524)
	at org.apache.catalina.startup.HostConfig.deployDescriptor(HostConfig.java:603)
	at org.apache.catalina.startup.HostConfig.deployDescriptors(HostConfig.java:535)
	at org.apache.catalina.startup.HostConfig.deployApps(HostConfig.java:470)
	at org.apache.catalina.startup.HostConfig.start(HostConfig.java:1118)
	at org.apache.catalina.startup.HostConfig.lifecycleEvent(HostConfig.java:310)
	at org.apache.catalina.util.LifecycleSupport.fireLifecycleEvent(LifecycleSupport.java:119)
	at org.apache.catalina.core.ContainerBase.start(ContainerBase.java:1020)
	at org.apache.catalina.core.StandardHost.start(StandardHost.java:718)
	at org.apache.catalina.core.ContainerBase.start(ContainerBase.java:1012)
	at org.apache.catalina.core.StandardEngine.start(StandardEngine.java:442)
	at org.apache.catalina.core.StandardService.start(StandardService.java:450)
	at org.apache.catalina.core.StandardServer.start(StandardServer.java:700)
	at org.apache.catalina.startup.Catalina.start(Catalina.java:551)
	at sun.reflect.NativeMethodAccessorImpl.invoke0(Native Method)
	at sun.reflect.NativeMethodAccessorImpl.invoke(NativeMethodAccessorImpl.java:57)
	at sun.reflect.DelegatingMethodAccessorImpl.invoke(DelegatingMethodAccessorImpl.java:43)
	at java.lang.reflect.Method.invoke(Method.java:606)
	at org.apache.catalina.startup.Bootstrap.start(Bootstrap.java:275)
	at org.apache.catalina.startup.Bootstrap.main(Bootstrap.java:413)

Nov 03, 2015 8:55:21 PM org.apache.catalina.core.StandardContext start
SEVERE: Error in resourceStart()
Nov 03, 2015 8:55:21 PM org.apache.catalina.core.StandardContext start
SEVERE: Error getConfigured
Nov 03, 2015 8:55:21 PM org.apache.catalina.core.StandardContext start
SEVERE: Context [/photoshare] startup failed due to previous errors
Nov 03, 2015 8:55:21 PM org.apache.catalina.core.StandardContext stop
INFO: Container org.apache.catalina.core.ContainerBase.[Catalina].[localhost].[/photoshare] has not been started
Nov 03, 2015 8:55:22 PM org.apache.coyote.http11.Http11BaseProtocol start
INFO: Starting Coyote HTTP/1.1 on http-11413
Nov 03, 2015 8:55:22 PM org.apache.catalina.storeconfig.StoreLoader load
INFO: Find registry server-registry.xml at classpath resource
Nov 03, 2015 8:55:22 PM org.apache.catalina.startup.Catalina start
INFO: Server startup in 1292 ms
Nov 03, 2015 8:58:56 PM org.apache.coyote.http11.Http11BaseProtocol pause
INFO: Pausing Coyote HTTP/1.1 on http-11413
Nov 03, 2015 8:58:57 PM org.apache.catalina.core.StandardService stop
INFO: Stopping service Catalina
Nov 03, 2015 8:58:57 PM org.apache.coyote.http11.Http11BaseProtocol destroy
INFO: Stopping Coyote HTTP/1.1 on http-11413
Nov 03, 2015 8:58:57 PM org.apache.catalina.core.AprLifecycleListener lifecycleEvent
INFO: Failed shutdown of Apache Portable Runtime
Nov 03, 2015 8:59:01 PM org.apache.catalina.core.AprLifecycleListener lifecycleEvent
INFO: The Apache Tomcat Native library which allows optimal performance in production environments was not found on the java.library.path: /usr/java/packages/lib/amd64:/usr/lib64:/lib64:/lib:/usr/lib
Nov 03, 2015 8:59:01 PM org.apache.coyote.http11.Http11BaseProtocol init
INFO: Initializing Coyote HTTP/1.1 on http-11413
Nov 03, 2015 8:59:01 PM org.apache.catalina.startup.Catalina load
INFO: Initialization processed in 887 ms
Nov 03, 2015 8:59:01 PM org.apache.catalina.core.StandardService start
INFO: Starting service Catalina
Nov 03, 2015 8:59:01 PM org.apache.catalina.core.StandardEngine start
INFO: Starting Servlet Engine: Apache Tomcat/5.5.15
Nov 03, 2015 8:59:01 PM org.apache.catalina.core.StandardHost start
INFO: XML validation disabled
Nov 03, 2015 8:59:03 PM org.apache.coyote.http11.Http11BaseProtocol start
INFO: Starting Coyote HTTP/1.1 on http-11413
Nov 03, 2015 8:59:03 PM org.apache.catalina.storeconfig.StoreLoader load
INFO: Find registry server-registry.xml at classpath resource
Nov 03, 2015 8:59:03 PM org.apache.catalina.startup.Catalina start
INFO: Server startup in 1838 ms
Nov 03, 2015 9:14:30 PM org.apache.coyote.http11.Http11BaseProtocol pause
INFO: Pausing Coyote HTTP/1.1 on http-11413
Nov 03, 2015 9:14:31 PM org.apache.catalina.core.StandardService stop
INFO: Stopping service Catalina
Nov 03, 2015 9:14:32 PM org.apache.coyote.http11.Http11BaseProtocol destroy
INFO: Stopping Coyote HTTP/1.1 on http-11413
Nov 03, 2015 9:14:32 PM org.apache.catalina.core.AprLifecycleListener lifecycleEvent
INFO: Failed shutdown of Apache Portable Runtime
Nov 03, 2015 9:14:36 PM org.apache.catalina.core.AprLifecycleListener lifecycleEvent
INFO: The Apache Tomcat Native library which allows optimal performance in production environments was not found on the java.library.path: /usr/java/packages/lib/amd64:/usr/lib64:/lib64:/lib:/usr/lib
Nov 03, 2015 9:14:36 PM org.apache.coyote.http11.Http11BaseProtocol init
INFO: Initializing Coyote HTTP/1.1 on http-11413
Nov 03, 2015 9:14:36 PM org.apache.catalina.startup.Catalina load
INFO: Initialization processed in 928 ms
Nov 03, 2015 9:14:36 PM org.apache.catalina.core.StandardService start
INFO: Starting service Catalina
Nov 03, 2015 9:14:36 PM org.apache.catalina.core.StandardEngine start
INFO: Starting Servlet Engine: Apache Tomcat/5.5.15
Nov 03, 2015 9:14:36 PM org.apache.catalina.core.StandardHost start
INFO: XML validation disabled
Nov 03, 2015 9:14:37 PM org.apache.coyote.http11.Http11BaseProtocol start
INFO: Starting Coyote HTTP/1.1 on http-11413
Nov 03, 2015 9:14:37 PM org.apache.catalina.storeconfig.StoreLoader load
INFO: Find registry server-registry.xml at classpath resource
Nov 03, 2015 9:14:38 PM org.apache.catalina.startup.Catalina start
INFO: Server startup in 1798 ms
Nov 03, 2015 9:23:24 PM org.apache.coyote.http11.Http11BaseProtocol pause
INFO: Pausing Coyote HTTP/1.1 on http-11413
Nov 03, 2015 9:23:25 PM org.apache.catalina.core.StandardService stop
INFO: Stopping service Catalina
Nov 03, 2015 9:23:25 PM org.apache.coyote.http11.Http11BaseProtocol destroy
INFO: Stopping Coyote HTTP/1.1 on http-11413
Nov 03, 2015 9:23:25 PM org.apache.catalina.core.AprLifecycleListener lifecycleEvent
INFO: Failed shutdown of Apache Portable Runtime
Nov 03, 2015 9:23:29 PM org.apache.catalina.core.AprLifecycleListener lifecycleEvent
INFO: The Apache Tomcat Native library which allows optimal performance in production environments was not found on the java.library.path: /usr/java/packages/lib/amd64:/usr/lib64:/lib64:/lib:/usr/lib
Nov 03, 2015 9:23:29 PM org.apache.coyote.http11.Http11BaseProtocol init
INFO: Initializing Coyote HTTP/1.1 on http-11413
Nov 03, 2015 9:23:29 PM org.apache.catalina.startup.Catalina load
INFO: Initialization processed in 903 ms
Nov 03, 2015 9:23:30 PM org.apache.catalina.core.StandardService start
INFO: Starting service Catalina
Nov 03, 2015 9:23:30 PM org.apache.catalina.core.StandardEngine start
INFO: Starting Servlet Engine: Apache Tomcat/5.5.15
Nov 03, 2015 9:23:30 PM org.apache.catalina.core.StandardHost start
INFO: XML validation disabled
Nov 03, 2015 9:23:31 PM org.apache.coyote.http11.Http11BaseProtocol start
INFO: Starting Coyote HTTP/1.1 on http-11413
Nov 03, 2015 9:23:31 PM org.apache.catalina.storeconfig.StoreLoader load
INFO: Find registry server-registry.xml at classpath resource
Nov 03, 2015 9:23:31 PM org.apache.catalina.startup.Catalina start
INFO: Server startup in 1810 ms
Nov 03, 2015 9:24:34 PM org.apache.coyote.http11.Http11BaseProtocol pause
INFO: Pausing Coyote HTTP/1.1 on http-11413
Nov 03, 2015 9:24:35 PM org.apache.catalina.core.StandardService stop
INFO: Stopping service Catalina
Nov 03, 2015 9:24:35 PM org.apache.coyote.http11.Http11BaseProtocol destroy
INFO: Stopping Coyote HTTP/1.1 on http-11413
Nov 03, 2015 9:24:35 PM org.apache.catalina.core.AprLifecycleListener lifecycleEvent
INFO: Failed shutdown of Apache Portable Runtime
Nov 03, 2015 9:24:39 PM org.apache.catalina.core.AprLifecycleListener lifecycleEvent
INFO: The Apache Tomcat Native library which allows optimal performance in production environments was not found on the java.library.path: /usr/java/packages/lib/amd64:/usr/lib64:/lib64:/lib:/usr/lib
Nov 03, 2015 9:24:39 PM org.apache.coyote.http11.Http11BaseProtocol init
INFO: Initializing Coyote HTTP/1.1 on http-11413
Nov 03, 2015 9:24:39 PM org.apache.catalina.startup.Catalina load
INFO: Initialization processed in 891 ms
Nov 03, 2015 9:24:39 PM org.apache.catalina.core.StandardService start
INFO: Starting service Catalina
Nov 03, 2015 9:24:39 PM org.apache.catalina.core.StandardEngine start
INFO: Starting Servlet Engine: Apache Tomcat/5.5.15
Nov 03, 2015 9:24:39 PM org.apache.catalina.core.StandardHost start
INFO: XML validation disabled
Nov 03, 2015 9:24:40 PM org.apache.coyote.http11.Http11BaseProtocol start
INFO: Starting Coyote HTTP/1.1 on http-11413
Nov 03, 2015 9:24:40 PM org.apache.catalina.storeconfig.StoreLoader load
INFO: Find registry server-registry.xml at classpath resource
Nov 03, 2015 9:24:40 PM org.apache.catalina.startup.Catalina start
INFO: Server startup in 1763 ms
Nov 03, 2015 9:26:01 PM org.apache.coyote.http11.Http11BaseProtocol pause
INFO: Pausing Coyote HTTP/1.1 on http-11413
Nov 03, 2015 9:26:02 PM org.apache.catalina.core.StandardService stop
INFO: Stopping service Catalina
Nov 03, 2015 9:26:02 PM org.apache.coyote.http11.Http11BaseProtocol destroy
INFO: Stopping Coyote HTTP/1.1 on http-11413
Nov 03, 2015 9:26:02 PM org.apache.catalina.core.AprLifecycleListener lifecycleEvent
INFO: Failed shutdown of Apache Portable Runtime
Nov 03, 2015 9:26:04 PM org.apache.catalina.core.AprLifecycleListener lifecycleEvent
INFO: The Apache Tomcat Native library which allows optimal performance in production environments was not found on the java.library.path: /usr/java/packages/lib/amd64:/usr/lib64:/lib64:/lib:/usr/lib
Nov 03, 2015 9:26:04 PM org.apache.coyote.http11.Http11BaseProtocol init
INFO: Initializing Coyote HTTP/1.1 on http-11413
Nov 03, 2015 9:26:04 PM org.apache.catalina.startup.Catalina load
INFO: Initialization processed in 967 ms
Nov 03, 2015 9:26:05 PM org.apache.catalina.core.StandardService start
INFO: Starting service Catalina
Nov 03, 2015 9:26:05 PM org.apache.catalina.core.StandardEngine start
INFO: Starting Servlet Engine: Apache Tomcat/5.5.15
Nov 03, 2015 9:26:05 PM org.apache.catalina.core.StandardHost start
INFO: XML validation disabled
Nov 03, 2015 9:26:05 PM org.apache.catalina.core.StandardContext resourcesStart
SEVERE: Error starting static Resources
java.lang.IllegalArgumentException: Document base /home/ugrad/chojoe/CS460/pa1/apache-tomcat-5.5.15/webapps/photoshare does not exist or is not a readable directory
	at org.apache.naming.resources.FileDirContext.setDocBase(FileDirContext.java:140)
	at org.apache.catalina.core.StandardContext.resourcesStart(StandardContext.java:3812)
	at org.apache.catalina.core.StandardContext.start(StandardContext.java:3983)
	at org.apache.catalina.core.ContainerBase.addChildInternal(ContainerBase.java:759)
	at org.apache.catalina.core.ContainerBase.addChild(ContainerBase.java:739)
	at org.apache.catalina.core.StandardHost.addChild(StandardHost.java:524)
	at org.apache.catalina.startup.HostConfig.deployDescriptor(HostConfig.java:603)
	at org.apache.catalina.startup.HostConfig.deployDescriptors(HostConfig.java:535)
	at org.apache.catalina.startup.HostConfig.deployApps(HostConfig.java:470)
	at org.apache.catalina.startup.HostConfig.start(HostConfig.java:1118)
	at org.apache.catalina.startup.HostConfig.lifecycleEvent(HostConfig.java:310)
	at org.apache.catalina.util.LifecycleSupport.fireLifecycleEvent(LifecycleSupport.java:119)
	at org.apache.catalina.core.ContainerBase.start(ContainerBase.java:1020)
	at org.apache.catalina.core.StandardHost.start(StandardHost.java:718)
	at org.apache.catalina.core.ContainerBase.start(ContainerBase.java:1012)
	at org.apache.catalina.core.StandardEngine.start(StandardEngine.java:442)
	at org.apache.catalina.core.StandardService.start(StandardService.java:450)
	at org.apache.catalina.core.StandardServer.start(StandardServer.java:700)
	at org.apache.catalina.startup.Catalina.start(Catalina.java:551)
	at sun.reflect.NativeMethodAccessorImpl.invoke0(Native Method)
	at sun.reflect.NativeMethodAccessorImpl.invoke(NativeMethodAccessorImpl.java:57)
	at sun.reflect.DelegatingMethodAccessorImpl.invoke(DelegatingMethodAccessorImpl.java:43)
	at java.lang.reflect.Method.invoke(Method.java:606)
	at org.apache.catalina.startup.Bootstrap.start(Bootstrap.java:275)
	at org.apache.catalina.startup.Bootstrap.main(Bootstrap.java:413)

Nov 03, 2015 9:26:05 PM org.apache.catalina.core.StandardContext start
SEVERE: Error in resourceStart()
Nov 03, 2015 9:26:05 PM org.apache.catalina.core.StandardContext start
SEVERE: Error getConfigured
Nov 03, 2015 9:26:05 PM org.apache.catalina.core.StandardContext start
SEVERE: Context [/photoshare] startup failed due to previous errors
Nov 03, 2015 9:26:05 PM org.apache.catalina.core.StandardContext stop
INFO: Container org.apache.catalina.core.ContainerBase.[Catalina].[localhost].[/photoshare] has not been started
Nov 03, 2015 9:26:06 PM org.apache.coyote.http11.Http11BaseProtocol start
INFO: Starting Coyote HTTP/1.1 on http-11413
Nov 03, 2015 9:26:06 PM org.apache.catalina.storeconfig.StoreLoader load
INFO: Find registry server-registry.xml at classpath resource
Nov 03, 2015 9:26:06 PM org.apache.catalina.startup.Catalina start
INFO: Server startup in 1347 ms
Nov 03, 2015 9:26:20 PM org.apache.coyote.http11.Http11BaseProtocol pause
INFO: Pausing Coyote HTTP/1.1 on http-11413
Nov 03, 2015 9:26:21 PM org.apache.catalina.core.StandardService stop
INFO: Stopping service Catalina
Nov 03, 2015 9:26:21 PM org.apache.coyote.http11.Http11BaseProtocol destroy
INFO: Stopping Coyote HTTP/1.1 on http-11413
Nov 03, 2015 9:26:21 PM org.apache.catalina.core.AprLifecycleListener lifecycleEvent
INFO: Failed shutdown of Apache Portable Runtime
Nov 03, 2015 9:26:24 PM org.apache.catalina.core.AprLifecycleListener lifecycleEvent
INFO: The Apache Tomcat Native library which allows optimal performance in production environments was not found on the java.library.path: /usr/java/packages/lib/amd64:/usr/lib64:/lib64:/lib:/usr/lib
Nov 03, 2015 9:26:24 PM org.apache.coyote.http11.Http11BaseProtocol init
INFO: Initializing Coyote HTTP/1.1 on http-11413
Nov 03, 2015 9:26:24 PM org.apache.catalina.startup.Catalina load
INFO: Initialization processed in 925 ms
Nov 03, 2015 9:26:25 PM org.apache.catalina.core.StandardService start
INFO: Starting service Catalina
Nov 03, 2015 9:26:25 PM org.apache.catalina.core.StandardEngine start
INFO: Starting Servlet Engine: Apache Tomcat/5.5.15
Nov 03, 2015 9:26:25 PM org.apache.catalina.core.StandardHost start
INFO: XML validation disabled
Nov 03, 2015 9:26:26 PM org.apache.coyote.http11.Http11BaseProtocol start
INFO: Starting Coyote HTTP/1.1 on http-11413
Nov 03, 2015 9:26:26 PM org.apache.catalina.storeconfig.StoreLoader load
INFO: Find registry server-registry.xml at classpath resource
Nov 03, 2015 9:26:26 PM org.apache.catalina.startup.Catalina start
INFO: Server startup in 1805 ms
Nov 03, 2015 9:32:03 PM org.apache.coyote.http11.Http11BaseProtocol pause
INFO: Pausing Coyote HTTP/1.1 on http-11413
Nov 03, 2015 9:32:04 PM org.apache.catalina.core.StandardService stop
INFO: Stopping service Catalina
Nov 03, 2015 9:32:04 PM org.apache.coyote.http11.Http11BaseProtocol destroy
INFO: Stopping Coyote HTTP/1.1 on http-11413
Nov 03, 2015 9:32:04 PM org.apache.catalina.core.AprLifecycleListener lifecycleEvent
INFO: Failed shutdown of Apache Portable Runtime
Nov 03, 2015 9:32:08 PM org.apache.catalina.core.AprLifecycleListener lifecycleEvent
INFO: The Apache Tomcat Native library which allows optimal performance in production environments was not found on the java.library.path: /usr/java/packages/lib/amd64:/usr/lib64:/lib64:/lib:/usr/lib
Nov 03, 2015 9:32:08 PM org.apache.coyote.http11.Http11BaseProtocol init
INFO: Initializing Coyote HTTP/1.1 on http-11413
Nov 03, 2015 9:32:08 PM org.apache.catalina.startup.Catalina load
INFO: Initialization processed in 959 ms
Nov 03, 2015 9:32:08 PM org.apache.catalina.core.StandardService start
INFO: Starting service Catalina
Nov 03, 2015 9:32:08 PM org.apache.catalina.core.StandardEngine start
INFO: Starting Servlet Engine: Apache Tomcat/5.5.15
Nov 03, 2015 9:32:08 PM org.apache.catalina.core.StandardHost start
INFO: XML validation disabled
Nov 03, 2015 9:32:10 PM org.apache.coyote.http11.Http11BaseProtocol start
INFO: Starting Coyote HTTP/1.1 on http-11413
Nov 03, 2015 9:32:10 PM org.apache.catalina.storeconfig.StoreLoader load
INFO: Find registry server-registry.xml at classpath resource
Nov 03, 2015 9:32:10 PM org.apache.catalina.startup.Catalina start
INFO: Server startup in 1950 ms
Nov 03, 2015 9:36:28 PM org.apache.coyote.http11.Http11BaseProtocol pause
INFO: Pausing Coyote HTTP/1.1 on http-11413
Nov 03, 2015 9:36:29 PM org.apache.catalina.core.StandardService stop
INFO: Stopping service Catalina
Nov 03, 2015 9:36:29 PM org.apache.coyote.http11.Http11BaseProtocol destroy
INFO: Stopping Coyote HTTP/1.1 on http-11413
Nov 03, 2015 9:36:29 PM org.apache.catalina.core.AprLifecycleListener lifecycleEvent
INFO: Failed shutdown of Apache Portable Runtime
Nov 03, 2015 9:36:33 PM org.apache.catalina.core.AprLifecycleListener lifecycleEvent
INFO: The Apache Tomcat Native library which allows optimal performance in production environments was not found on the java.library.path: /usr/java/packages/lib/amd64:/usr/lib64:/lib64:/lib:/usr/lib
Nov 03, 2015 9:36:33 PM org.apache.coyote.http11.Http11BaseProtocol init
INFO: Initializing Coyote HTTP/1.1 on http-11413
Nov 03, 2015 9:36:33 PM org.apache.catalina.startup.Catalina load
INFO: Initialization processed in 907 ms
Nov 03, 2015 9:36:33 PM org.apache.catalina.core.StandardService start
INFO: Starting service Catalina
Nov 03, 2015 9:36:33 PM org.apache.catalina.core.StandardEngine start
INFO: Starting Servlet Engine: Apache Tomcat/5.5.15
Nov 03, 2015 9:36:33 PM org.apache.catalina.core.StandardHost start
INFO: XML validation disabled
Nov 03, 2015 9:36:34 PM org.apache.coyote.http11.Http11BaseProtocol start
INFO: Starting Coyote HTTP/1.1 on http-11413
Nov 03, 2015 9:36:34 PM org.apache.catalina.storeconfig.StoreLoader load
INFO: Find registry server-registry.xml at classpath resource
Nov 03, 2015 9:36:34 PM org.apache.catalina.startup.Catalina start
INFO: Server startup in 1772 ms
Nov 03, 2015 9:41:32 PM org.apache.coyote.http11.Http11BaseProtocol pause
INFO: Pausing Coyote HTTP/1.1 on http-11413
Nov 03, 2015 9:41:33 PM org.apache.catalina.core.StandardService stop
INFO: Stopping service Catalina
Nov 03, 2015 9:41:33 PM org.apache.coyote.http11.Http11BaseProtocol destroy
INFO: Stopping Coyote HTTP/1.1 on http-11413
Nov 03, 2015 9:41:33 PM org.apache.catalina.core.AprLifecycleListener lifecycleEvent
INFO: Failed shutdown of Apache Portable Runtime
Nov 03, 2015 9:41:37 PM org.apache.catalina.core.AprLifecycleListener lifecycleEvent
INFO: The Apache Tomcat Native library which allows optimal performance in production environments was not found on the java.library.path: /usr/java/packages/lib/amd64:/usr/lib64:/lib64:/lib:/usr/lib
Nov 03, 2015 9:41:37 PM org.apache.coyote.http11.Http11BaseProtocol init
INFO: Initializing Coyote HTTP/1.1 on http-11413
Nov 03, 2015 9:41:37 PM org.apache.catalina.startup.Catalina load
INFO: Initialization processed in 1015 ms
Nov 03, 2015 9:41:37 PM org.apache.catalina.core.StandardService start
INFO: Starting service Catalina
Nov 03, 2015 9:41:37 PM org.apache.catalina.core.StandardEngine start
INFO: Starting Servlet Engine: Apache Tomcat/5.5.15
Nov 03, 2015 9:41:37 PM org.apache.catalina.core.StandardHost start
INFO: XML validation disabled
Nov 03, 2015 9:41:39 PM org.apache.coyote.http11.Http11BaseProtocol start
INFO: Starting Coyote HTTP/1.1 on http-11413
Nov 03, 2015 9:41:39 PM org.apache.catalina.storeconfig.StoreLoader load
INFO: Find registry server-registry.xml at classpath resource
Nov 03, 2015 9:41:39 PM org.apache.catalina.startup.Catalina start
INFO: Server startup in 1996 ms
Nov 03, 2015 10:08:00 PM org.apache.coyote.http11.Http11BaseProtocol pause
INFO: Pausing Coyote HTTP/1.1 on http-11413
Nov 03, 2015 10:08:01 PM org.apache.catalina.core.StandardService stop
INFO: Stopping service Catalina
Nov 03, 2015 10:08:01 PM org.apache.coyote.http11.Http11BaseProtocol destroy
INFO: Stopping Coyote HTTP/1.1 on http-11413
Nov 03, 2015 10:08:01 PM org.apache.catalina.core.AprLifecycleListener lifecycleEvent
INFO: Failed shutdown of Apache Portable Runtime
Nov 03, 2015 10:08:04 PM org.apache.catalina.core.AprLifecycleListener lifecycleEvent
INFO: The Apache Tomcat Native library which allows optimal performance in production environments was not found on the java.library.path: /usr/java/packages/lib/amd64:/usr/lib64:/lib64:/lib:/usr/lib
Nov 03, 2015 10:08:05 PM org.apache.coyote.http11.Http11BaseProtocol init
INFO: Initializing Coyote HTTP/1.1 on http-11413
Nov 03, 2015 10:08:05 PM org.apache.catalina.startup.Catalina load
INFO: Initialization processed in 941 ms
Nov 03, 2015 10:08:05 PM org.apache.catalina.core.StandardService start
INFO: Starting service Catalina
Nov 03, 2015 10:08:05 PM org.apache.catalina.core.StandardEngine start
INFO: Starting Servlet Engine: Apache Tomcat/5.5.15
Nov 03, 2015 10:08:05 PM org.apache.catalina.core.StandardHost start
INFO: XML validation disabled
Nov 03, 2015 10:08:05 PM org.apache.catalina.core.StandardContext resourcesStart
SEVERE: Error starting static Resources
java.lang.IllegalArgumentException: Document base /home/ugrad/chojoe/CS460/pa1/apache-tomcat-5.5.15/webapps/photoshare does not exist or is not a readable directory
	at org.apache.naming.resources.FileDirContext.setDocBase(FileDirContext.java:140)
	at org.apache.catalina.core.StandardContext.resourcesStart(StandardContext.java:3812)
	at org.apache.catalina.core.StandardContext.start(StandardContext.java:3983)
	at org.apache.catalina.core.ContainerBase.addChildInternal(ContainerBase.java:759)
	at org.apache.catalina.core.ContainerBase.addChild(ContainerBase.java:739)
	at org.apache.catalina.core.StandardHost.addChild(StandardHost.java:524)
	at org.apache.catalina.startup.HostConfig.deployDescriptor(HostConfig.java:603)
	at org.apache.catalina.startup.HostConfig.deployDescriptors(HostConfig.java:535)
	at org.apache.catalina.startup.HostConfig.deployApps(HostConfig.java:470)
	at org.apache.catalina.startup.HostConfig.start(HostConfig.java:1118)
	at org.apache.catalina.startup.HostConfig.lifecycleEvent(HostConfig.java:310)
	at org.apache.catalina.util.LifecycleSupport.fireLifecycleEvent(LifecycleSupport.java:119)
	at org.apache.catalina.core.ContainerBase.start(ContainerBase.java:1020)
	at org.apache.catalina.core.StandardHost.start(StandardHost.java:718)
	at org.apache.catalina.core.ContainerBase.start(ContainerBase.java:1012)
	at org.apache.catalina.core.StandardEngine.start(StandardEngine.java:442)
	at org.apache.catalina.core.StandardService.start(StandardService.java:450)
	at org.apache.catalina.core.StandardServer.start(StandardServer.java:700)
	at org.apache.catalina.startup.Catalina.start(Catalina.java:551)
	at sun.reflect.NativeMethodAccessorImpl.invoke0(Native Method)
	at sun.reflect.NativeMethodAccessorImpl.invoke(NativeMethodAccessorImpl.java:57)
	at sun.reflect.DelegatingMethodAccessorImpl.invoke(DelegatingMethodAccessorImpl.java:43)
	at java.lang.reflect.Method.invoke(Method.java:606)
	at org.apache.catalina.startup.Bootstrap.start(Bootstrap.java:275)
	at org.apache.catalina.startup.Bootstrap.main(Bootstrap.java:413)

Nov 03, 2015 10:08:05 PM org.apache.catalina.core.StandardContext start
SEVERE: Error in resourceStart()
Nov 03, 2015 10:08:05 PM org.apache.catalina.core.StandardContext start
SEVERE: Error getConfigured
Nov 03, 2015 10:08:05 PM org.apache.catalina.core.StandardContext start
SEVERE: Context [/photoshare] startup failed due to previous errors
Nov 03, 2015 10:08:05 PM org.apache.catalina.core.StandardContext stop
INFO: Container org.apache.catalina.core.ContainerBase.[Catalina].[localhost].[/photoshare] has not been started
Nov 03, 2015 10:08:06 PM org.apache.coyote.http11.Http11BaseProtocol start
INFO: Starting Coyote HTTP/1.1 on http-11413
Nov 03, 2015 10:08:06 PM org.apache.catalina.storeconfig.StoreLoader load
INFO: Find registry server-registry.xml at classpath resource
Nov 03, 2015 10:08:06 PM org.apache.catalina.startup.Catalina start
INFO: Server startup in 1340 ms
Nov 03, 2015 10:09:28 PM org.apache.coyote.http11.Http11BaseProtocol pause
INFO: Pausing Coyote HTTP/1.1 on http-11413
Nov 03, 2015 10:09:29 PM org.apache.catalina.core.StandardService stop
INFO: Stopping service Catalina
Nov 03, 2015 10:09:29 PM org.apache.coyote.http11.Http11BaseProtocol destroy
INFO: Stopping Coyote HTTP/1.1 on http-11413
Nov 03, 2015 10:09:29 PM org.apache.catalina.core.AprLifecycleListener lifecycleEvent
INFO: Failed shutdown of Apache Portable Runtime
Nov 03, 2015 10:09:33 PM org.apache.catalina.core.AprLifecycleListener lifecycleEvent
INFO: The Apache Tomcat Native library which allows optimal performance in production environments was not found on the java.library.path: /usr/java/packages/lib/amd64:/usr/lib64:/lib64:/lib:/usr/lib
Nov 03, 2015 10:09:33 PM org.apache.coyote.http11.Http11BaseProtocol init
INFO: Initializing Coyote HTTP/1.1 on http-11413
Nov 03, 2015 10:09:33 PM org.apache.catalina.startup.Catalina load
INFO: Initialization processed in 948 ms
Nov 03, 2015 10:09:33 PM org.apache.catalina.core.StandardService start
INFO: Starting service Catalina
Nov 03, 2015 10:09:33 PM org.apache.catalina.core.StandardEngine start
INFO: Starting Servlet Engine: Apache Tomcat/5.5.15
Nov 03, 2015 10:09:33 PM org.apache.catalina.core.StandardHost start
INFO: XML validation disabled
Nov 03, 2015 10:09:35 PM org.apache.coyote.http11.Http11BaseProtocol start
INFO: Starting Coyote HTTP/1.1 on http-11413
Nov 03, 2015 10:09:35 PM org.apache.catalina.storeconfig.StoreLoader load
INFO: Find registry server-registry.xml at classpath resource
Nov 03, 2015 10:09:35 PM org.apache.catalina.startup.Catalina start
INFO: Server startup in 1967 ms
Nov 03, 2015 10:11:03 PM org.apache.coyote.http11.Http11BaseProtocol pause
INFO: Pausing Coyote HTTP/1.1 on http-11413
Nov 03, 2015 10:11:04 PM org.apache.catalina.core.StandardService stop
INFO: Stopping service Catalina
Nov 03, 2015 10:11:04 PM org.apache.coyote.http11.Http11BaseProtocol destroy
INFO: Stopping Coyote HTTP/1.1 on http-11413
Nov 03, 2015 10:11:04 PM org.apache.catalina.core.AprLifecycleListener lifecycleEvent
INFO: Failed shutdown of Apache Portable Runtime
Nov 03, 2015 10:11:08 PM org.apache.catalina.core.AprLifecycleListener lifecycleEvent
INFO: The Apache Tomcat Native library which allows optimal performance in production environments was not found on the java.library.path: /usr/java/packages/lib/amd64:/usr/lib64:/lib64:/lib:/usr/lib
Nov 03, 2015 10:11:08 PM org.apache.coyote.http11.Http11BaseProtocol init
INFO: Initializing Coyote HTTP/1.1 on http-11413
Nov 03, 2015 10:11:08 PM org.apache.catalina.startup.Catalina load
INFO: Initialization processed in 969 ms
Nov 03, 2015 10:11:08 PM org.apache.catalina.core.StandardService start
INFO: Starting service Catalina
Nov 03, 2015 10:11:08 PM org.apache.catalina.core.StandardEngine start
INFO: Starting Servlet Engine: Apache Tomcat/5.5.15
Nov 03, 2015 10:11:08 PM org.apache.catalina.core.StandardHost start
INFO: XML validation disabled
Nov 03, 2015 10:11:09 PM org.apache.coyote.http11.Http11BaseProtocol start
INFO: Starting Coyote HTTP/1.1 on http-11413
Nov 03, 2015 10:11:09 PM org.apache.catalina.storeconfig.StoreLoader load
INFO: Find registry server-registry.xml at classpath resource
Nov 03, 2015 10:11:10 PM org.apache.catalina.startup.Catalina start
INFO: Server startup in 1846 ms
