Nov 02, 2015 5:49:38 PM org.apache.catalina.core.ApplicationContext log
INFO: org.apache.webapp.balancer.BalancerFilter: init(): ruleChain: [org.apache.webapp.balancer.RuleChain: [org.apache.webapp.balancer.rules.URLStringMatchRule: Target string: News / Redirect URL: http://www.cnn.com], [org.apache.webapp.balancer.rules.RequestParameterRule: Target param name: paramName / Target param value: paramValue / Redirect URL: http://www.yahoo.com], [org.apache.webapp.balancer.rules.AcceptEverythingRule: Redirect URL: http://jakarta.apache.org]]
Nov 02, 2015 5:49:38 PM org.apache.catalina.core.ApplicationContext log
INFO: ContextListener: contextInitialized()
Nov 02, 2015 5:49:38 PM org.apache.catalina.core.ApplicationContext log
INFO: SessionListener: contextInitialized()
Nov 02, 2015 5:49:38 PM org.apache.catalina.core.ApplicationContext log
INFO: ContextListener: contextInitialized()
Nov 02, 2015 5:49:38 PM org.apache.catalina.core.ApplicationContext log
INFO: SessionListener: contextInitialized()
Nov 02, 2015 5:50:06 PM org.apache.catalina.core.ApplicationContext log
INFO: SessionListener: contextDestroyed()
Nov 02, 2015 5:50:06 PM org.apache.catalina.core.ApplicationContext log
INFO: ContextListener: contextDestroyed()
Nov 02, 2015 5:50:06 PM org.apache.catalina.core.ApplicationContext log
INFO: SessionListener: contextDestroyed()
Nov 02, 2015 5:50:06 PM org.apache.catalina.core.ApplicationContext log
INFO: ContextListener: contextDestroyed()
Nov 02, 2015 5:50:46 PM org.apache.catalina.core.ApplicationContext log
INFO: org.apache.webapp.balancer.BalancerFilter: init(): ruleChain: [org.apache.webapp.balancer.RuleChain: [org.apache.webapp.balancer.rules.URLStringMatchRule: Target string: News / Redirect URL: http://www.cnn.com], [org.apache.webapp.balancer.rules.RequestParameterRule: Target param name: paramName / Target param value: paramValue / Redirect URL: http://www.yahoo.com], [org.apache.webapp.balancer.rules.AcceptEverythingRule: Redirect URL: http://jakarta.apache.org]]
Nov 02, 2015 5:50:46 PM org.apache.catalina.core.ApplicationContext log
INFO: ContextListener: contextInitialized()
Nov 02, 2015 5:50:46 PM org.apache.catalina.core.ApplicationContext log
INFO: SessionListener: contextInitialized()
Nov 02, 2015 5:50:46 PM org.apache.catalina.core.ApplicationContext log
INFO: ContextListener: contextInitialized()
Nov 02, 2015 5:50:46 PM org.apache.catalina.core.ApplicationContext log
INFO: SessionListener: contextInitialized()
Nov 02, 2015 5:52:40 PM org.apache.catalina.core.ApplicationContext log
INFO: SessionListener: contextDestroyed()
Nov 02, 2015 5:52:40 PM org.apache.catalina.core.ApplicationContext log
INFO: ContextListener: contextDestroyed()
Nov 02, 2015 5:52:40 PM org.apache.catalina.core.ApplicationContext log
INFO: SessionListener: contextDestroyed()
Nov 02, 2015 5:52:40 PM org.apache.catalina.core.ApplicationContext log
INFO: ContextListener: contextDestroyed()
Nov 02, 2015 5:57:34 PM org.apache.catalina.core.ApplicationContext log
INFO: org.apache.webapp.balancer.BalancerFilter: init(): ruleChain: [org.apache.webapp.balancer.RuleChain: [org.apache.webapp.balancer.rules.URLStringMatchRule: Target string: News / Redirect URL: http://www.cnn.com], [org.apache.webapp.balancer.rules.RequestParameterRule: Target param name: paramName / Target param value: paramValue / Redirect URL: http://www.yahoo.com], [org.apache.webapp.balancer.rules.AcceptEverythingRule: Redirect URL: http://jakarta.apache.org]]
Nov 02, 2015 5:57:34 PM org.apache.catalina.core.ApplicationContext log
INFO: ContextListener: contextInitialized()
Nov 02, 2015 5:57:34 PM org.apache.catalina.core.ApplicationContext log
INFO: SessionListener: contextInitialized()
Nov 02, 2015 5:57:34 PM org.apache.catalina.core.ApplicationContext log
INFO: ContextListener: contextInitialized()
Nov 02, 2015 5:57:34 PM org.apache.catalina.core.ApplicationContext log
INFO: SessionListener: contextInitialized()
Nov 02, 2015 6:02:56 PM org.apache.catalina.core.ApplicationContext log
INFO: SessionListener: contextDestroyed()
Nov 02, 2015 6:02:56 PM org.apache.catalina.core.ApplicationContext log
INFO: ContextListener: contextDestroyed()
Nov 02, 2015 6:02:56 PM org.apache.catalina.core.ApplicationContext log
INFO: SessionListener: contextDestroyed()
Nov 02, 2015 6:02:56 PM org.apache.catalina.core.ApplicationContext log
INFO: ContextListener: contextDestroyed()
Nov 02, 2015 6:03:01 PM org.apache.catalina.core.ApplicationContext log
INFO: org.apache.webapp.balancer.BalancerFilter: init(): ruleChain: [org.apache.webapp.balancer.RuleChain: [org.apache.webapp.balancer.rules.URLStringMatchRule: Target string: News / Redirect URL: http://www.cnn.com], [org.apache.webapp.balancer.rules.RequestParameterRule: Target param name: paramName / Target param value: paramValue / Redirect URL: http://www.yahoo.com], [org.apache.webapp.balancer.rules.AcceptEverythingRule: Redirect URL: http://jakarta.apache.org]]
Nov 02, 2015 6:03:01 PM org.apache.catalina.core.ApplicationContext log
INFO: ContextListener: contextInitialized()
Nov 02, 2015 6:03:01 PM org.apache.catalina.core.ApplicationContext log
INFO: SessionListener: contextInitialized()
Nov 02, 2015 6:03:01 PM org.apache.catalina.core.ApplicationContext log
INFO: ContextListener: contextInitialized()
Nov 02, 2015 6:03:01 PM org.apache.catalina.core.ApplicationContext log
INFO: SessionListener: contextInitialized()
Nov 02, 2015 7:03:05 PM org.apache.catalina.core.StandardWrapperValve invoke
SEVERE: Servlet.service() for servlet jsp threw exception
java.lang.NullPointerException
	at photoshare.Picture.createThumbnail(Picture.java:89)
	at photoshare.ImageUploadBean.upload(ImageUploadBean.java:39)
	at org.apache.jsp.index_jsp._jspService(org.apache.jsp.index_jsp:87)
	at org.apache.jasper.runtime.HttpJspBase.service(HttpJspBase.java:97)
	at javax.servlet.http.HttpServlet.service(HttpServlet.java:802)
	at org.apache.jasper.servlet.JspServletWrapper.service(JspServletWrapper.java:332)
	at org.apache.jasper.servlet.JspServlet.serviceJspFile(JspServlet.java:314)
	at org.apache.jasper.servlet.JspServlet.service(JspServlet.java:264)
	at javax.servlet.http.HttpServlet.service(HttpServlet.java:802)
	at org.apache.catalina.core.ApplicationFilterChain.internalDoFilter(ApplicationFilterChain.java:252)
	at org.apache.catalina.core.ApplicationFilterChain.doFilter(ApplicationFilterChain.java:173)
	at org.apache.catalina.core.StandardWrapperValve.invoke(StandardWrapperValve.java:213)
	at org.apache.catalina.core.StandardContextValve.invoke(StandardContextValve.java:178)
	at org.apache.catalina.authenticator.AuthenticatorBase.invoke(AuthenticatorBase.java:524)
	at org.apache.catalina.core.StandardHostValve.invoke(StandardHostValve.java:126)
	at org.apache.catalina.valves.ErrorReportValve.invoke(ErrorReportValve.java:105)
	at org.apache.catalina.core.StandardEngineValve.invoke(StandardEngineValve.java:107)
	at org.apache.catalina.connector.CoyoteAdapter.service(CoyoteAdapter.java:148)
	at org.apache.coyote.http11.Http11Processor.process(Http11Processor.java:869)
	at org.apache.coyote.http11.Http11BaseProtocol$Http11ConnectionHandler.processConnection(Http11BaseProtocol.java:667)
	at org.apache.tomcat.util.net.PoolTcpEndpoint.processSocket(PoolTcpEndpoint.java:527)
	at org.apache.tomcat.util.net.LeaderFollowerWorkerThread.runIt(LeaderFollowerWorkerThread.java:80)
	at org.apache.tomcat.util.threads.ThreadPool$ControlRunnable.run(ThreadPool.java:684)
	at java.lang.Thread.run(Thread.java:745)

Nov 02, 2015 7:05:27 PM org.apache.catalina.core.ApplicationContext log
INFO: SessionListener: contextDestroyed()
Nov 02, 2015 7:05:27 PM org.apache.catalina.core.ApplicationContext log
INFO: ContextListener: contextDestroyed()
Nov 02, 2015 7:05:27 PM org.apache.catalina.core.ApplicationContext log
INFO: SessionListener: contextDestroyed()
Nov 02, 2015 7:05:27 PM org.apache.catalina.core.ApplicationContext log
INFO: ContextListener: contextDestroyed()
Nov 02, 2015 7:05:32 PM org.apache.catalina.core.ApplicationContext log
INFO: org.apache.webapp.balancer.BalancerFilter: init(): ruleChain: [org.apache.webapp.balancer.RuleChain: [org.apache.webapp.balancer.rules.URLStringMatchRule: Target string: News / Redirect URL: http://www.cnn.com], [org.apache.webapp.balancer.rules.RequestParameterRule: Target param name: paramName / Target param value: paramValue / Redirect URL: http://www.yahoo.com], [org.apache.webapp.balancer.rules.AcceptEverythingRule: Redirect URL: http://jakarta.apache.org]]
Nov 02, 2015 7:05:32 PM org.apache.catalina.core.ApplicationContext log
INFO: ContextListener: contextInitialized()
Nov 02, 2015 7:05:32 PM org.apache.catalina.core.ApplicationContext log
INFO: SessionListener: contextInitialized()
Nov 02, 2015 7:05:32 PM org.apache.catalina.core.ApplicationContext log
INFO: ContextListener: contextInitialized()
Nov 02, 2015 7:05:32 PM org.apache.catalina.core.ApplicationContext log
INFO: SessionListener: contextInitialized()
Nov 02, 2015 9:56:10 PM org.apache.catalina.core.ApplicationContext log
INFO: SessionListener: contextDestroyed()
Nov 02, 2015 9:56:10 PM org.apache.catalina.core.ApplicationContext log
INFO: ContextListener: contextDestroyed()
Nov 02, 2015 9:56:10 PM org.apache.catalina.core.ApplicationContext log
INFO: SessionListener: contextDestroyed()
Nov 02, 2015 9:56:10 PM org.apache.catalina.core.ApplicationContext log
INFO: ContextListener: contextDestroyed()
Nov 02, 2015 9:56:14 PM org.apache.catalina.core.ApplicationContext log
INFO: org.apache.webapp.balancer.BalancerFilter: init(): ruleChain: [org.apache.webapp.balancer.RuleChain: [org.apache.webapp.balancer.rules.URLStringMatchRule: Target string: News / Redirect URL: http://www.cnn.com], [org.apache.webapp.balancer.rules.RequestParameterRule: Target param name: paramName / Target param value: paramValue / Redirect URL: http://www.yahoo.com], [org.apache.webapp.balancer.rules.AcceptEverythingRule: Redirect URL: http://jakarta.apache.org]]
Nov 02, 2015 9:56:14 PM org.apache.catalina.core.ApplicationContext log
INFO: ContextListener: contextInitialized()
Nov 02, 2015 9:56:14 PM org.apache.catalina.core.ApplicationContext log
INFO: SessionListener: contextInitialized()
Nov 02, 2015 9:56:14 PM org.apache.catalina.core.ApplicationContext log
INFO: ContextListener: contextInitialized()
Nov 02, 2015 9:56:14 PM org.apache.catalina.core.ApplicationContext log
INFO: SessionListener: contextInitialized()
Nov 02, 2015 9:57:17 PM org.apache.catalina.core.ApplicationContext log
INFO: SessionListener: contextDestroyed()
Nov 02, 2015 9:57:17 PM org.apache.catalina.core.ApplicationContext log
INFO: ContextListener: contextDestroyed()
Nov 02, 2015 9:57:17 PM org.apache.catalina.core.ApplicationContext log
INFO: SessionListener: contextDestroyed()
Nov 02, 2015 9:57:17 PM org.apache.catalina.core.ApplicationContext log
INFO: ContextListener: contextDestroyed()
Nov 02, 2015 9:57:21 PM org.apache.catalina.core.ApplicationContext log
INFO: org.apache.webapp.balancer.BalancerFilter: init(): ruleChain: [org.apache.webapp.balancer.RuleChain: [org.apache.webapp.balancer.rules.URLStringMatchRule: Target string: News / Redirect URL: http://www.cnn.com], [org.apache.webapp.balancer.rules.RequestParameterRule: Target param name: paramName / Target param value: paramValue / Redirect URL: http://www.yahoo.com], [org.apache.webapp.balancer.rules.AcceptEverythingRule: Redirect URL: http://jakarta.apache.org]]
Nov 02, 2015 9:57:21 PM org.apache.catalina.core.ApplicationContext log
INFO: ContextListener: contextInitialized()
Nov 02, 2015 9:57:21 PM org.apache.catalina.core.ApplicationContext log
INFO: SessionListener: contextInitialized()
Nov 02, 2015 9:57:21 PM org.apache.catalina.core.ApplicationContext log
INFO: ContextListener: contextInitialized()
Nov 02, 2015 9:57:21 PM org.apache.catalina.core.ApplicationContext log
INFO: SessionListener: contextInitialized()
Nov 02, 2015 9:59:57 PM org.apache.catalina.core.ApplicationContext log
INFO: SessionListener: contextDestroyed()
Nov 02, 2015 9:59:57 PM org.apache.catalina.core.ApplicationContext log
INFO: ContextListener: contextDestroyed()
Nov 02, 2015 9:59:57 PM org.apache.catalina.core.ApplicationContext log
INFO: SessionListener: contextDestroyed()
Nov 02, 2015 9:59:57 PM org.apache.catalina.core.ApplicationContext log
INFO: ContextListener: contextDestroyed()
Nov 02, 2015 10:00:02 PM org.apache.catalina.core.ApplicationContext log
INFO: org.apache.webapp.balancer.BalancerFilter: init(): ruleChain: [org.apache.webapp.balancer.RuleChain: [org.apache.webapp.balancer.rules.URLStringMatchRule: Target string: News / Redirect URL: http://www.cnn.com], [org.apache.webapp.balancer.rules.RequestParameterRule: Target param name: paramName / Target param value: paramValue / Redirect URL: http://www.yahoo.com], [org.apache.webapp.balancer.rules.AcceptEverythingRule: Redirect URL: http://jakarta.apache.org]]
Nov 02, 2015 10:00:02 PM org.apache.catalina.core.ApplicationContext log
INFO: ContextListener: contextInitialized()
Nov 02, 2015 10:00:02 PM org.apache.catalina.core.ApplicationContext log
INFO: SessionListener: contextInitialized()
Nov 02, 2015 10:00:02 PM org.apache.catalina.core.ApplicationContext log
INFO: ContextListener: contextInitialized()
Nov 02, 2015 10:00:02 PM org.apache.catalina.core.ApplicationContext log
INFO: SessionListener: contextInitialized()
Nov 02, 2015 10:11:42 PM org.apache.catalina.core.ApplicationContext log
INFO: SessionListener: contextDestroyed()
Nov 02, 2015 10:11:42 PM org.apache.catalina.core.ApplicationContext log
INFO: ContextListener: contextDestroyed()
Nov 02, 2015 10:11:42 PM org.apache.catalina.core.ApplicationContext log
INFO: SessionListener: contextDestroyed()
Nov 02, 2015 10:11:42 PM org.apache.catalina.core.ApplicationContext log
INFO: ContextListener: contextDestroyed()
Nov 02, 2015 10:11:47 PM org.apache.catalina.core.ApplicationContext log
INFO: org.apache.webapp.balancer.BalancerFilter: init(): ruleChain: [org.apache.webapp.balancer.RuleChain: [org.apache.webapp.balancer.rules.URLStringMatchRule: Target string: News / Redirect URL: http://www.cnn.com], [org.apache.webapp.balancer.rules.RequestParameterRule: Target param name: paramName / Target param value: paramValue / Redirect URL: http://www.yahoo.com], [org.apache.webapp.balancer.rules.AcceptEverythingRule: Redirect URL: http://jakarta.apache.org]]
Nov 02, 2015 10:11:47 PM org.apache.catalina.core.ApplicationContext log
INFO: ContextListener: contextInitialized()
Nov 02, 2015 10:11:47 PM org.apache.catalina.core.ApplicationContext log
INFO: SessionListener: contextInitialized()
Nov 02, 2015 10:11:48 PM org.apache.catalina.core.ApplicationContext log
INFO: ContextListener: contextInitialized()
Nov 02, 2015 10:11:48 PM org.apache.catalina.core.ApplicationContext log
INFO: SessionListener: contextInitialized()
Nov 02, 2015 10:20:59 PM org.apache.catalina.core.ApplicationContext log
INFO: SessionListener: contextDestroyed()
Nov 02, 2015 10:20:59 PM org.apache.catalina.core.ApplicationContext log
INFO: ContextListener: contextDestroyed()
Nov 02, 2015 10:20:59 PM org.apache.catalina.core.ApplicationContext log
INFO: SessionListener: contextDestroyed()
Nov 02, 2015 10:20:59 PM org.apache.catalina.core.ApplicationContext log
INFO: ContextListener: contextDestroyed()
Nov 02, 2015 10:21:05 PM org.apache.catalina.core.ApplicationContext log
INFO: org.apache.webapp.balancer.BalancerFilter: init(): ruleChain: [org.apache.webapp.balancer.RuleChain: [org.apache.webapp.balancer.rules.URLStringMatchRule: Target string: News / Redirect URL: http://www.cnn.com], [org.apache.webapp.balancer.rules.RequestParameterRule: Target param name: paramName / Target param value: paramValue / Redirect URL: http://www.yahoo.com], [org.apache.webapp.balancer.rules.AcceptEverythingRule: Redirect URL: http://jakarta.apache.org]]
Nov 02, 2015 10:21:05 PM org.apache.catalina.core.ApplicationContext log
INFO: ContextListener: contextInitialized()
Nov 02, 2015 10:21:05 PM org.apache.catalina.core.ApplicationContext log
INFO: SessionListener: contextInitialized()
Nov 02, 2015 10:21:05 PM org.apache.catalina.core.ApplicationContext log
INFO: ContextListener: contextInitialized()
Nov 02, 2015 10:21:05 PM org.apache.catalina.core.ApplicationContext log
INFO: SessionListener: contextInitialized()
Nov 02, 2015 10:24:35 PM org.apache.catalina.core.ApplicationContext log
INFO: SessionListener: contextDestroyed()
Nov 02, 2015 10:24:35 PM org.apache.catalina.core.ApplicationContext log
INFO: ContextListener: contextDestroyed()
Nov 02, 2015 10:24:35 PM org.apache.catalina.core.ApplicationContext log
INFO: SessionListener: contextDestroyed()
Nov 02, 2015 10:24:35 PM org.apache.catalina.core.ApplicationContext log
INFO: ContextListener: contextDestroyed()
Nov 02, 2015 10:24:41 PM org.apache.catalina.core.ApplicationContext log
INFO: org.apache.webapp.balancer.BalancerFilter: init(): ruleChain: [org.apache.webapp.balancer.RuleChain: [org.apache.webapp.balancer.rules.URLStringMatchRule: Target string: News / Redirect URL: http://www.cnn.com], [org.apache.webapp.balancer.rules.RequestParameterRule: Target param name: paramName / Target param value: paramValue / Redirect URL: http://www.yahoo.com], [org.apache.webapp.balancer.rules.AcceptEverythingRule: Redirect URL: http://jakarta.apache.org]]
Nov 02, 2015 10:24:41 PM org.apache.catalina.core.ApplicationContext log
INFO: ContextListener: contextInitialized()
Nov 02, 2015 10:24:41 PM org.apache.catalina.core.ApplicationContext log
INFO: SessionListener: contextInitialized()
Nov 02, 2015 10:24:41 PM org.apache.catalina.core.ApplicationContext log
INFO: ContextListener: contextInitialized()
Nov 02, 2015 10:24:41 PM org.apache.catalina.core.ApplicationContext log
INFO: SessionListener: contextInitialized()
Nov 02, 2015 10:24:46 PM org.apache.catalina.core.StandardWrapperValve invoke
SEVERE: Servlet.service() for servlet jsp threw exception
org.apache.jasper.JasperException: Unable to compile class for JSP

An error occurred at line: 49 in the jsp file: /index.jsp
Generated servlet error:
Duplicate local variable pictureDao


	at org.apache.jasper.compiler.DefaultErrorHandler.javacError(DefaultErrorHandler.java:84)
	at org.apache.jasper.compiler.ErrorDispatcher.javacError(ErrorDispatcher.java:328)
	at org.apache.jasper.compiler.JDTCompiler.generateClass(JDTCompiler.java:409)
	at org.apache.jasper.compiler.Compiler.compile(Compiler.java:297)
	at org.apache.jasper.compiler.Compiler.compile(Compiler.java:276)
	at org.apache.jasper.compiler.Compiler.compile(Compiler.java:264)
	at org.apache.jasper.JspCompilationContext.compile(JspCompilationContext.java:563)
	at org.apache.jasper.servlet.JspServletWrapper.service(JspServletWrapper.java:303)
	at org.apache.jasper.servlet.JspServlet.serviceJspFile(JspServlet.java:314)
	at org.apache.jasper.servlet.JspServlet.service(JspServlet.java:264)
	at javax.servlet.http.HttpServlet.service(HttpServlet.java:802)
	at org.apache.catalina.core.ApplicationFilterChain.internalDoFilter(ApplicationFilterChain.java:252)
	at org.apache.catalina.core.ApplicationFilterChain.doFilter(ApplicationFilterChain.java:173)
	at org.apache.catalina.core.StandardWrapperValve.invoke(StandardWrapperValve.java:213)
	at org.apache.catalina.core.StandardContextValve.invoke(StandardContextValve.java:178)
	at org.apache.catalina.authenticator.AuthenticatorBase.invoke(AuthenticatorBase.java:524)
	at org.apache.catalina.core.StandardHostValve.invoke(StandardHostValve.java:126)
	at org.apache.catalina.valves.ErrorReportValve.invoke(ErrorReportValve.java:105)
	at org.apache.catalina.core.StandardEngineValve.invoke(StandardEngineValve.java:107)
	at org.apache.catalina.connector.CoyoteAdapter.service(CoyoteAdapter.java:148)
	at org.apache.coyote.http11.Http11Processor.process(Http11Processor.java:869)
	at org.apache.coyote.http11.Http11BaseProtocol$Http11ConnectionHandler.processConnection(Http11BaseProtocol.java:667)
	at org.apache.tomcat.util.net.PoolTcpEndpoint.processSocket(PoolTcpEndpoint.java:527)
	at org.apache.tomcat.util.net.LeaderFollowerWorkerThread.runIt(LeaderFollowerWorkerThread.java:80)
	at org.apache.tomcat.util.threads.ThreadPool$ControlRunnable.run(ThreadPool.java:684)
	at java.lang.Thread.run(Thread.java:745)

Nov 02, 2015 10:46:43 PM org.apache.catalina.core.StandardWrapperValve invoke
SEVERE: Servlet.service() for servlet jsp threw exception
org.apache.jasper.JasperException: Unable to compile class for JSP

An error occurred at line: 49 in the jsp file: /index.jsp
Generated servlet error:
Duplicate local variable pictureDao


	at org.apache.jasper.compiler.DefaultErrorHandler.javacError(DefaultErrorHandler.java:84)
	at org.apache.jasper.compiler.ErrorDispatcher.javacError(ErrorDispatcher.java:328)
	at org.apache.jasper.compiler.JDTCompiler.generateClass(JDTCompiler.java:409)
	at org.apache.jasper.compiler.Compiler.compile(Compiler.java:297)
	at org.apache.jasper.compiler.Compiler.compile(Compiler.java:276)
	at org.apache.jasper.compiler.Compiler.compile(Compiler.java:264)
	at org.apache.jasper.JspCompilationContext.compile(JspCompilationContext.java:563)
	at org.apache.jasper.servlet.JspServletWrapper.service(JspServletWrapper.java:303)
	at org.apache.jasper.servlet.JspServlet.serviceJspFile(JspServlet.java:314)
	at org.apache.jasper.servlet.JspServlet.service(JspServlet.java:264)
	at javax.servlet.http.HttpServlet.service(HttpServlet.java:802)
	at org.apache.catalina.core.ApplicationFilterChain.internalDoFilter(ApplicationFilterChain.java:252)
	at org.apache.catalina.core.ApplicationFilterChain.doFilter(ApplicationFilterChain.java:173)
	at org.apache.catalina.core.StandardWrapperValve.invoke(StandardWrapperValve.java:213)
	at org.apache.catalina.core.StandardContextValve.invoke(StandardContextValve.java:178)
	at org.apache.catalina.authenticator.AuthenticatorBase.invoke(AuthenticatorBase.java:524)
	at org.apache.catalina.core.StandardHostValve.invoke(StandardHostValve.java:126)
	at org.apache.catalina.valves.ErrorReportValve.invoke(ErrorReportValve.java:105)
	at org.apache.catalina.core.StandardEngineValve.invoke(StandardEngineValve.java:107)
	at org.apache.catalina.connector.CoyoteAdapter.service(CoyoteAdapter.java:148)
	at org.apache.coyote.http11.Http11Processor.process(Http11Processor.java:869)
	at org.apache.coyote.http11.Http11BaseProtocol$Http11ConnectionHandler.processConnection(Http11BaseProtocol.java:667)
	at org.apache.tomcat.util.net.PoolTcpEndpoint.processSocket(PoolTcpEndpoint.java:527)
	at org.apache.tomcat.util.net.LeaderFollowerWorkerThread.runIt(LeaderFollowerWorkerThread.java:80)
	at org.apache.tomcat.util.threads.ThreadPool$ControlRunnable.run(ThreadPool.java:684)
	at java.lang.Thread.run(Thread.java:745)

Nov 02, 2015 10:46:49 PM org.apache.catalina.core.ApplicationContext log
INFO: SessionListener: contextDestroyed()
Nov 02, 2015 10:46:49 PM org.apache.catalina.core.ApplicationContext log
INFO: ContextListener: contextDestroyed()
Nov 02, 2015 10:46:49 PM org.apache.catalina.core.ApplicationContext log
INFO: SessionListener: contextDestroyed()
Nov 02, 2015 10:46:49 PM org.apache.catalina.core.ApplicationContext log
INFO: ContextListener: contextDestroyed()
Nov 02, 2015 10:46:53 PM org.apache.catalina.core.ApplicationContext log
INFO: org.apache.webapp.balancer.BalancerFilter: init(): ruleChain: [org.apache.webapp.balancer.RuleChain: [org.apache.webapp.balancer.rules.URLStringMatchRule: Target string: News / Redirect URL: http://www.cnn.com], [org.apache.webapp.balancer.rules.RequestParameterRule: Target param name: paramName / Target param value: paramValue / Redirect URL: http://www.yahoo.com], [org.apache.webapp.balancer.rules.AcceptEverythingRule: Redirect URL: http://jakarta.apache.org]]
Nov 02, 2015 10:46:53 PM org.apache.catalina.core.ApplicationContext log
INFO: ContextListener: contextInitialized()
Nov 02, 2015 10:46:53 PM org.apache.catalina.core.ApplicationContext log
INFO: SessionListener: contextInitialized()
Nov 02, 2015 10:46:53 PM org.apache.catalina.core.ApplicationContext log
INFO: ContextListener: contextInitialized()
Nov 02, 2015 10:46:53 PM org.apache.catalina.core.ApplicationContext log
INFO: SessionListener: contextInitialized()
Nov 02, 2015 10:49:10 PM org.apache.catalina.core.ApplicationContext log
INFO: SessionListener: contextDestroyed()
Nov 02, 2015 10:49:10 PM org.apache.catalina.core.ApplicationContext log
INFO: ContextListener: contextDestroyed()
Nov 02, 2015 10:49:10 PM org.apache.catalina.core.ApplicationContext log
INFO: SessionListener: contextDestroyed()
Nov 02, 2015 10:49:10 PM org.apache.catalina.core.ApplicationContext log
INFO: ContextListener: contextDestroyed()
Nov 02, 2015 10:49:14 PM org.apache.catalina.core.ApplicationContext log
INFO: org.apache.webapp.balancer.BalancerFilter: init(): ruleChain: [org.apache.webapp.balancer.RuleChain: [org.apache.webapp.balancer.rules.URLStringMatchRule: Target string: News / Redirect URL: http://www.cnn.com], [org.apache.webapp.balancer.rules.RequestParameterRule: Target param name: paramName / Target param value: paramValue / Redirect URL: http://www.yahoo.com], [org.apache.webapp.balancer.rules.AcceptEverythingRule: Redirect URL: http://jakarta.apache.org]]
Nov 02, 2015 10:49:14 PM org.apache.catalina.core.ApplicationContext log
INFO: ContextListener: contextInitialized()
Nov 02, 2015 10:49:14 PM org.apache.catalina.core.ApplicationContext log
INFO: SessionListener: contextInitialized()
Nov 02, 2015 10:49:14 PM org.apache.catalina.core.ApplicationContext log
INFO: ContextListener: contextInitialized()
Nov 02, 2015 10:49:14 PM org.apache.catalina.core.ApplicationContext log
INFO: SessionListener: contextInitialized()
Nov 02, 2015 10:51:10 PM org.apache.catalina.core.ApplicationContext log
INFO: SessionListener: contextDestroyed()
Nov 02, 2015 10:51:10 PM org.apache.catalina.core.ApplicationContext log
INFO: ContextListener: contextDestroyed()
Nov 02, 2015 10:51:10 PM org.apache.catalina.core.ApplicationContext log
INFO: SessionListener: contextDestroyed()
Nov 02, 2015 10:51:10 PM org.apache.catalina.core.ApplicationContext log
INFO: ContextListener: contextDestroyed()
Nov 02, 2015 10:51:14 PM org.apache.catalina.core.ApplicationContext log
INFO: org.apache.webapp.balancer.BalancerFilter: init(): ruleChain: [org.apache.webapp.balancer.RuleChain: [org.apache.webapp.balancer.rules.URLStringMatchRule: Target string: News / Redirect URL: http://www.cnn.com], [org.apache.webapp.balancer.rules.RequestParameterRule: Target param name: paramName / Target param value: paramValue / Redirect URL: http://www.yahoo.com], [org.apache.webapp.balancer.rules.AcceptEverythingRule: Redirect URL: http://jakarta.apache.org]]
Nov 02, 2015 10:51:14 PM org.apache.catalina.core.ApplicationContext log
INFO: ContextListener: contextInitialized()
Nov 02, 2015 10:51:14 PM org.apache.catalina.core.ApplicationContext log
INFO: SessionListener: contextInitialized()
Nov 02, 2015 10:51:14 PM org.apache.catalina.core.ApplicationContext log
INFO: ContextListener: contextInitialized()
Nov 02, 2015 10:51:14 PM org.apache.catalina.core.ApplicationContext log
INFO: SessionListener: contextInitialized()
Nov 02, 2015 11:21:33 PM org.apache.catalina.core.ApplicationContext log
INFO: SessionListener: contextDestroyed()
Nov 02, 2015 11:21:33 PM org.apache.catalina.core.ApplicationContext log
INFO: ContextListener: contextDestroyed()
Nov 02, 2015 11:21:33 PM org.apache.catalina.core.ApplicationContext log
INFO: SessionListener: contextDestroyed()
Nov 02, 2015 11:21:33 PM org.apache.catalina.core.ApplicationContext log
INFO: ContextListener: contextDestroyed()
Nov 02, 2015 11:21:38 PM org.apache.catalina.core.ApplicationContext log
INFO: org.apache.webapp.balancer.BalancerFilter: init(): ruleChain: [org.apache.webapp.balancer.RuleChain: [org.apache.webapp.balancer.rules.URLStringMatchRule: Target string: News / Redirect URL: http://www.cnn.com], [org.apache.webapp.balancer.rules.RequestParameterRule: Target param name: paramName / Target param value: paramValue / Redirect URL: http://www.yahoo.com], [org.apache.webapp.balancer.rules.AcceptEverythingRule: Redirect URL: http://jakarta.apache.org]]
Nov 02, 2015 11:21:38 PM org.apache.catalina.core.ApplicationContext log
INFO: ContextListener: contextInitialized()
Nov 02, 2015 11:21:38 PM org.apache.catalina.core.ApplicationContext log
INFO: SessionListener: contextInitialized()
Nov 02, 2015 11:21:38 PM org.apache.catalina.core.ApplicationContext log
INFO: ContextListener: contextInitialized()
Nov 02, 2015 11:21:38 PM org.apache.catalina.core.ApplicationContext log
INFO: SessionListener: contextInitialized()
Nov 02, 2015 11:51:59 PM org.apache.catalina.core.ApplicationContext log
INFO: SessionListener: contextDestroyed()
Nov 02, 2015 11:51:59 PM org.apache.catalina.core.ApplicationContext log
INFO: ContextListener: contextDestroyed()
Nov 02, 2015 11:51:59 PM org.apache.catalina.core.ApplicationContext log
INFO: SessionListener: contextDestroyed()
Nov 02, 2015 11:51:59 PM org.apache.catalina.core.ApplicationContext log
INFO: ContextListener: contextDestroyed()
Nov 02, 2015 11:52:03 PM org.apache.catalina.core.ApplicationContext log
INFO: org.apache.webapp.balancer.BalancerFilter: init(): ruleChain: [org.apache.webapp.balancer.RuleChain: [org.apache.webapp.balancer.rules.URLStringMatchRule: Target string: News / Redirect URL: http://www.cnn.com], [org.apache.webapp.balancer.rules.RequestParameterRule: Target param name: paramName / Target param value: paramValue / Redirect URL: http://www.yahoo.com], [org.apache.webapp.balancer.rules.AcceptEverythingRule: Redirect URL: http://jakarta.apache.org]]
Nov 02, 2015 11:52:03 PM org.apache.catalina.core.ApplicationContext log
INFO: ContextListener: contextInitialized()
Nov 02, 2015 11:52:03 PM org.apache.catalina.core.ApplicationContext log
INFO: SessionListener: contextInitialized()
Nov 02, 2015 11:52:03 PM org.apache.catalina.core.ApplicationContext log
INFO: ContextListener: contextInitialized()
Nov 02, 2015 11:52:03 PM org.apache.catalina.core.ApplicationContext log
INFO: SessionListener: contextInitialized()
Nov 02, 2015 11:53:52 PM org.apache.catalina.core.ApplicationContext log
INFO: SessionListener: contextDestroyed()
Nov 02, 2015 11:53:52 PM org.apache.catalina.core.ApplicationContext log
INFO: ContextListener: contextDestroyed()
Nov 02, 2015 11:53:52 PM org.apache.catalina.core.ApplicationContext log
INFO: SessionListener: contextDestroyed()
Nov 02, 2015 11:53:52 PM org.apache.catalina.core.ApplicationContext log
INFO: ContextListener: contextDestroyed()
Nov 02, 2015 11:53:57 PM org.apache.catalina.core.ApplicationContext log
INFO: org.apache.webapp.balancer.BalancerFilter: init(): ruleChain: [org.apache.webapp.balancer.RuleChain: [org.apache.webapp.balancer.rules.URLStringMatchRule: Target string: News / Redirect URL: http://www.cnn.com], [org.apache.webapp.balancer.rules.RequestParameterRule: Target param name: paramName / Target param value: paramValue / Redirect URL: http://www.yahoo.com], [org.apache.webapp.balancer.rules.AcceptEverythingRule: Redirect URL: http://jakarta.apache.org]]
Nov 02, 2015 11:53:57 PM org.apache.catalina.core.ApplicationContext log
INFO: ContextListener: contextInitialized()
Nov 02, 2015 11:53:57 PM org.apache.catalina.core.ApplicationContext log
INFO: SessionListener: contextInitialized()
Nov 02, 2015 11:53:57 PM org.apache.catalina.core.ApplicationContext log
INFO: ContextListener: contextInitialized()
Nov 02, 2015 11:53:57 PM org.apache.catalina.core.ApplicationContext log
INFO: SessionListener: contextInitialized()
Nov 02, 2015 11:54:10 PM org.apache.catalina.core.StandardWrapperValve invoke
SEVERE: Servlet.service() for servlet jsp threw exception
org.apache.jasper.JasperException: Unable to compile class for JSP

An error occurred at line: 56 in the jsp file: /index.jsp
Generated servlet error:
AlbumDao cannot be resolved to a type

An error occurred at line: 56 in the jsp file: /index.jsp
Generated servlet error:
AlbumDao cannot be resolved to a type

An error occurred at line: 56 in the jsp file: /index.jsp
Generated servlet error:
Album cannot be resolved to a type

An error occurred at line: 56 in the jsp file: /index.jsp
Generated servlet error:
newAlbumBean cannot be resolved

An error occurred at line: 56 in the jsp file: /index.jsp
Generated servlet error:
AlbumDao cannot be resolved

An error occurred at line: 56 in the jsp file: /index.jsp
Generated servlet error:
AlbumCreateException cannot be resolved to a type

An error occurred at line: 56 in the jsp file: /index.jsp
Generated servlet error:
e cannot be resolved


	at org.apache.jasper.compiler.DefaultErrorHandler.javacError(DefaultErrorHandler.java:84)
	at org.apache.jasper.compiler.ErrorDispatcher.javacError(ErrorDispatcher.java:328)
	at org.apache.jasper.compiler.JDTCompiler.generateClass(JDTCompiler.java:409)
	at org.apache.jasper.compiler.Compiler.compile(Compiler.java:297)
	at org.apache.jasper.compiler.Compiler.compile(Compiler.java:276)
	at org.apache.jasper.compiler.Compiler.compile(Compiler.java:264)
	at org.apache.jasper.JspCompilationContext.compile(JspCompilationContext.java:563)
	at org.apache.jasper.servlet.JspServletWrapper.service(JspServletWrapper.java:303)
	at org.apache.jasper.servlet.JspServlet.serviceJspFile(JspServlet.java:314)
	at org.apache.jasper.servlet.JspServlet.service(JspServlet.java:264)
	at javax.servlet.http.HttpServlet.service(HttpServlet.java:802)
	at org.apache.catalina.core.ApplicationFilterChain.internalDoFilter(ApplicationFilterChain.java:252)
	at org.apache.catalina.core.ApplicationFilterChain.doFilter(ApplicationFilterChain.java:173)
	at org.apache.catalina.core.StandardWrapperValve.invoke(StandardWrapperValve.java:213)
	at org.apache.catalina.core.StandardContextValve.invoke(StandardContextValve.java:178)
	at org.apache.catalina.authenticator.AuthenticatorBase.invoke(AuthenticatorBase.java:524)
	at org.apache.catalina.core.StandardHostValve.invoke(StandardHostValve.java:126)
	at org.apache.catalina.valves.ErrorReportValve.invoke(ErrorReportValve.java:105)
	at org.apache.catalina.core.StandardEngineValve.invoke(StandardEngineValve.java:107)
	at org.apache.catalina.connector.CoyoteAdapter.service(CoyoteAdapter.java:148)
	at org.apache.coyote.http11.Http11Processor.process(Http11Processor.java:869)
	at org.apache.coyote.http11.Http11BaseProtocol$Http11ConnectionHandler.processConnection(Http11BaseProtocol.java:667)
	at org.apache.tomcat.util.net.PoolTcpEndpoint.processSocket(PoolTcpEndpoint.java:527)
	at org.apache.tomcat.util.net.LeaderFollowerWorkerThread.runIt(LeaderFollowerWorkerThread.java:80)
	at org.apache.tomcat.util.threads.ThreadPool$ControlRunnable.run(ThreadPool.java:684)
	at java.lang.Thread.run(Thread.java:745)

Nov 02, 2015 11:58:03 PM org.apache.catalina.core.ApplicationContext log
INFO: SessionListener: contextDestroyed()
Nov 02, 2015 11:58:03 PM org.apache.catalina.core.ApplicationContext log
INFO: ContextListener: contextDestroyed()
Nov 02, 2015 11:58:03 PM org.apache.catalina.core.ApplicationContext log
INFO: SessionListener: contextDestroyed()
Nov 02, 2015 11:58:03 PM org.apache.catalina.core.ApplicationContext log
INFO: ContextListener: contextDestroyed()
Nov 02, 2015 11:58:07 PM org.apache.catalina.core.ApplicationContext log
INFO: org.apache.webapp.balancer.BalancerFilter: init(): ruleChain: [org.apache.webapp.balancer.RuleChain: [org.apache.webapp.balancer.rules.URLStringMatchRule: Target string: News / Redirect URL: http://www.cnn.com], [org.apache.webapp.balancer.rules.RequestParameterRule: Target param name: paramName / Target param value: paramValue / Redirect URL: http://www.yahoo.com], [org.apache.webapp.balancer.rules.AcceptEverythingRule: Redirect URL: http://jakarta.apache.org]]
Nov 02, 2015 11:58:07 PM org.apache.catalina.core.ApplicationContext log
INFO: ContextListener: contextInitialized()
Nov 02, 2015 11:58:07 PM org.apache.catalina.core.ApplicationContext log
INFO: SessionListener: contextInitialized()
Nov 02, 2015 11:58:07 PM org.apache.catalina.core.ApplicationContext log
INFO: ContextListener: contextInitialized()
Nov 02, 2015 11:58:07 PM org.apache.catalina.core.ApplicationContext log
INFO: SessionListener: contextInitialized()
Nov 02, 2015 11:58:39 PM org.apache.catalina.core.ApplicationContext log
INFO: SessionListener: contextDestroyed()
Nov 02, 2015 11:58:39 PM org.apache.catalina.core.ApplicationContext log
INFO: ContextListener: contextDestroyed()
Nov 02, 2015 11:58:39 PM org.apache.catalina.core.ApplicationContext log
INFO: SessionListener: contextDestroyed()
Nov 02, 2015 11:58:39 PM org.apache.catalina.core.ApplicationContext log
INFO: ContextListener: contextDestroyed()
Nov 02, 2015 11:58:44 PM org.apache.catalina.core.ApplicationContext log
INFO: org.apache.webapp.balancer.BalancerFilter: init(): ruleChain: [org.apache.webapp.balancer.RuleChain: [org.apache.webapp.balancer.rules.URLStringMatchRule: Target string: News / Redirect URL: http://www.cnn.com], [org.apache.webapp.balancer.rules.RequestParameterRule: Target param name: paramName / Target param value: paramValue / Redirect URL: http://www.yahoo.com], [org.apache.webapp.balancer.rules.AcceptEverythingRule: Redirect URL: http://jakarta.apache.org]]
Nov 02, 2015 11:58:44 PM org.apache.catalina.core.ApplicationContext log
INFO: ContextListener: contextInitialized()
Nov 02, 2015 11:58:44 PM org.apache.catalina.core.ApplicationContext log
INFO: SessionListener: contextInitialized()
Nov 02, 2015 11:58:44 PM org.apache.catalina.core.ApplicationContext log
INFO: ContextListener: contextInitialized()
Nov 02, 2015 11:58:44 PM org.apache.catalina.core.ApplicationContext log
INFO: SessionListener: contextInitialized()
